<?xml version="1.0" encoding="UTF-8"?>
<coverage generated="1781688465492" clover="3.2.0">
  <project timestamp="1781688465493" name="All files">
    <metrics statements="219" coveredstatements="156" conditionals="202" coveredconditionals="104" methods="66" coveredmethods="49" elements="487" coveredelements="309" complexity="0" loc="219" ncloc="219" packages="1" files="1" classes="1"/>
    <file name="store.js" path="/home/bayi-ryan/Bureau/bank-api/src/store.js">
      <metrics statements="219" coveredstatements="156" conditionals="202" coveredconditionals="104" methods="66" coveredmethods="49"/>
      <line num="1" count="8" type="stmt"/>
      <line num="2" count="8" type="stmt"/>
      <line num="3" count="8" type="stmt"/>
      <line num="5" count="8" type="stmt"/>
      <line num="6" count="8" type="cond" truecount="2" falsecount="0"/>
      <line num="7" count="8" type="stmt"/>
      <line num="8" count="8" type="stmt"/>
      <line num="10" count="8" type="cond" truecount="1" falsecount="1"/>
      <line num="11" count="8" type="cond" truecount="1" falsecount="1"/>
      <line num="15" count="1" type="stmt"/>
      <line num="16" count="1" type="stmt"/>
      <line num="17" count="1" type="stmt"/>
      <line num="23" count="1" type="stmt"/>
      <line num="24" count="1" type="stmt"/>
      <line num="25" count="1" type="stmt"/>
      <line num="26" count="1" type="stmt"/>
      <line num="32" count="1" type="stmt"/>
      <line num="33" count="1" type="stmt"/>
      <line num="34" count="1" type="stmt"/>
      <line num="38" count="8" type="stmt"/>
      <line num="39" count="8" type="stmt"/>
      <line num="42" count="8" type="stmt"/>
      <line num="43" count="8" type="cond" truecount="1" falsecount="1"/>
      <line num="44" count="8" type="stmt"/>
      <line num="46" count="0" type="stmt"/>
      <line num="47" count="0" type="cond" truecount="0" falsecount="2"/>
      <line num="48" count="0" type="stmt"/>
      <line num="53" count="8" type="stmt"/>
      <line num="54" count="8" type="stmt"/>
      <line num="55" count="8" type="stmt"/>
      <line num="56" count="8" type="stmt"/>
      <line num="57" count="8" type="stmt"/>
      <line num="59" count="8" type="stmt"/>
      <line num="61" count="8" type="stmt"/>
      <line num="62" count="8" type="stmt"/>
      <line num="63" count="8" type="stmt"/>
      <line num="65" count="0" type="stmt"/>
      <line num="68" count="0" type="stmt"/>
      <line num="72" count="8" type="stmt"/>
      <line num="73" count="8" type="stmt"/>
      <line num="74" count="8" type="cond" truecount="1" falsecount="1"/>
      <line num="75" count="8" type="stmt"/>
      <line num="79" count="8" type="stmt"/>
      <line num="85" count="8" type="stmt"/>
      <line num="86" count="0" type="cond" truecount="0" falsecount="2"/>
      <line num="87" count="0" type="cond" truecount="0" falsecount="2"/>
      <line num="88" count="0" type="stmt"/>
      <line num="98" count="0" type="stmt"/>
      <line num="99" count="0" type="stmt"/>
      <line num="101" count="0" type="cond" truecount="0" falsecount="2"/>
      <line num="102" count="0" type="cond" truecount="0" falsecount="2"/>
      <line num="103" count="0" type="cond" truecount="0" falsecount="2"/>
      <line num="104" count="0" type="cond" truecount="0" falsecount="3"/>
      <line num="107" count="8" type="stmt"/>
      <line num="111" count="24" type="stmt"/>
      <line num="112" count="24" type="stmt"/>
      <line num="114" count="0" type="stmt"/>
      <line num="116" count="24" type="stmt"/>
      <line num="120" count="14" type="cond" truecount="3" falsecount="1"/>
      <line num="121" count="14" type="stmt"/>
      <line num="122" count="14" type="cond" truecount="1" falsecount="1"/>
      <line num="124" count="14" type="cond" truecount="1" falsecount="0"/>
      <line num="125" count="14" type="stmt"/>
      <line num="126" count="14" type="cond" truecount="1" falsecount="1"/>
      <line num="127" count="14" type="cond" truecount="3" falsecount="3"/>
      <line num="128" count="14" type="stmt"/>
      <line num="132" count="44" type="cond" truecount="2" falsecount="0"/>
      <line num="136" count="87" type="cond" truecount="2" falsecount="0"/>
      <line num="140" count="28" type="stmt"/>
      <line num="141" count="28" type="cond" truecount="1" falsecount="1"/>
      <line num="142" count="28" type="stmt"/>
      <line num="146" count="10" type="stmt"/>
      <line num="147" count="10" type="cond" truecount="2" falsecount="2"/>
      <line num="148" count="10" type="stmt"/>
      <line num="152" count="9" type="stmt"/>
      <line num="156" count="10" type="stmt"/>
      <line num="157" count="10" type="stmt"/>
      <line num="174" count="14" type="stmt"/>
      <line num="186" count="6" type="cond" truecount="2" falsecount="0"/>
      <line num="193" count="23" type="stmt"/>
      <line num="194" count="19" type="stmt"/>
      <line num="210" count="12" type="stmt"/>
      <line num="229" count="3" type="stmt"/>
      <line num="230" count="3" type="stmt"/>
      <line num="231" count="3" type="stmt"/>
      <line num="241" count="16" type="stmt"/>
      <line num="245" count="15" type="stmt"/>
      <line num="246" count="15" type="cond" truecount="2" falsecount="0"/>
      <line num="247" count="14" type="stmt"/>
      <line num="251" count="10" type="stmt"/>
      <line num="255" count="9" type="stmt"/>
      <line num="256" count="9" type="cond" truecount="1" falsecount="1"/>
      <line num="257" count="9" type="stmt"/>
      <line num="261" count="6" type="cond" truecount="1" falsecount="1"/>
      <line num="265" count="13" type="stmt"/>
      <line num="281" count="13" type="stmt"/>
      <line num="282" count="13" type="stmt"/>
      <line num="286" count="10" type="stmt"/>
      <line num="287" count="10" type="stmt"/>
      <line num="288" count="10" type="stmt"/>
      <line num="289" count="10" type="stmt"/>
      <line num="293" count="0" type="stmt"/>
      <line num="294" count="0" type="cond" truecount="0" falsecount="2"/>
      <line num="295" count="0" type="cond" truecount="0" falsecount="2"/>
      <line num="296" count="0" type="cond" truecount="0" falsecount="2"/>
      <line num="297" count="0" type="cond" truecount="0" falsecount="2"/>
      <line num="298" count="0" type="cond" truecount="0" falsecount="2"/>
      <line num="299" count="0" type="cond" truecount="0" falsecount="2"/>
      <line num="300" count="0" type="cond" truecount="0" falsecount="2"/>
      <line num="301" count="0" type="cond" truecount="0" falsecount="2"/>
      <line num="302" count="0" type="cond" truecount="0" falsecount="2"/>
      <line num="303" count="0" type="stmt"/>
      <line num="305" count="0" type="stmt"/>
      <line num="306" count="0" type="stmt"/>
      <line num="307" count="0" type="stmt"/>
      <line num="311" count="0" type="stmt"/>
      <line num="312" count="0" type="stmt"/>
      <line num="313" count="0" type="cond" truecount="0" falsecount="2"/>
      <line num="315" count="0" type="cond" truecount="0" falsecount="2"/>
      <line num="316" count="0" type="stmt"/>
      <line num="321" count="0" type="stmt"/>
      <line num="326" count="1" type="stmt"/>
      <line num="327" count="1" type="stmt"/>
      <line num="328" count="1" type="stmt"/>
      <line num="329" count="1" type="stmt"/>
      <line num="330" count="1" type="stmt"/>
      <line num="334" count="1" type="stmt"/>
      <line num="335" count="1" type="cond" truecount="0" falsecount="2"/>
      <line num="336" count="1" type="cond" truecount="1" falsecount="1"/>
      <line num="337" count="1" type="stmt"/>
      <line num="338" count="1" type="stmt"/>
      <line num="339" count="1" type="stmt"/>
      <line num="340" count="1" type="stmt"/>
      <line num="344" count="9" type="stmt"/>
      <line num="346" count="9" type="cond" truecount="1" falsecount="1"/>
      <line num="347" count="0" type="stmt"/>
      <line num="349" count="9" type="stmt"/>
      <line num="359" count="9" type="stmt"/>
      <line num="362" count="9" type="cond" truecount="1" falsecount="1"/>
      <line num="364" count="9" type="cond" truecount="1" falsecount="1"/>
      <line num="365" count="9" type="cond" truecount="1" falsecount="1"/>
      <line num="366" count="0" type="stmt"/>
      <line num="369" count="9" type="cond" truecount="1" falsecount="1"/>
      <line num="370" count="9" type="cond" truecount="2" falsecount="0"/>
      <line num="371" count="9" type="stmt"/>
      <line num="372" count="9" type="stmt"/>
      <line num="383" count="9" type="stmt"/>
      <line num="385" count="9" type="cond" truecount="1" falsecount="1"/>
      <line num="386" count="9" type="stmt"/>
      <line num="395" count="9" type="stmt"/>
      <line num="396" count="9" type="stmt"/>
      <line num="400" count="0" type="stmt"/>
      <line num="401" count="0" type="cond" truecount="0" falsecount="2"/>
      <line num="402" count="0" type="cond" truecount="0" falsecount="2"/>
      <line num="403" count="0" type="stmt"/>
      <line num="404" count="0" type="stmt"/>
      <line num="405" count="0" type="stmt"/>
      <line num="406" count="0" type="stmt"/>
      <line num="410" count="0" type="stmt"/>
      <line num="411" count="0" type="cond" truecount="0" falsecount="2"/>
      <line num="412" count="0" type="stmt"/>
      <line num="413" count="0" type="cond" truecount="0" falsecount="2"/>
      <line num="414" count="0" type="stmt"/>
      <line num="418" count="2" type="cond" truecount="1" falsecount="1"/>
      <line num="419" count="2" type="stmt"/>
      <line num="420" count="3" type="cond" truecount="1" falsecount="1"/>
      <line num="421" count="3" type="cond" truecount="2" falsecount="0"/>
      <line num="422" count="1" type="stmt"/>
      <line num="427" count="2" type="cond" truecount="1" falsecount="1"/>
      <line num="428" count="2" type="stmt"/>
      <line num="429" count="2" type="cond" truecount="5" falsecount="0"/>
      <line num="430" count="2" type="stmt"/>
      <line num="431" count="5" type="cond" truecount="1" falsecount="2"/>
      <line num="433" count="6" type="stmt"/>
      <line num="439" count="2" type="stmt"/>
      <line num="440" count="2" type="cond" truecount="2" falsecount="0"/>
      <line num="441" count="1" type="stmt"/>
      <line num="442" count="2" type="stmt"/>
      <line num="443" count="2" type="stmt"/>
      <line num="452" count="0" type="stmt"/>
      <line num="453" count="0" type="stmt"/>
      <line num="454" count="0" type="stmt"/>
      <line num="455" count="0" type="stmt"/>
      <line num="456" count="0" type="stmt"/>
      <line num="463" count="0" type="stmt"/>
      <line num="464" count="0" type="stmt"/>
      <line num="468" count="1" type="stmt"/>
      <line num="469" count="1" type="stmt"/>
      <line num="470" count="1" type="stmt"/>
      <line num="471" count="1" type="cond" truecount="1" falsecount="1"/>
      <line num="472" count="0" type="stmt"/>
      <line num="473" count="0" type="stmt"/>
      <line num="480" count="0" type="stmt"/>
      <line num="481" count="0" type="stmt"/>
      <line num="485" count="4" type="stmt"/>
      <line num="486" count="4" type="cond" truecount="2" falsecount="0"/>
      <line num="487" count="4" type="stmt"/>
      <line num="488" count="4" type="stmt"/>
      <line num="489" count="4" type="stmt"/>
      <line num="490" count="4" type="cond" truecount="1" falsecount="1"/>
      <line num="492" count="4" type="cond" truecount="2" falsecount="0"/>
      <line num="493" count="4" type="stmt"/>
      <line num="495" count="4" type="cond" truecount="2" falsecount="0"/>
      <line num="496" count="2" type="stmt"/>
      <line num="497" count="2" type="cond" truecount="2" falsecount="0"/>
      <line num="498" count="1" type="stmt"/>
      <line num="499" count="1" type="stmt"/>
      <line num="500" count="1" type="stmt"/>
      <line num="501" count="1" type="stmt"/>
      <line num="510" count="1" type="stmt"/>
      <line num="519" count="1" type="stmt"/>
      <line num="520" count="1" type="stmt"/>
      <line num="528" count="2" type="stmt"/>
      <line num="540" count="4" type="stmt"/>
      <line num="541" count="2" type="stmt"/>
      <line num="549" count="0" type="cond" truecount="0" falsecount="2"/>
      <line num="550" count="0" type="cond" truecount="0" falsecount="2"/>
      <line num="551" count="0" type="stmt"/>
      <line num="554" count="8" type="stmt"/>
    </file>
  </project>
</coverage>
