{"/home/bayi-ryan/Bureau/bank-api/src/store.js": {"path":"/home/bayi-ryan/Bureau/bank-api/src/store.js","statementMap":{"0":{"start":{"line":1,"column":11},"end":{"line":1,"column":33}},"1":{"start":{"line":2,"column":13},"end":{"line":2,"column":28}},"2":{"start":{"line":3,"column":23},"end":{"line":3,"column":40}},"3":{"start":{"line":5,"column":25},"end":{"line":5,"column":57}},"4":{"start":{"line":6,"column":26},"end":{"line":6,"column":94}},"5":{"start":{"line":7,"column":22},"end":{"line":7,"column":74}},"6":{"start":{"line":8,"column":23},"end":{"line":8,"column":80}},"7":{"start":{"line":10,"column":14},"end":{"line":10,"column":90}},"8":{"start":{"line":11,"column":13},"end":{"line":11,"column":100}},"9":{"start":{"line":15,"column":4},"end":{"line":15,"column":null}},"10":{"start":{"line":16,"column":4},"end":{"line":16,"column":null}},"11":{"start":{"line":17,"column":4},"end":{"line":17,"column":null}},"12":{"start":{"line":23,"column":4},"end":{"line":23,"column":null}},"13":{"start":{"line":24,"column":4},"end":{"line":24,"column":null}},"14":{"start":{"line":25,"column":4},"end":{"line":25,"column":null}},"15":{"start":{"line":26,"column":4},"end":{"line":26,"column":null}},"16":{"start":{"line":32,"column":4},"end":{"line":32,"column":null}},"17":{"start":{"line":33,"column":4},"end":{"line":33,"column":null}},"18":{"start":{"line":34,"column":4},"end":{"line":34,"column":null}},"19":{"start":{"line":38,"column":9},"end":{"line":38,"column":56}},"20":{"start":{"line":39,"column":16},"end":{"line":39,"column":33}},"21":{"start":{"line":42,"column":19},"end":{"line":42,"column":21}},"22":{"start":{"line":43,"column":2},"end":{"line":50,"column":null}},"23":{"start":{"line":44,"column":4},"end":{"line":44,"column":null}},"24":{"start":{"line":46,"column":4},"end":{"line":46,"column":null}},"25":{"start":{"line":47,"column":4},"end":{"line":49,"column":null}},"26":{"start":{"line":48,"column":6},"end":{"line":48,"column":null}},"27":{"start":{"line":53,"column":2},"end":{"line":67,"column":null}},"28":{"start":{"line":54,"column":4},"end":{"line":66,"column":null}},"29":{"start":{"line":55,"column":6},"end":{"line":55,"column":null}},"30":{"start":{"line":56,"column":6},"end":{"line":60,"column":null}},"31":{"start":{"line":57,"column":8},"end":{"line":57,"column":null}},"32":{"start":{"line":59,"column":8},"end":{"line":59,"column":null}},"33":{"start":{"line":61,"column":6},"end":{"line":61,"column":null}},"34":{"start":{"line":62,"column":6},"end":{"line":62,"column":null}},"35":{"start":{"line":63,"column":6},"end":{"line":63,"column":null}},"36":{"start":{"line":65,"column":6},"end":{"line":65,"column":null}},"37":{"start":{"line":68,"column":2},"end":{"line":68,"column":null}},"38":{"start":{"line":72,"column":2},"end":{"line":72,"column":null}},"39":{"start":{"line":73,"column":14},"end":{"line":73,"column":47}},"40":{"start":{"line":74,"column":17},"end":{"line":74,"column":40}},"41":{"start":{"line":75,"column":2},"end":{"line":75,"column":null}},"42":{"start":{"line":79,"column":15},"end":{"line":83,"column":3}},"43":{"start":{"line":85,"column":2},"end":{"line":105,"column":null}},"44":{"start":{"line":86,"column":4},"end":{"line":100,"column":null}},"45":{"start":{"line":87,"column":25},"end":{"line":87,"column":80}},"46":{"start":{"line":88,"column":21},"end":{"line":97,"column":8}},"47":{"start":{"line":98,"column":6},"end":{"line":98,"column":null}},"48":{"start":{"line":99,"column":6},"end":{"line":99,"column":null}},"49":{"start":{"line":101,"column":4},"end":{"line":101,"column":null}},"50":{"start":{"line":102,"column":4},"end":{"line":102,"column":null}},"51":{"start":{"line":103,"column":4},"end":{"line":103,"column":null}},"52":{"start":{"line":104,"column":4},"end":{"line":104,"column":null}},"53":{"start":{"line":107,"column":2},"end":{"line":107,"column":null}},"54":{"start":{"line":111,"column":2},"end":{"line":115,"column":null}},"55":{"start":{"line":112,"column":16},"end":{"line":112,"column":73}},"56":{"start":{"line":114,"column":6},"end":{"line":114,"column":null}},"57":{"start":{"line":116,"column":2},"end":{"line":116,"column":null}},"58":{"start":{"line":120,"column":2},"end":{"line":120,"column":null}},"59":{"start":{"line":120,"column":45},"end":{"line":120,"column":null}},"60":{"start":{"line":121,"column":14},"end":{"line":121,"column":52}},"61":{"start":{"line":122,"column":2},"end":{"line":122,"column":null}},"62":{"start":{"line":122,"column":39},"end":{"line":122,"column":null}},"63":{"start":{"line":124,"column":34},"end":{"line":124,"column":48}},"64":{"start":{"line":125,"column":16},"end":{"line":125,"column":76}},"65":{"start":{"line":126,"column":2},"end":{"line":126,"column":null}},"66":{"start":{"line":126,"column":36},"end":{"line":126,"column":null}},"67":{"start":{"line":127,"column":2},"end":{"line":127,"column":null}},"68":{"start":{"line":127,"column":42},"end":{"line":127,"column":null}},"69":{"start":{"line":128,"column":2},"end":{"line":128,"column":null}},"70":{"start":{"line":132,"column":2},"end":{"line":132,"column":null}},"71":{"start":{"line":136,"column":2},"end":{"line":136,"column":null}},"72":{"start":{"line":140,"column":18},"end":{"line":140,"column":41}},"73":{"start":{"line":141,"column":2},"end":{"line":141,"column":null}},"74":{"start":{"line":141,"column":16},"end":{"line":141,"column":null}},"75":{"start":{"line":142,"column":2},"end":{"line":142,"column":null}},"76":{"start":{"line":146,"column":18},"end":{"line":146,"column":41}},"77":{"start":{"line":147,"column":2},"end":{"line":147,"column":null}},"78":{"start":{"line":147,"column":63},"end":{"line":147,"column":null}},"79":{"start":{"line":148,"column":2},"end":{"line":148,"column":null}},"80":{"start":{"line":152,"column":2},"end":{"line":152,"column":null}},"81":{"start":{"line":156,"column":14},"end":{"line":156,"column":38}},"82":{"start":{"line":157,"column":2},"end":{"line":170,"column":null}},"83":{"start":{"line":174,"column":2},"end":{"line":189,"column":null}},"84":{"start":{"line":186,"column":50},"end":{"line":186,"column":111}},"85":{"start":{"line":193,"column":17},"end":{"line":193,"column":72}},"86":{"start":{"line":193,"column":43},"end":{"line":193,"column":71}},"87":{"start":{"line":194,"column":2},"end":{"line":206,"column":null}},"88":{"start":{"line":210,"column":2},"end":{"line":225,"column":null}},"89":{"start":{"line":229,"column":18},"end":{"line":229,"column":55}},"90":{"start":{"line":230,"column":17},"end":{"line":230,"column":48}},"91":{"start":{"line":231,"column":2},"end":{"line":237,"column":null}},"92":{"start":{"line":241,"column":2},"end":{"line":241,"column":null}},"93":{"start":{"line":241,"column":42},"end":{"line":241,"column":58}},"94":{"start":{"line":245,"column":14},"end":{"line":245,"column":37}},"95":{"start":{"line":246,"column":2},"end":{"line":246,"column":null}},"96":{"start":{"line":246,"column":18},"end":{"line":246,"column":null}},"97":{"start":{"line":247,"column":2},"end":{"line":247,"column":null}},"98":{"start":{"line":251,"column":2},"end":{"line":251,"column":null}},"99":{"start":{"line":251,"column":44},"end":{"line":251,"column":61}},"100":{"start":{"line":255,"column":14},"end":{"line":255,"column":38}},"101":{"start":{"line":256,"column":2},"end":{"line":256,"column":null}},"102":{"start":{"line":256,"column":18},"end":{"line":256,"column":null}},"103":{"start":{"line":257,"column":2},"end":{"line":257,"column":null}},"104":{"start":{"line":261,"column":2},"end":{"line":261,"column":null}},"105":{"start":{"line":261,"column":35},"end":{"line":261,"column":null}},"106":{"start":{"line":265,"column":13},"end":{"line":280,"column":3}},"107":{"start":{"line":281,"column":2},"end":{"line":281,"column":null}},"108":{"start":{"line":282,"column":2},"end":{"line":282,"column":null}},"109":{"start":{"line":286,"column":17},"end":{"line":286,"column":44}},"110":{"start":{"line":287,"column":2},"end":{"line":287,"column":null}},"111":{"start":{"line":288,"column":2},"end":{"line":288,"column":null}},"112":{"start":{"line":289,"column":2},"end":{"line":289,"column":null}},"113":{"start":{"line":293,"column":17},"end":{"line":293,"column":34}},"114":{"start":{"line":294,"column":2},"end":{"line":294,"column":null}},"115":{"start":{"line":294,"column":39},"end":{"line":294,"column":null}},"116":{"start":{"line":295,"column":2},"end":{"line":295,"column":null}},"117":{"start":{"line":295,"column":38},"end":{"line":295,"column":null}},"118":{"start":{"line":296,"column":2},"end":{"line":296,"column":null}},"119":{"start":{"line":296,"column":37},"end":{"line":296,"column":null}},"120":{"start":{"line":297,"column":2},"end":{"line":297,"column":null}},"121":{"start":{"line":297,"column":35},"end":{"line":297,"column":null}},"122":{"start":{"line":298,"column":2},"end":{"line":298,"column":null}},"123":{"start":{"line":298,"column":35},"end":{"line":298,"column":null}},"124":{"start":{"line":299,"column":2},"end":{"line":299,"column":null}},"125":{"start":{"line":299,"column":44},"end":{"line":299,"column":null}},"126":{"start":{"line":300,"column":2},"end":{"line":300,"column":null}},"127":{"start":{"line":300,"column":35},"end":{"line":300,"column":null}},"128":{"start":{"line":301,"column":2},"end":{"line":304,"column":null}},"129":{"start":{"line":302,"column":4},"end":{"line":302,"column":null}},"130":{"start":{"line":302,"column":74},"end":{"line":302,"column":null}},"131":{"start":{"line":303,"column":4},"end":{"line":303,"column":null}},"132":{"start":{"line":305,"column":2},"end":{"line":305,"column":null}},"133":{"start":{"line":306,"column":2},"end":{"line":306,"column":null}},"134":{"start":{"line":307,"column":2},"end":{"line":307,"column":null}},"135":{"start":{"line":311,"column":15},"end":{"line":311,"column":48}},"136":{"start":{"line":312,"column":2},"end":{"line":322,"column":null}},"137":{"start":{"line":313,"column":24},"end":{"line":313,"column":59}},"138":{"start":{"line":315,"column":6},"end":{"line":315,"column":null}},"139":{"start":{"line":315,"column":17},"end":{"line":315,"column":null}},"140":{"start":{"line":316,"column":6},"end":{"line":319,"column":null}},"141":{"start":{"line":321,"column":20},"end":{"line":321,"column":74}},"142":{"start":{"line":326,"column":17},"end":{"line":326,"column":34}},"143":{"start":{"line":327,"column":2},"end":{"line":327,"column":null}},"144":{"start":{"line":328,"column":2},"end":{"line":328,"column":null}},"145":{"start":{"line":329,"column":2},"end":{"line":329,"column":null}},"146":{"start":{"line":330,"column":2},"end":{"line":330,"column":null}},"147":{"start":{"line":334,"column":2},"end":{"line":334,"column":null}},"148":{"start":{"line":335,"column":25},"end":{"line":335,"column":112}},"149":{"start":{"line":335,"column":57},"end":{"line":335,"column":111}},"150":{"start":{"line":336,"column":2},"end":{"line":336,"column":null}},"151":{"start":{"line":336,"column":33},"end":{"line":336,"column":null}},"152":{"start":{"line":337,"column":2},"end":{"line":337,"column":null}},"153":{"start":{"line":337,"column":45},"end":{"line":337,"column":61}},"154":{"start":{"line":338,"column":2},"end":{"line":338,"column":null}},"155":{"start":{"line":338,"column":48},"end":{"line":338,"column":71}},"156":{"start":{"line":339,"column":2},"end":{"line":339,"column":null}},"157":{"start":{"line":339,"column":51},"end":{"line":339,"column":109}},"158":{"start":{"line":339,"column":81},"end":{"line":339,"column":108}},"159":{"start":{"line":340,"column":2},"end":{"line":340,"column":null}},"160":{"start":{"line":344,"column":19},"end":{"line":344,"column":48}},"161":{"start":{"line":346,"column":2},"end":{"line":360,"column":null}},"162":{"start":{"line":347,"column":4},"end":{"line":347,"column":null}},"163":{"start":{"line":349,"column":4},"end":{"line":358,"column":null}},"164":{"start":{"line":359,"column":4},"end":{"line":359,"column":null}},"165":{"start":{"line":362,"column":2},"end":{"line":362,"column":null}},"166":{"start":{"line":362,"column":23},"end":{"line":362,"column":null}},"167":{"start":{"line":364,"column":27},"end":{"line":364,"column":107}},"168":{"start":{"line":364,"column":53},"end":{"line":364,"column":106}},"169":{"start":{"line":365,"column":2},"end":{"line":367,"column":null}},"170":{"start":{"line":366,"column":4},"end":{"line":366,"column":null}},"171":{"start":{"line":369,"column":15},"end":{"line":369,"column":73}},"172":{"start":{"line":370,"column":30},"end":{"line":370,"column":164}},"173":{"start":{"line":371,"column":14},"end":{"line":371,"column":38}},"174":{"start":{"line":372,"column":18},"end":{"line":382,"column":3}},"175":{"start":{"line":383,"column":2},"end":{"line":383,"column":null}},"176":{"start":{"line":385,"column":2},"end":{"line":393,"column":null}},"177":{"start":{"line":386,"column":4},"end":{"line":392,"column":null}},"178":{"start":{"line":395,"column":2},"end":{"line":395,"column":null}},"179":{"start":{"line":396,"column":2},"end":{"line":396,"column":null}},"180":{"start":{"line":400,"column":18},"end":{"line":400,"column":36}},"181":{"start":{"line":401,"column":2},"end":{"line":401,"column":null}},"182":{"start":{"line":401,"column":35},"end":{"line":401,"column":null}},"183":{"start":{"line":402,"column":2},"end":{"line":402,"column":null}},"184":{"start":{"line":402,"column":34},"end":{"line":402,"column":null}},"185":{"start":{"line":403,"column":2},"end":{"line":403,"column":null}},"186":{"start":{"line":404,"column":2},"end":{"line":404,"column":null}},"187":{"start":{"line":405,"column":2},"end":{"line":405,"column":null}},"188":{"start":{"line":406,"column":2},"end":{"line":406,"column":null}},"189":{"start":{"line":410,"column":18},"end":{"line":410,"column":36}},"190":{"start":{"line":411,"column":2},"end":{"line":411,"column":null}},"191":{"start":{"line":411,"column":34},"end":{"line":411,"column":null}},"192":{"start":{"line":412,"column":2},"end":{"line":412,"column":null}},"193":{"start":{"line":412,"column":45},"end":{"line":412,"column":59}},"194":{"start":{"line":413,"column":2},"end":{"line":413,"column":null}},"195":{"start":{"line":413,"column":51},"end":{"line":413,"column":100}},"196":{"start":{"line":414,"column":2},"end":{"line":414,"column":null}},"197":{"start":{"line":418,"column":2},"end":{"line":418,"column":null}},"198":{"start":{"line":418,"column":16},"end":{"line":418,"column":null}},"199":{"start":{"line":419,"column":2},"end":{"line":423,"column":null}},"200":{"start":{"line":420,"column":25},"end":{"line":420,"column":67}},"201":{"start":{"line":421,"column":25},"end":{"line":421,"column":69}},"202":{"start":{"line":422,"column":20},"end":{"line":422,"column":72}},"203":{"start":{"line":427,"column":2},"end":{"line":427,"column":null}},"204":{"start":{"line":427,"column":17},"end":{"line":427,"column":null}},"205":{"start":{"line":428,"column":26},"end":{"line":428,"column":39}},"206":{"start":{"line":429,"column":20},"end":{"line":429,"column":126}},"207":{"start":{"line":430,"column":2},"end":{"line":435,"column":null}},"208":{"start":{"line":431,"column":20},"end":{"line":431,"column":97}},"209":{"start":{"line":433,"column":20},"end":{"line":433,"column":74}},"210":{"start":{"line":439,"column":25},"end":{"line":439,"column":85}},"211":{"start":{"line":439,"column":57},"end":{"line":439,"column":84}},"212":{"start":{"line":440,"column":28},"end":{"line":440,"column":111}},"213":{"start":{"line":440,"column":68},"end":{"line":440,"column":107}},"214":{"start":{"line":441,"column":2},"end":{"line":448,"column":null}},"215":{"start":{"line":442,"column":47},"end":{"line":442,"column":63}},"216":{"start":{"line":443,"column":55},"end":{"line":443,"column":70}},"217":{"start":{"line":452,"column":22},"end":{"line":452,"column":72}},"218":{"start":{"line":453,"column":18},"end":{"line":453,"column":43}},"219":{"start":{"line":454,"column":2},"end":{"line":454,"column":null}},"220":{"start":{"line":455,"column":2},"end":{"line":455,"column":null}},"221":{"start":{"line":456,"column":22},"end":{"line":462,"column":4}},"222":{"start":{"line":463,"column":2},"end":{"line":463,"column":null}},"223":{"start":{"line":464,"column":2},"end":{"line":464,"column":null}},"224":{"start":{"line":468,"column":22},"end":{"line":468,"column":72}},"225":{"start":{"line":469,"column":18},"end":{"line":469,"column":43}},"226":{"start":{"line":470,"column":2},"end":{"line":470,"column":null}},"227":{"start":{"line":471,"column":2},"end":{"line":471,"column":null}},"228":{"start":{"line":471,"column":42},"end":{"line":471,"column":null}},"229":{"start":{"line":472,"column":2},"end":{"line":472,"column":null}},"230":{"start":{"line":473,"column":22},"end":{"line":479,"column":4}},"231":{"start":{"line":480,"column":2},"end":{"line":480,"column":null}},"232":{"start":{"line":481,"column":2},"end":{"line":481,"column":null}},"233":{"start":{"line":485,"column":17},"end":{"line":485,"column":70}},"234":{"start":{"line":486,"column":23},"end":{"line":486,"column":99}},"235":{"start":{"line":487,"column":22},"end":{"line":487,"column":80}},"236":{"start":{"line":488,"column":22},"end":{"line":488,"column":44}},"237":{"start":{"line":489,"column":2},"end":{"line":489,"column":null}},"238":{"start":{"line":490,"column":2},"end":{"line":490,"column":null}},"239":{"start":{"line":490,"column":46},"end":{"line":490,"column":null}},"240":{"start":{"line":492,"column":22},"end":{"line":492,"column":73}},"241":{"start":{"line":493,"column":2},"end":{"line":493,"column":null}},"242":{"start":{"line":495,"column":2},"end":{"line":526,"column":null}},"243":{"start":{"line":496,"column":17},"end":{"line":496,"column":66}},"244":{"start":{"line":497,"column":4},"end":{"line":497,"column":null}},"245":{"start":{"line":497,"column":25},"end":{"line":497,"column":null}},"246":{"start":{"line":498,"column":22},"end":{"line":498,"column":42}},"247":{"start":{"line":499,"column":4},"end":{"line":499,"column":null}},"248":{"start":{"line":500,"column":4},"end":{"line":500,"column":null}},"249":{"start":{"line":501,"column":23},"end":{"line":509,"column":6}},"250":{"start":{"line":510,"column":22},"end":{"line":518,"column":6}},"251":{"start":{"line":519,"column":4},"end":{"line":519,"column":null}},"252":{"start":{"line":520,"column":4},"end":{"line":525,"column":null}},"253":{"start":{"line":528,"column":22},"end":{"line":539,"column":4}},"254":{"start":{"line":540,"column":2},"end":{"line":540,"column":null}},"255":{"start":{"line":541,"column":2},"end":{"line":545,"column":null}},"256":{"start":{"line":549,"column":22},"end":{"line":549,"column":91}},"257":{"start":{"line":549,"column":51},"end":{"line":549,"column":90}},"258":{"start":{"line":550,"column":2},"end":{"line":550,"column":null}},"259":{"start":{"line":550,"column":20},"end":{"line":550,"column":null}},"260":{"start":{"line":551,"column":2},"end":{"line":551,"column":null}},"261":{"start":{"line":554,"column":0},"end":{"line":583,"column":null}}},"fnMap":{"0":{"name":"constructor","decl":{"start":{"line":14,"column":2},"end":{"line":14,"column":13}},"loc":{"start":{"line":14,"column":23},"end":{"line":18,"column":null}},"line":14},"1":{"name":"constructor_2","decl":{"start":{"line":22,"column":2},"end":{"line":22,"column":13}},"loc":{"start":{"line":22,"column":32},"end":{"line":27,"column":null}},"line":22},"2":{"name":"constructor_3","decl":{"start":{"line":31,"column":2},"end":{"line":31,"column":13}},"loc":{"start":{"line":31,"column":23},"end":{"line":35,"column":null}},"line":31},"3":{"name":"ensureDbFile","decl":{"start":{"line":41,"column":15},"end":{"line":41,"column":27}},"loc":{"start":{"line":41,"column":30},"end":{"line":69,"column":null}},"line":41},"4":{"name":"loadDb","decl":{"start":{"line":71,"column":15},"end":{"line":71,"column":21}},"loc":{"start":{"line":71,"column":24},"end":{"line":76,"column":null}},"line":71},"5":{"name":"normalizeDb","decl":{"start":{"line":78,"column":9},"end":{"line":78,"column":20}},"loc":{"start":{"line":78,"column":29},"end":{"line":108,"column":null}},"line":78},"6":{"name":"persistDb","decl":{"start":{"line":110,"column":9},"end":{"line":110,"column":18}},"loc":{"start":{"line":110,"column":21},"end":{"line":117,"column":null}},"line":110},"7":{"name":"(anonymous_7)","decl":{"start":{"line":112,"column":10},"end":{"line":112,"column":11}},"loc":{"start":{"line":112,"column":16},"end":{"line":112,"column":73}},"line":112},"8":{"name":"(anonymous_8)","decl":{"start":{"line":113,"column":11},"end":{"line":113,"column":12}},"loc":{"start":{"line":113,"column":20},"end":{"line":115,"column":5}},"line":113},"9":{"name":"parseMoneyToCents","decl":{"start":{"line":119,"column":9},"end":{"line":119,"column":26}},"loc":{"start":{"line":119,"column":84},"end":{"line":129,"column":null}},"line":119},"10":{"name":"centsToMoney","decl":{"start":{"line":131,"column":9},"end":{"line":131,"column":21}},"loc":{"start":{"line":131,"column":29},"end":{"line":133,"column":null}},"line":131},"11":{"name":"cleanString","decl":{"start":{"line":135,"column":9},"end":{"line":135,"column":20}},"loc":{"start":{"line":135,"column":39},"end":{"line":137,"column":null}},"line":135},"12":{"name":"requireString","decl":{"start":{"line":139,"column":9},"end":{"line":139,"column":22}},"loc":{"start":{"line":139,"column":52},"end":{"line":143,"column":null}},"line":139},"13":{"name":"validateEmail","decl":{"start":{"line":145,"column":9},"end":{"line":145,"column":22}},"loc":{"start":{"line":145,"column":30},"end":{"line":149,"column":null}},"line":145},"14":{"name":"generateAccountNumber","decl":{"start":{"line":151,"column":9},"end":{"line":151,"column":30}},"loc":{"start":{"line":151,"column":33},"end":{"line":153,"column":null}},"line":151},"15":{"name":"createClientRecord","decl":{"start":{"line":155,"column":9},"end":{"line":155,"column":27}},"loc":{"start":{"line":155,"column":37},"end":{"line":171,"column":null}},"line":155},"16":{"name":"clientToResponse","decl":{"start":{"line":173,"column":9},"end":{"line":173,"column":25}},"loc":{"start":{"line":173,"column":34},"end":{"line":190,"column":null}},"line":173},"17":{"name":"(anonymous_17)","decl":{"start":{"line":186,"column":37},"end":{"line":186,"column":38}},"loc":{"start":{"line":186,"column":50},"end":{"line":186,"column":111}},"line":186},"18":{"name":"accountToResponse","decl":{"start":{"line":192,"column":9},"end":{"line":192,"column":26}},"loc":{"start":{"line":192,"column":36},"end":{"line":207,"column":null}},"line":192},"19":{"name":"(anonymous_19)","decl":{"start":{"line":193,"column":33},"end":{"line":193,"column":34}},"loc":{"start":{"line":193,"column":43},"end":{"line":193,"column":71}},"line":193},"20":{"name":"transactionToResponse","decl":{"start":{"line":209,"column":9},"end":{"line":209,"column":30}},"loc":{"start":{"line":209,"column":44},"end":{"line":226,"column":null}},"line":209},"21":{"name":"receiptToResponse","decl":{"start":{"line":228,"column":9},"end":{"line":228,"column":26}},"loc":{"start":{"line":228,"column":40},"end":{"line":238,"column":null}},"line":228},"22":{"name":"findClientIndexById","decl":{"start":{"line":240,"column":9},"end":{"line":240,"column":28}},"loc":{"start":{"line":240,"column":33},"end":{"line":242,"column":null}},"line":240},"23":{"name":"(anonymous_23)","decl":{"start":{"line":241,"column":30},"end":{"line":241,"column":31}},"loc":{"start":{"line":241,"column":42},"end":{"line":241,"column":58}},"line":241},"24":{"name":"getClientById","decl":{"start":{"line":244,"column":9},"end":{"line":244,"column":22}},"loc":{"start":{"line":244,"column":27},"end":{"line":248,"column":null}},"line":244},"25":{"name":"findAccountIndexById","decl":{"start":{"line":250,"column":9},"end":{"line":250,"column":29}},"loc":{"start":{"line":250,"column":34},"end":{"line":252,"column":null}},"line":250},"26":{"name":"(anonymous_26)","decl":{"start":{"line":251,"column":31},"end":{"line":251,"column":32}},"loc":{"start":{"line":251,"column":44},"end":{"line":251,"column":61}},"line":251},"27":{"name":"getAccountById","decl":{"start":{"line":254,"column":9},"end":{"line":254,"column":23}},"loc":{"start":{"line":254,"column":28},"end":{"line":258,"column":null}},"line":254},"28":{"name":"ensureActiveAccount","decl":{"start":{"line":260,"column":9},"end":{"line":260,"column":28}},"loc":{"start":{"line":260,"column":38},"end":{"line":262,"column":null}},"line":260},"29":{"name":"createTransaction","decl":{"start":{"line":264,"column":9},"end":{"line":264,"column":26}},"loc":{"start":{"line":264,"column":190},"end":{"line":283,"column":null}},"line":264},"30":{"name":"createClient","decl":{"start":{"line":285,"column":15},"end":{"line":285,"column":27}},"loc":{"start":{"line":285,"column":37},"end":{"line":290,"column":null}},"line":285},"31":{"name":"updateClient","decl":{"start":{"line":292,"column":15},"end":{"line":292,"column":27}},"loc":{"start":{"line":292,"column":41},"end":{"line":308,"column":null}},"line":292},"32":{"name":"listClients","decl":{"start":{"line":310,"column":15},"end":{"line":310,"column":26}},"loc":{"start":{"line":310,"column":64},"end":{"line":323,"column":null}},"line":310},"33":{"name":"(anonymous_33)","decl":{"start":{"line":313,"column":12},"end":{"line":313,"column":13}},"loc":{"start":{"line":313,"column":24},"end":{"line":313,"column":59}},"line":313},"34":{"name":"(anonymous_34)","decl":{"start":{"line":314,"column":12},"end":{"line":314,"column":13}},"loc":{"start":{"line":314,"column":24},"end":{"line":320,"column":5}},"line":314},"35":{"name":"(anonymous_35)","decl":{"start":{"line":321,"column":10},"end":{"line":321,"column":11}},"loc":{"start":{"line":321,"column":20},"end":{"line":321,"column":74}},"line":321},"36":{"name":"archiveClient","decl":{"start":{"line":325,"column":15},"end":{"line":325,"column":28}},"loc":{"start":{"line":325,"column":33},"end":{"line":331,"column":null}},"line":325},"37":{"name":"deleteClient","decl":{"start":{"line":333,"column":15},"end":{"line":333,"column":27}},"loc":{"start":{"line":333,"column":32},"end":{"line":341,"column":null}},"line":333},"38":{"name":"(anonymous_38)","decl":{"start":{"line":335,"column":44},"end":{"line":335,"column":45}},"loc":{"start":{"line":335,"column":57},"end":{"line":335,"column":111}},"line":335},"39":{"name":"(anonymous_39)","decl":{"start":{"line":337,"column":33},"end":{"line":337,"column":34}},"loc":{"start":{"line":337,"column":45},"end":{"line":337,"column":61}},"line":337},"40":{"name":"(anonymous_40)","decl":{"start":{"line":338,"column":35},"end":{"line":338,"column":36}},"loc":{"start":{"line":338,"column":48},"end":{"line":338,"column":71}},"line":338},"41":{"name":"(anonymous_41)","decl":{"start":{"line":339,"column":43},"end":{"line":339,"column":44}},"loc":{"start":{"line":339,"column":51},"end":{"line":339,"column":109}},"line":339},"42":{"name":"(anonymous_42)","decl":{"start":{"line":339,"column":68},"end":{"line":339,"column":69}},"loc":{"start":{"line":339,"column":81},"end":{"line":339,"column":108}},"line":339},"43":{"name":"createAccount","decl":{"start":{"line":343,"column":15},"end":{"line":343,"column":28}},"loc":{"start":{"line":343,"column":38},"end":{"line":397,"column":null}},"line":343},"44":{"name":"(anonymous_44)","decl":{"start":{"line":364,"column":44},"end":{"line":364,"column":45}},"loc":{"start":{"line":364,"column":53},"end":{"line":364,"column":106}},"line":364},"45":{"name":"closeAccount","decl":{"start":{"line":399,"column":15},"end":{"line":399,"column":27}},"loc":{"start":{"line":399,"column":32},"end":{"line":407,"column":null}},"line":399},"46":{"name":"deleteAccount","decl":{"start":{"line":409,"column":15},"end":{"line":409,"column":28}},"loc":{"start":{"line":409,"column":33},"end":{"line":415,"column":null}},"line":409},"47":{"name":"(anonymous_47)","decl":{"start":{"line":412,"column":35},"end":{"line":412,"column":36}},"loc":{"start":{"line":412,"column":45},"end":{"line":412,"column":59}},"line":412},"48":{"name":"(anonymous_48)","decl":{"start":{"line":413,"column":43},"end":{"line":413,"column":44}},"loc":{"start":{"line":413,"column":51},"end":{"line":413,"column":100}},"line":413},"49":{"name":"listAccounts","decl":{"start":{"line":417,"column":15},"end":{"line":417,"column":27}},"loc":{"start":{"line":417,"column":70},"end":{"line":424,"column":null}},"line":417},"50":{"name":"(anonymous_50)","decl":{"start":{"line":420,"column":12},"end":{"line":420,"column":13}},"loc":{"start":{"line":420,"column":25},"end":{"line":420,"column":67}},"line":420},"51":{"name":"(anonymous_51)","decl":{"start":{"line":421,"column":12},"end":{"line":421,"column":13}},"loc":{"start":{"line":421,"column":25},"end":{"line":421,"column":69}},"line":421},"52":{"name":"(anonymous_52)","decl":{"start":{"line":422,"column":10},"end":{"line":422,"column":11}},"loc":{"start":{"line":422,"column":20},"end":{"line":422,"column":72}},"line":422},"53":{"name":"listTransactions","decl":{"start":{"line":426,"column":15},"end":{"line":426,"column":31}},"loc":{"start":{"line":426,"column":65},"end":{"line":436,"column":null}},"line":426},"54":{"name":"(anonymous_54)","decl":{"start":{"line":431,"column":12},"end":{"line":431,"column":13}},"loc":{"start":{"line":431,"column":20},"end":{"line":431,"column":97}},"line":431},"55":{"name":"(anonymous_55)","decl":{"start":{"line":433,"column":10},"end":{"line":433,"column":11}},"loc":{"start":{"line":433,"column":20},"end":{"line":433,"column":74}},"line":433},"56":{"name":"getSummary","decl":{"start":{"line":438,"column":15},"end":{"line":438,"column":25}},"loc":{"start":{"line":438,"column":28},"end":{"line":449,"column":null}},"line":438},"57":{"name":"(anonymous_57)","decl":{"start":{"line":439,"column":44},"end":{"line":439,"column":45}},"loc":{"start":{"line":439,"column":57},"end":{"line":439,"column":84}},"line":439},"58":{"name":"(anonymous_58)","decl":{"start":{"line":440,"column":50},"end":{"line":440,"column":51}},"loc":{"start":{"line":440,"column":68},"end":{"line":440,"column":107}},"line":440},"59":{"name":"(anonymous_59)","decl":{"start":{"line":442,"column":35},"end":{"line":442,"column":36}},"loc":{"start":{"line":442,"column":47},"end":{"line":442,"column":63}},"line":442},"60":{"name":"(anonymous_60)","decl":{"start":{"line":443,"column":43},"end":{"line":443,"column":44}},"loc":{"start":{"line":443,"column":55},"end":{"line":443,"column":70}},"line":443},"61":{"name":"deposit","decl":{"start":{"line":451,"column":15},"end":{"line":451,"column":22}},"loc":{"start":{"line":451,"column":73},"end":{"line":465,"column":null}},"line":451},"62":{"name":"withdraw","decl":{"start":{"line":467,"column":15},"end":{"line":467,"column":23}},"loc":{"start":{"line":467,"column":76},"end":{"line":482,"column":null}},"line":467},"63":{"name":"transfer","decl":{"start":{"line":484,"column":15},"end":{"line":484,"column":23}},"loc":{"start":{"line":484,"column":33},"end":{"line":546,"column":null}},"line":484},"64":{"name":"getReceiptByTransactionId","decl":{"start":{"line":548,"column":9},"end":{"line":548,"column":34}},"loc":{"start":{"line":548,"column":39},"end":{"line":552,"column":null}},"line":548},"65":{"name":"(anonymous_65)","decl":{"start":{"line":549,"column":43},"end":{"line":549,"column":44}},"loc":{"start":{"line":549,"column":51},"end":{"line":549,"column":90}},"line":549}},"branchMap":{"0":{"loc":{"start":{"line":6,"column":36},"end":{"line":6,"column":64}},"type":"binary-expr","locations":[{"start":{"line":6,"column":36},"end":{"line":6,"column":54}},{"start":{"line":6,"column":58},"end":{"line":6,"column":64}}],"line":6},"1":{"loc":{"start":{"line":10,"column":14},"end":{"line":10,"column":90}},"type":"cond-expr","locations":[{"start":{"line":10,"column":37},"end":{"line":10,"column":71}},{"start":{"line":10,"column":74},"end":{"line":10,"column":90}}],"line":10},"2":{"loc":{"start":{"line":11,"column":13},"end":{"line":11,"column":100}},"type":"cond-expr","locations":[{"start":{"line":11,"column":35},"end":{"line":11,"column":68}},{"start":{"line":11,"column":71},"end":{"line":11,"column":100}}],"line":11},"3":{"loc":{"start":{"line":43,"column":2},"end":{"line":50,"column":null}},"type":"if","locations":[{"start":{"line":43,"column":2},"end":{"line":50,"column":null}},{"start":{"line":45,"column":9},"end":{"line":50,"column":null}}],"line":43},"4":{"loc":{"start":{"line":47,"column":4},"end":{"line":49,"column":null}},"type":"if","locations":[{"start":{"line":47,"column":4},"end":{"line":49,"column":null}},{"start":{},"end":{}}],"line":47},"5":{"loc":{"start":{"line":74,"column":28},"end":{"line":74,"column":39}},"type":"binary-expr","locations":[{"start":{"line":74,"column":28},"end":{"line":74,"column":31}},{"start":{"line":74,"column":35},"end":{"line":74,"column":39}}],"line":74},"6":{"loc":{"start":{"line":80,"column":13},"end":{"line":80,"column":64}},"type":"cond-expr","locations":[{"start":{"line":80,"column":45},"end":{"line":80,"column":59}},{"start":{"line":80,"column":62},"end":{"line":80,"column":64}}],"line":80},"7":{"loc":{"start":{"line":81,"column":14},"end":{"line":81,"column":67}},"type":"cond-expr","locations":[{"start":{"line":81,"column":47},"end":{"line":81,"column":62}},{"start":{"line":81,"column":65},"end":{"line":81,"column":67}}],"line":81},"8":{"loc":{"start":{"line":82,"column":18},"end":{"line":82,"column":null}},"type":"cond-expr","locations":[{"start":{"line":82,"column":55},"end":{"line":82,"column":74}},{"start":{"line":82,"column":77},"end":{"line":82,"column":null}}],"line":82},"9":{"loc":{"start":{"line":86,"column":4},"end":{"line":100,"column":null}},"type":"if","locations":[{"start":{"line":86,"column":4},"end":{"line":100,"column":null}},{"start":{},"end":{}}],"line":86},"10":{"loc":{"start":{"line":87,"column":32},"end":{"line":87,"column":72}},"type":"binary-expr","locations":[{"start":{"line":87,"column":32},"end":{"line":87,"column":49}},{"start":{"line":87,"column":53},"end":{"line":87,"column":72}}],"line":87},"11":{"loc":{"start":{"line":89,"column":19},"end":{"line":89,"column":80}},"type":"binary-expr","locations":[{"start":{"line":89,"column":19},"end":{"line":89,"column":66}},{"start":{"line":89,"column":70},"end":{"line":89,"column":80}}],"line":89},"12":{"loc":{"start":{"line":90,"column":18},"end":{"line":90,"column":78}},"type":"binary-expr","locations":[{"start":{"line":90,"column":18},"end":{"line":90,"column":62}},{"start":{"line":90,"column":66},"end":{"line":90,"column":78}}],"line":90},"13":{"loc":{"start":{"line":101,"column":19},"end":{"line":101,"column":77}},"type":"cond-expr","locations":[{"start":{"line":101,"column":53},"end":{"line":101,"column":65}},{"start":{"line":101,"column":68},"end":{"line":101,"column":77}}],"line":101},"14":{"loc":{"start":{"line":102,"column":21},"end":{"line":102,"column":47}},"type":"binary-expr","locations":[{"start":{"line":102,"column":21},"end":{"line":102,"column":35}},{"start":{"line":102,"column":39},"end":{"line":102,"column":47}}],"line":102},"15":{"loc":{"start":{"line":103,"column":28},"end":{"line":103,"column":76}},"type":"binary-expr","locations":[{"start":{"line":103,"column":28},"end":{"line":103,"column":49}},{"start":{"line":103,"column":53},"end":{"line":103,"column":76}}],"line":103},"16":{"loc":{"start":{"line":104,"column":23},"end":{"line":104,"column":88}},"type":"binary-expr","locations":[{"start":{"line":104,"column":23},"end":{"line":104,"column":39}},{"start":{"line":104,"column":43},"end":{"line":104,"column":60}},{"start":{"line":104,"column":64},"end":{"line":104,"column":88}}],"line":104},"17":{"loc":{"start":{"line":119,"column":34},"end":{"line":119,"column":82}},"type":"default-arg","locations":[{"start":{"line":119,"column":80},"end":{"line":119,"column":82}}],"line":119},"18":{"loc":{"start":{"line":119,"column":36},"end":{"line":119,"column":53}},"type":"default-arg","locations":[{"start":{"line":119,"column":48},"end":{"line":119,"column":53}}],"line":119},"19":{"loc":{"start":{"line":119,"column":55},"end":{"line":119,"column":75}},"type":"default-arg","locations":[{"start":{"line":119,"column":67},"end":{"line":119,"column":75}}],"line":119},"20":{"loc":{"start":{"line":120,"column":2},"end":{"line":120,"column":null}},"type":"if","locations":[{"start":{"line":120,"column":2},"end":{"line":120,"column":null}},{"start":{},"end":{}}],"line":120},"21":{"loc":{"start":{"line":120,"column":6},"end":{"line":120,"column":43}},"type":"binary-expr","locations":[{"start":{"line":120,"column":6},"end":{"line":120,"column":25}},{"start":{"line":120,"column":29},"end":{"line":120,"column":43}}],"line":120},"22":{"loc":{"start":{"line":122,"column":2},"end":{"line":122,"column":null}},"type":"if","locations":[{"start":{"line":122,"column":2},"end":{"line":122,"column":null}},{"start":{},"end":{}}],"line":122},"23":{"loc":{"start":{"line":124,"column":18},"end":{"line":124,"column":30}},"type":"default-arg","locations":[{"start":{"line":124,"column":28},"end":{"line":124,"column":30}}],"line":124},"24":{"loc":{"start":{"line":126,"column":2},"end":{"line":126,"column":null}},"type":"if","locations":[{"start":{"line":126,"column":2},"end":{"line":126,"column":null}},{"start":{},"end":{}}],"line":126},"25":{"loc":{"start":{"line":127,"column":2},"end":{"line":127,"column":null}},"type":"if","locations":[{"start":{"line":127,"column":2},"end":{"line":127,"column":null}},{"start":{},"end":{}}],"line":127},"26":{"loc":{"start":{"line":127,"column":6},"end":{"line":127,"column":40}},"type":"cond-expr","locations":[{"start":{"line":127,"column":18},"end":{"line":127,"column":27}},{"start":{"line":127,"column":30},"end":{"line":127,"column":40}}],"line":127},"27":{"loc":{"start":{"line":127,"column":94},"end":{"line":127,"column":120}},"type":"cond-expr","locations":[{"start":{"line":127,"column":106},"end":{"line":127,"column":112}},{"start":{"line":127,"column":115},"end":{"line":127,"column":120}}],"line":127},"28":{"loc":{"start":{"line":132,"column":27},"end":{"line":132,"column":37}},"type":"binary-expr","locations":[{"start":{"line":132,"column":27},"end":{"line":132,"column":32}},{"start":{"line":132,"column":36},"end":{"line":132,"column":37}}],"line":132},"29":{"loc":{"start":{"line":135,"column":28},"end":{"line":135,"column":37}},"type":"default-arg","locations":[{"start":{"line":135,"column":34},"end":{"line":135,"column":37}}],"line":135},"30":{"loc":{"start":{"line":136,"column":16},"end":{"line":136,"column":27}},"type":"binary-expr","locations":[{"start":{"line":136,"column":16},"end":{"line":136,"column":21}},{"start":{"line":136,"column":25},"end":{"line":136,"column":27}}],"line":136},"31":{"loc":{"start":{"line":139,"column":41},"end":{"line":139,"column":50}},"type":"default-arg","locations":[{"start":{"line":139,"column":47},"end":{"line":139,"column":50}}],"line":139},"32":{"loc":{"start":{"line":141,"column":2},"end":{"line":141,"column":null}},"type":"if","locations":[{"start":{"line":141,"column":2},"end":{"line":141,"column":null}},{"start":{},"end":{}}],"line":141},"33":{"loc":{"start":{"line":147,"column":2},"end":{"line":147,"column":null}},"type":"if","locations":[{"start":{"line":147,"column":2},"end":{"line":147,"column":null}},{"start":{},"end":{}}],"line":147},"34":{"loc":{"start":{"line":147,"column":6},"end":{"line":147,"column":61}},"type":"binary-expr","locations":[{"start":{"line":147,"column":6},"end":{"line":147,"column":13}},{"start":{"line":147,"column":17},"end":{"line":147,"column":61}}],"line":147},"35":{"loc":{"start":{"line":165,"column":11},"end":{"line":165,"column":95}},"type":"cond-expr","locations":[{"start":{"line":165,"column":58},"end":{"line":165,"column":90}},{"start":{"line":165,"column":93},"end":{"line":165,"column":95}}],"line":165},"36":{"loc":{"start":{"line":165,"column":11},"end":{"line":165,"column":55}},"type":"binary-expr","locations":[{"start":{"line":165,"column":11},"end":{"line":165,"column":24}},{"start":{"line":165,"column":28},"end":{"line":165,"column":55}}],"line":165},"37":{"loc":{"start":{"line":166,"column":15},"end":{"line":166,"column":110}},"type":"cond-expr","locations":[{"start":{"line":166,"column":81},"end":{"line":166,"column":98}},{"start":{"line":166,"column":101},"end":{"line":166,"column":110}}],"line":166},"38":{"loc":{"start":{"line":186,"column":50},"end":{"line":186,"column":111}},"type":"binary-expr","locations":[{"start":{"line":186,"column":50},"end":{"line":186,"column":80}},{"start":{"line":186,"column":84},"end":{"line":186,"column":111}}],"line":186},"39":{"loc":{"start":{"line":197,"column":16},"end":{"line":197,"column":112}},"type":"cond-expr","locations":[{"start":{"line":197,"column":25},"end":{"line":197,"column":72}},{"start":{"line":197,"column":75},"end":{"line":197,"column":112}}],"line":197},"40":{"loc":{"start":{"line":197,"column":75},"end":{"line":197,"column":112}},"type":"binary-expr","locations":[{"start":{"line":197,"column":75},"end":{"line":197,"column":92}},{"start":{"line":197,"column":96},"end":{"line":197,"column":112}}],"line":197},"41":{"loc":{"start":{"line":198,"column":15},"end":{"line":198,"column":111}},"type":"cond-expr","locations":[{"start":{"line":198,"column":24},"end":{"line":198,"column":71}},{"start":{"line":198,"column":74},"end":{"line":198,"column":111}}],"line":198},"42":{"loc":{"start":{"line":198,"column":74},"end":{"line":198,"column":111}},"type":"binary-expr","locations":[{"start":{"line":198,"column":74},"end":{"line":198,"column":91}},{"start":{"line":198,"column":95},"end":{"line":198,"column":111}}],"line":198},"43":{"loc":{"start":{"line":204,"column":14},"end":{"line":204,"column":38}},"type":"binary-expr","locations":[{"start":{"line":204,"column":14},"end":{"line":204,"column":30}},{"start":{"line":204,"column":34},"end":{"line":204,"column":38}}],"line":204},"44":{"loc":{"start":{"line":205,"column":15},"end":{"line":205,"column":null}},"type":"binary-expr","locations":[{"start":{"line":205,"column":15},"end":{"line":205,"column":32}},{"start":{"line":205,"column":36},"end":{"line":205,"column":null}}],"line":205},"45":{"loc":{"start":{"line":214,"column":22},"end":{"line":214,"column":58}},"type":"binary-expr","locations":[{"start":{"line":214,"column":22},"end":{"line":214,"column":50}},{"start":{"line":214,"column":54},"end":{"line":214,"column":58}}],"line":214},"46":{"loc":{"start":{"line":216,"column":18},"end":{"line":216,"column":50}},"type":"binary-expr","locations":[{"start":{"line":216,"column":18},"end":{"line":216,"column":42}},{"start":{"line":216,"column":46},"end":{"line":216,"column":50}}],"line":216},"47":{"loc":{"start":{"line":220,"column":17},"end":{"line":220,"column":46}},"type":"binary-expr","locations":[{"start":{"line":220,"column":17},"end":{"line":220,"column":40}},{"start":{"line":220,"column":44},"end":{"line":220,"column":46}}],"line":220},"48":{"loc":{"start":{"line":221,"column":21},"end":{"line":221,"column":54}},"type":"binary-expr","locations":[{"start":{"line":221,"column":21},"end":{"line":221,"column":48}},{"start":{"line":221,"column":52},"end":{"line":221,"column":54}}],"line":221},"49":{"loc":{"start":{"line":222,"column":21},"end":{"line":222,"column":54}},"type":"binary-expr","locations":[{"start":{"line":222,"column":21},"end":{"line":222,"column":48}},{"start":{"line":222,"column":52},"end":{"line":222,"column":54}}],"line":222},"50":{"loc":{"start":{"line":223,"column":17},"end":{"line":223,"column":46}},"type":"binary-expr","locations":[{"start":{"line":223,"column":17},"end":{"line":223,"column":40}},{"start":{"line":223,"column":44},"end":{"line":223,"column":46}}],"line":223},"51":{"loc":{"start":{"line":224,"column":22},"end":{"line":224,"column":null}},"type":"binary-expr","locations":[{"start":{"line":224,"column":22},"end":{"line":224,"column":50}},{"start":{"line":224,"column":54},"end":{"line":224,"column":null}}],"line":224},"52":{"loc":{"start":{"line":246,"column":2},"end":{"line":246,"column":null}},"type":"if","locations":[{"start":{"line":246,"column":2},"end":{"line":246,"column":null}},{"start":{},"end":{}}],"line":246},"53":{"loc":{"start":{"line":256,"column":2},"end":{"line":256,"column":null}},"type":"if","locations":[{"start":{"line":256,"column":2},"end":{"line":256,"column":null}},{"start":{},"end":{}}],"line":256},"54":{"loc":{"start":{"line":261,"column":2},"end":{"line":261,"column":null}},"type":"if","locations":[{"start":{"line":261,"column":2},"end":{"line":261,"column":null}},{"start":{},"end":{}}],"line":261},"55":{"loc":{"start":{"line":294,"column":2},"end":{"line":294,"column":null}},"type":"if","locations":[{"start":{"line":294,"column":2},"end":{"line":294,"column":null}},{"start":{},"end":{}}],"line":294},"56":{"loc":{"start":{"line":295,"column":2},"end":{"line":295,"column":null}},"type":"if","locations":[{"start":{"line":295,"column":2},"end":{"line":295,"column":null}},{"start":{},"end":{}}],"line":295},"57":{"loc":{"start":{"line":296,"column":2},"end":{"line":296,"column":null}},"type":"if","locations":[{"start":{"line":296,"column":2},"end":{"line":296,"column":null}},{"start":{},"end":{}}],"line":296},"58":{"loc":{"start":{"line":297,"column":2},"end":{"line":297,"column":null}},"type":"if","locations":[{"start":{"line":297,"column":2},"end":{"line":297,"column":null}},{"start":{},"end":{}}],"line":297},"59":{"loc":{"start":{"line":298,"column":2},"end":{"line":298,"column":null}},"type":"if","locations":[{"start":{"line":298,"column":2},"end":{"line":298,"column":null}},{"start":{},"end":{}}],"line":298},"60":{"loc":{"start":{"line":299,"column":2},"end":{"line":299,"column":null}},"type":"if","locations":[{"start":{"line":299,"column":2},"end":{"line":299,"column":null}},{"start":{},"end":{}}],"line":299},"61":{"loc":{"start":{"line":300,"column":2},"end":{"line":300,"column":null}},"type":"if","locations":[{"start":{"line":300,"column":2},"end":{"line":300,"column":null}},{"start":{},"end":{}}],"line":300},"62":{"loc":{"start":{"line":301,"column":2},"end":{"line":304,"column":null}},"type":"if","locations":[{"start":{"line":301,"column":2},"end":{"line":304,"column":null}},{"start":{},"end":{}}],"line":301},"63":{"loc":{"start":{"line":302,"column":4},"end":{"line":302,"column":null}},"type":"if","locations":[{"start":{"line":302,"column":4},"end":{"line":302,"column":null}},{"start":{},"end":{}}],"line":302},"64":{"loc":{"start":{"line":310,"column":27},"end":{"line":310,"column":62}},"type":"default-arg","locations":[{"start":{"line":310,"column":60},"end":{"line":310,"column":62}}],"line":310},"65":{"loc":{"start":{"line":310,"column":32},"end":{"line":310,"column":55}},"type":"default-arg","locations":[{"start":{"line":310,"column":50},"end":{"line":310,"column":55}}],"line":310},"66":{"loc":{"start":{"line":313,"column":24},"end":{"line":313,"column":59}},"type":"binary-expr","locations":[{"start":{"line":313,"column":24},"end":{"line":313,"column":39}},{"start":{"line":313,"column":43},"end":{"line":313,"column":59}}],"line":313},"67":{"loc":{"start":{"line":315,"column":6},"end":{"line":315,"column":null}},"type":"if","locations":[{"start":{"line":315,"column":6},"end":{"line":315,"column":null}},{"start":{},"end":{}}],"line":315},"68":{"loc":{"start":{"line":335,"column":57},"end":{"line":335,"column":111}},"type":"binary-expr","locations":[{"start":{"line":335,"column":57},"end":{"line":335,"column":80}},{"start":{"line":335,"column":84},"end":{"line":335,"column":111}}],"line":335},"69":{"loc":{"start":{"line":336,"column":2},"end":{"line":336,"column":null}},"type":"if","locations":[{"start":{"line":336,"column":2},"end":{"line":336,"column":null}},{"start":{},"end":{}}],"line":336},"70":{"loc":{"start":{"line":346,"column":2},"end":{"line":360,"column":null}},"type":"if","locations":[{"start":{"line":346,"column":2},"end":{"line":360,"column":null}},{"start":{"line":348,"column":9},"end":{"line":360,"column":null}}],"line":346},"71":{"loc":{"start":{"line":350,"column":17},"end":{"line":350,"column":67}},"type":"binary-expr","locations":[{"start":{"line":350,"column":17},"end":{"line":350,"column":34}},{"start":{"line":350,"column":38},"end":{"line":350,"column":55}},{"start":{"line":350,"column":59},"end":{"line":350,"column":67}}],"line":350},"72":{"loc":{"start":{"line":351,"column":16},"end":{"line":351,"column":43}},"type":"binary-expr","locations":[{"start":{"line":351,"column":16},"end":{"line":351,"column":32}},{"start":{"line":351,"column":36},"end":{"line":351,"column":43}}],"line":351},"73":{"loc":{"start":{"line":362,"column":2},"end":{"line":362,"column":null}},"type":"if","locations":[{"start":{"line":362,"column":2},"end":{"line":362,"column":null}},{"start":{},"end":{}}],"line":362},"74":{"loc":{"start":{"line":364,"column":53},"end":{"line":364,"column":106}},"type":"binary-expr","locations":[{"start":{"line":364,"column":53},"end":{"line":364,"column":79}},{"start":{"line":364,"column":83},"end":{"line":364,"column":106}}],"line":364},"75":{"loc":{"start":{"line":365,"column":2},"end":{"line":367,"column":null}},"type":"if","locations":[{"start":{"line":365,"column":2},"end":{"line":367,"column":null}},{"start":{},"end":{}}],"line":365},"76":{"loc":{"start":{"line":369,"column":15},"end":{"line":369,"column":73}},"type":"cond-expr","locations":[{"start":{"line":369,"column":49},"end":{"line":369,"column":61}},{"start":{"line":369,"column":64},"end":{"line":369,"column":73}}],"line":369},"77":{"loc":{"start":{"line":370,"column":30},"end":{"line":370,"column":164}},"type":"cond-expr","locations":[{"start":{"line":370,"column":69},"end":{"line":370,"column":70}},{"start":{"line":370,"column":73},"end":{"line":370,"column":164}}],"line":370},"78":{"loc":{"start":{"line":385,"column":2},"end":{"line":393,"column":null}},"type":"if","locations":[{"start":{"line":385,"column":2},"end":{"line":393,"column":null}},{"start":{},"end":{}}],"line":385},"79":{"loc":{"start":{"line":401,"column":2},"end":{"line":401,"column":null}},"type":"if","locations":[{"start":{"line":401,"column":2},"end":{"line":401,"column":null}},{"start":{},"end":{}}],"line":401},"80":{"loc":{"start":{"line":402,"column":2},"end":{"line":402,"column":null}},"type":"if","locations":[{"start":{"line":402,"column":2},"end":{"line":402,"column":null}},{"start":{},"end":{}}],"line":402},"81":{"loc":{"start":{"line":411,"column":2},"end":{"line":411,"column":null}},"type":"if","locations":[{"start":{"line":411,"column":2},"end":{"line":411,"column":null}},{"start":{},"end":{}}],"line":411},"82":{"loc":{"start":{"line":413,"column":51},"end":{"line":413,"column":100}},"type":"binary-expr","locations":[{"start":{"line":413,"column":51},"end":{"line":413,"column":70}},{"start":{"line":413,"column":74},"end":{"line":413,"column":100}}],"line":413},"83":{"loc":{"start":{"line":417,"column":28},"end":{"line":417,"column":68}},"type":"default-arg","locations":[{"start":{"line":417,"column":66},"end":{"line":417,"column":68}}],"line":417},"84":{"loc":{"start":{"line":417,"column":40},"end":{"line":417,"column":61}},"type":"default-arg","locations":[{"start":{"line":417,"column":56},"end":{"line":417,"column":61}}],"line":417},"85":{"loc":{"start":{"line":418,"column":2},"end":{"line":418,"column":null}},"type":"if","locations":[{"start":{"line":418,"column":2},"end":{"line":418,"column":null}},{"start":{},"end":{}}],"line":418},"86":{"loc":{"start":{"line":420,"column":25},"end":{"line":420,"column":67}},"type":"binary-expr","locations":[{"start":{"line":420,"column":25},"end":{"line":420,"column":34}},{"start":{"line":420,"column":38},"end":{"line":420,"column":67}}],"line":420},"87":{"loc":{"start":{"line":421,"column":25},"end":{"line":421,"column":69}},"type":"binary-expr","locations":[{"start":{"line":421,"column":25},"end":{"line":421,"column":38}},{"start":{"line":421,"column":42},"end":{"line":421,"column":69}}],"line":421},"88":{"loc":{"start":{"line":426,"column":32},"end":{"line":426,"column":63}},"type":"default-arg","locations":[{"start":{"line":426,"column":61},"end":{"line":426,"column":63}}],"line":426},"89":{"loc":{"start":{"line":426,"column":45},"end":{"line":426,"column":56}},"type":"default-arg","locations":[{"start":{"line":426,"column":53},"end":{"line":426,"column":56}}],"line":426},"90":{"loc":{"start":{"line":427,"column":2},"end":{"line":427,"column":null}},"type":"if","locations":[{"start":{"line":427,"column":2},"end":{"line":427,"column":null}},{"start":{},"end":{}}],"line":427},"91":{"loc":{"start":{"line":429,"column":20},"end":{"line":429,"column":126}},"type":"cond-expr","locations":[{"start":{"line":429,"column":105},"end":{"line":429,"column":120}},{"start":{"line":429,"column":123},"end":{"line":429,"column":126}}],"line":429},"92":{"loc":{"start":{"line":429,"column":20},"end":{"line":429,"column":102}},"type":"binary-expr","locations":[{"start":{"line":429,"column":20},"end":{"line":429,"column":53}},{"start":{"line":429,"column":57},"end":{"line":429,"column":76}},{"start":{"line":429,"column":80},"end":{"line":429,"column":102}}],"line":429},"93":{"loc":{"start":{"line":431,"column":20},"end":{"line":431,"column":97}},"type":"binary-expr","locations":[{"start":{"line":431,"column":20},"end":{"line":431,"column":30}},{"start":{"line":431,"column":34},"end":{"line":431,"column":60}},{"start":{"line":431,"column":64},"end":{"line":431,"column":97}}],"line":431},"94":{"loc":{"start":{"line":440,"column":81},"end":{"line":440,"column":106}},"type":"binary-expr","locations":[{"start":{"line":440,"column":81},"end":{"line":440,"column":101}},{"start":{"line":440,"column":105},"end":{"line":440,"column":106}}],"line":440},"95":{"loc":{"start":{"line":451,"column":42},"end":{"line":451,"column":71}},"type":"default-arg","locations":[{"start":{"line":451,"column":56},"end":{"line":451,"column":71}}],"line":451},"96":{"loc":{"start":{"line":467,"column":43},"end":{"line":467,"column":74}},"type":"default-arg","locations":[{"start":{"line":467,"column":57},"end":{"line":467,"column":74}}],"line":467},"97":{"loc":{"start":{"line":471,"column":2},"end":{"line":471,"column":null}},"type":"if","locations":[{"start":{"line":471,"column":2},"end":{"line":471,"column":null}},{"start":{},"end":{}}],"line":471},"98":{"loc":{"start":{"line":486,"column":23},"end":{"line":486,"column":99}},"type":"cond-expr","locations":[{"start":{"line":486,"column":66},"end":{"line":486,"column":86}},{"start":{"line":486,"column":89},"end":{"line":486,"column":99}}],"line":486},"99":{"loc":{"start":{"line":490,"column":2},"end":{"line":490,"column":null}},"type":"if","locations":[{"start":{"line":490,"column":2},"end":{"line":490,"column":null}},{"start":{},"end":{}}],"line":490},"100":{"loc":{"start":{"line":492,"column":34},"end":{"line":492,"column":67}},"type":"binary-expr","locations":[{"start":{"line":492,"column":34},"end":{"line":492,"column":53}},{"start":{"line":492,"column":57},"end":{"line":492,"column":67}}],"line":492},"101":{"loc":{"start":{"line":495,"column":2},"end":{"line":526,"column":null}},"type":"if","locations":[{"start":{"line":495,"column":2},"end":{"line":526,"column":null}},{"start":{},"end":{}}],"line":495},"102":{"loc":{"start":{"line":497,"column":4},"end":{"line":497,"column":null}},"type":"if","locations":[{"start":{"line":497,"column":4},"end":{"line":497,"column":null}},{"start":{},"end":{}}],"line":497},"103":{"loc":{"start":{"line":530,"column":10},"end":{"line":530,"column":95}},"type":"cond-expr","locations":[{"start":{"line":530,"column":47},"end":{"line":530,"column":69}},{"start":{"line":530,"column":72},"end":{"line":530,"column":95}}],"line":530},"104":{"loc":{"start":{"line":549,"column":51},"end":{"line":549,"column":90}},"type":"binary-expr","locations":[{"start":{"line":549,"column":51},"end":{"line":549,"column":63}},{"start":{"line":549,"column":67},"end":{"line":549,"column":90}}],"line":549},"105":{"loc":{"start":{"line":550,"column":2},"end":{"line":550,"column":null}},"type":"if","locations":[{"start":{"line":550,"column":2},"end":{"line":550,"column":null}},{"start":{},"end":{}}],"line":550}},"s":{"0":8,"1":8,"2":8,"3":8,"4":8,"5":8,"6":8,"7":8,"8":8,"9":1,"10":1,"11":1,"12":1,"13":1,"14":1,"15":1,"16":1,"17":1,"18":1,"19":8,"20":8,"21":8,"22":8,"23":8,"24":0,"25":0,"26":0,"27":8,"28":8,"29":8,"30":8,"31":8,"32":8,"33":8,"34":8,"35":8,"36":0,"37":0,"38":8,"39":8,"40":8,"41":8,"42":8,"43":8,"44":0,"45":0,"46":0,"47":0,"48":0,"49":0,"50":0,"51":0,"52":0,"53":8,"54":24,"55":24,"56":0,"57":24,"58":14,"59":0,"60":14,"61":14,"62":0,"63":14,"64":14,"65":14,"66":0,"67":14,"68":0,"69":14,"70":44,"71":87,"72":28,"73":28,"74":0,"75":28,"76":10,"77":10,"78":0,"79":10,"80":9,"81":10,"82":10,"83":14,"84":6,"85":19,"86":23,"87":19,"88":12,"89":3,"90":3,"91":3,"92":15,"93":16,"94":15,"95":15,"96":1,"97":14,"98":9,"99":10,"100":9,"101":9,"102":0,"103":9,"104":6,"105":0,"106":13,"107":13,"108":13,"109":10,"110":10,"111":10,"112":10,"113":0,"114":0,"115":0,"116":0,"117":0,"118":0,"119":0,"120":0,"121":0,"122":0,"123":0,"124":0,"125":0,"126":0,"127":0,"128":0,"129":0,"130":0,"131":0,"132":0,"133":0,"134":0,"135":0,"136":0,"137":0,"138":0,"139":0,"140":0,"141":0,"142":1,"143":1,"144":1,"145":1,"146":1,"147":1,"148":1,"149":0,"150":1,"151":0,"152":1,"153":1,"154":1,"155":0,"156":1,"157":0,"158":0,"159":1,"160":9,"161":9,"162":0,"163":9,"164":9,"165":9,"166":0,"167":9,"168":2,"169":9,"170":0,"171":9,"172":9,"173":9,"174":9,"175":9,"176":9,"177":9,"178":9,"179":9,"180":0,"181":0,"182":0,"183":0,"184":0,"185":0,"186":0,"187":0,"188":0,"189":0,"190":0,"191":0,"192":0,"193":0,"194":0,"195":0,"196":0,"197":2,"198":0,"199":2,"200":3,"201":3,"202":1,"203":2,"204":0,"205":2,"206":2,"207":2,"208":5,"209":6,"210":1,"211":2,"212":1,"213":2,"214":1,"215":2,"216":2,"217":0,"218":0,"219":0,"220":0,"221":0,"222":0,"223":0,"224":1,"225":1,"226":1,"227":1,"228":1,"229":0,"230":0,"231":0,"232":0,"233":4,"234":4,"235":4,"236":4,"237":4,"238":4,"239":0,"240":4,"241":4,"242":4,"243":2,"244":2,"245":1,"246":1,"247":1,"248":1,"249":1,"250":1,"251":1,"252":1,"253":2,"254":4,"255":2,"256":0,"257":0,"258":0,"259":0,"260":0,"261":8},"f":{"0":1,"1":1,"2":1,"3":8,"4":8,"5":8,"6":24,"7":24,"8":0,"9":14,"10":44,"11":87,"12":28,"13":10,"14":9,"15":10,"16":14,"17":6,"18":19,"19":23,"20":12,"21":3,"22":15,"23":16,"24":15,"25":9,"26":10,"27":9,"28":6,"29":13,"30":10,"31":0,"32":0,"33":0,"34":0,"35":0,"36":1,"37":1,"38":0,"39":1,"40":0,"41":0,"42":0,"43":9,"44":2,"45":0,"46":0,"47":0,"48":0,"49":2,"50":3,"51":3,"52":1,"53":2,"54":5,"55":6,"56":1,"57":2,"58":2,"59":2,"60":2,"61":0,"62":1,"63":4,"64":0,"65":0},"b":{"0":[8,8],"1":[0,8],"2":[8,0],"3":[8,0],"4":[0,0],"5":[8,0],"6":[8,8],"7":[8,8],"8":[8,8],"9":[0,0],"10":[0,0],"11":[0,0],"12":[0,0],"13":[0,0],"14":[0,0],"15":[0,0],"16":[0,0,0],"17":[14],"18":[14],"19":[14],"20":[0,14],"21":[14,14],"22":[0,14],"23":[14],"24":[0,14],"25":[0,14],"26":[9,5],"27":[0,0],"28":[44,44],"29":[87],"30":[87,87],"31":[28],"32":[0,28],"33":[0,10],"34":[10,0],"35":[0,10],"36":[10,0],"37":[0,10],"38":[6,3],"39":[19,0],"40":[0,0],"41":[19,0],"42":[0,0],"43":[19,19],"44":[19,0],"45":[12,12],"46":[12,12],"47":[12,12],"48":[12,12],"49":[12,12],"50":[12,12],"51":[12,12],"52":[1,14],"53":[0,9],"54":[0,6],"55":[0,0],"56":[0,0],"57":[0,0],"58":[0,0],"59":[0,0],"60":[0,0],"61":[0,0],"62":[0,0],"63":[0,0],"64":[0],"65":[0],"66":[0,0],"67":[0,0],"68":[0,0],"69":[0,1],"70":[0,9],"71":[9,9,0],"72":[9,9],"73":[0,9],"74":[2,0],"75":[0,9],"76":[0,9],"77":[9,9],"78":[9,0],"79":[0,0],"80":[0,0],"81":[0,0],"82":[0,0],"83":[2],"84":[2],"85":[0,2],"86":[3,0],"87":[3,3],"88":[2],"89":[2],"90":[0,2],"91":[2,2],"92":[2,2,2],"93":[5,0,0],"94":[2,1],"95":[0],"96":[1],"97":[1,0],"98":[2,2],"99":[0,4],"100":[4,2],"101":[2,2],"102":[1,1],"103":[1,1],"104":[0,0],"105":[0,0]},"meta":{"lastBranch":106,"lastFunction":66,"lastStatement":262,"seen":{"s:1:11:1:33":0,"s:2:13:2:28":1,"s:3:23:3:40":2,"s:5:25:5:57":3,"s:6:26:6:94":4,"b:6:36:6:54:6:58:6:64":0,"s:7:22:7:74":5,"s:8:23:8:80":6,"s:10:14:10:90":7,"b:10:37:10:71:10:74:10:90":1,"s:11:13:11:100":8,"b:11:35:11:68:11:71:11:100":2,"f:14:2:14:13":0,"s:15:4:15:Infinity":9,"s:16:4:16:Infinity":10,"s:17:4:17:Infinity":11,"f:22:2:22:13":1,"s:23:4:23:Infinity":12,"s:24:4:24:Infinity":13,"s:25:4:25:Infinity":14,"s:26:4:26:Infinity":15,"f:31:2:31:13":2,"s:32:4:32:Infinity":16,"s:33:4:33:Infinity":17,"s:34:4:34:Infinity":18,"s:38:9:38:56":19,"s:39:16:39:33":20,"f:41:15:41:27":3,"s:42:19:42:21":21,"b:43:2:50:Infinity:45:9:50:Infinity":3,"s:43:2:50:Infinity":22,"s:44:4:44:Infinity":23,"s:46:4:46:Infinity":24,"b:47:4:49:Infinity:undefined:undefined:undefined:undefined":4,"s:47:4:49:Infinity":25,"s:48:6:48:Infinity":26,"s:53:2:67:Infinity":27,"s:54:4:66:Infinity":28,"s:55:6:55:Infinity":29,"s:56:6:60:Infinity":30,"s:57:8:57:Infinity":31,"s:59:8:59:Infinity":32,"s:61:6:61:Infinity":33,"s:62:6:62:Infinity":34,"s:63:6:63:Infinity":35,"s:65:6:65:Infinity":36,"s:68:2:68:Infinity":37,"f:71:15:71:21":4,"s:72:2:72:Infinity":38,"s:73:14:73:47":39,"s:74:17:74:40":40,"b:74:28:74:31:74:35:74:39":5,"s:75:2:75:Infinity":41,"f:78:9:78:20":5,"s:79:15:83:3":42,"b:80:45:80:59:80:62:80:64":6,"b:81:47:81:62:81:65:81:67":7,"b:82:55:82:74:82:77:82:Infinity":8,"s:85:2:105:Infinity":43,"b:86:4:100:Infinity:undefined:undefined:undefined:undefined":9,"s:86:4:100:Infinity":44,"s:87:25:87:80":45,"b:87:32:87:49:87:53:87:72":10,"s:88:21:97:8":46,"b:89:19:89:66:89:70:89:80":11,"b:90:18:90:62:90:66:90:78":12,"s:98:6:98:Infinity":47,"s:99:6:99:Infinity":48,"s:101:4:101:Infinity":49,"b:101:53:101:65:101:68:101:77":13,"s:102:4:102:Infinity":50,"b:102:21:102:35:102:39:102:47":14,"s:103:4:103:Infinity":51,"b:103:28:103:49:103:53:103:76":15,"s:104:4:104:Infinity":52,"b:104:23:104:39:104:43:104:60:104:64:104:88":16,"s:107:2:107:Infinity":53,"f:110:9:110:18":6,"s:111:2:115:Infinity":54,"f:112:10:112:11":7,"s:112:16:112:73":55,"f:113:11:113:12":8,"s:114:6:114:Infinity":56,"s:116:2:116:Infinity":57,"f:119:9:119:26":9,"b:119:80:119:82":17,"b:119:48:119:53":18,"b:119:67:119:75":19,"b:120:2:120:Infinity:undefined:undefined:undefined:undefined":20,"s:120:2:120:Infinity":58,"b:120:6:120:25:120:29:120:43":21,"s:120:45:120:Infinity":59,"s:121:14:121:52":60,"b:122:2:122:Infinity:undefined:undefined:undefined:undefined":22,"s:122:2:122:Infinity":61,"s:122:39:122:Infinity":62,"s:124:34:124:48":63,"b:124:28:124:30":23,"s:125:16:125:76":64,"b:126:2:126:Infinity:undefined:undefined:undefined:undefined":24,"s:126:2:126:Infinity":65,"s:126:36:126:Infinity":66,"b:127:2:127:Infinity:undefined:undefined:undefined:undefined":25,"s:127:2:127:Infinity":67,"b:127:18:127:27:127:30:127:40":26,"s:127:42:127:Infinity":68,"b:127:106:127:112:127:115:127:120":27,"s:128:2:128:Infinity":69,"f:131:9:131:21":10,"s:132:2:132:Infinity":70,"b:132:27:132:32:132:36:132:37":28,"f:135:9:135:20":11,"b:135:34:135:37":29,"s:136:2:136:Infinity":71,"b:136:16:136:21:136:25:136:27":30,"f:139:9:139:22":12,"b:139:47:139:50":31,"s:140:18:140:41":72,"b:141:2:141:Infinity:undefined:undefined:undefined:undefined":32,"s:141:2:141:Infinity":73,"s:141:16:141:Infinity":74,"s:142:2:142:Infinity":75,"f:145:9:145:22":13,"s:146:18:146:41":76,"b:147:2:147:Infinity:undefined:undefined:undefined:undefined":33,"s:147:2:147:Infinity":77,"b:147:6:147:13:147:17:147:61":34,"s:147:63:147:Infinity":78,"s:148:2:148:Infinity":79,"f:151:9:151:30":14,"s:152:2:152:Infinity":80,"f:155:9:155:27":15,"s:156:14:156:38":81,"s:157:2:170:Infinity":82,"b:165:58:165:90:165:93:165:95":35,"b:165:11:165:24:165:28:165:55":36,"b:166:81:166:98:166:101:166:110":37,"f:173:9:173:25":16,"s:174:2:189:Infinity":83,"f:186:37:186:38":17,"s:186:50:186:111":84,"b:186:50:186:80:186:84:186:111":38,"f:192:9:192:26":18,"s:193:17:193:72":85,"f:193:33:193:34":19,"s:193:43:193:71":86,"s:194:2:206:Infinity":87,"b:197:25:197:72:197:75:197:112":39,"b:197:75:197:92:197:96:197:112":40,"b:198:24:198:71:198:74:198:111":41,"b:198:74:198:91:198:95:198:111":42,"b:204:14:204:30:204:34:204:38":43,"b:205:15:205:32:205:36:205:Infinity":44,"f:209:9:209:30":20,"s:210:2:225:Infinity":88,"b:214:22:214:50:214:54:214:58":45,"b:216:18:216:42:216:46:216:50":46,"b:220:17:220:40:220:44:220:46":47,"b:221:21:221:48:221:52:221:54":48,"b:222:21:222:48:222:52:222:54":49,"b:223:17:223:40:223:44:223:46":50,"b:224:22:224:50:224:54:224:Infinity":51,"f:228:9:228:26":21,"s:229:18:229:55":89,"s:230:17:230:48":90,"s:231:2:237:Infinity":91,"f:240:9:240:28":22,"s:241:2:241:Infinity":92,"f:241:30:241:31":23,"s:241:42:241:58":93,"f:244:9:244:22":24,"s:245:14:245:37":94,"b:246:2:246:Infinity:undefined:undefined:undefined:undefined":52,"s:246:2:246:Infinity":95,"s:246:18:246:Infinity":96,"s:247:2:247:Infinity":97,"f:250:9:250:29":25,"s:251:2:251:Infinity":98,"f:251:31:251:32":26,"s:251:44:251:61":99,"f:254:9:254:23":27,"s:255:14:255:38":100,"b:256:2:256:Infinity:undefined:undefined:undefined:undefined":53,"s:256:2:256:Infinity":101,"s:256:18:256:Infinity":102,"s:257:2:257:Infinity":103,"f:260:9:260:28":28,"b:261:2:261:Infinity:undefined:undefined:undefined:undefined":54,"s:261:2:261:Infinity":104,"s:261:35:261:Infinity":105,"f:264:9:264:26":29,"s:265:13:280:3":106,"s:281:2:281:Infinity":107,"s:282:2:282:Infinity":108,"f:285:15:285:27":30,"s:286:17:286:44":109,"s:287:2:287:Infinity":110,"s:288:2:288:Infinity":111,"s:289:2:289:Infinity":112,"f:292:15:292:27":31,"s:293:17:293:34":113,"b:294:2:294:Infinity:undefined:undefined:undefined:undefined":55,"s:294:2:294:Infinity":114,"s:294:39:294:Infinity":115,"b:295:2:295:Infinity:undefined:undefined:undefined:undefined":56,"s:295:2:295:Infinity":116,"s:295:38:295:Infinity":117,"b:296:2:296:Infinity:undefined:undefined:undefined:undefined":57,"s:296:2:296:Infinity":118,"s:296:37:296:Infinity":119,"b:297:2:297:Infinity:undefined:undefined:undefined:undefined":58,"s:297:2:297:Infinity":120,"s:297:35:297:Infinity":121,"b:298:2:298:Infinity:undefined:undefined:undefined:undefined":59,"s:298:2:298:Infinity":122,"s:298:35:298:Infinity":123,"b:299:2:299:Infinity:undefined:undefined:undefined:undefined":60,"s:299:2:299:Infinity":124,"s:299:44:299:Infinity":125,"b:300:2:300:Infinity:undefined:undefined:undefined:undefined":61,"s:300:2:300:Infinity":126,"s:300:35:300:Infinity":127,"b:301:2:304:Infinity:undefined:undefined:undefined:undefined":62,"s:301:2:304:Infinity":128,"b:302:4:302:Infinity:undefined:undefined:undefined:undefined":63,"s:302:4:302:Infinity":129,"s:302:74:302:Infinity":130,"s:303:4:303:Infinity":131,"s:305:2:305:Infinity":132,"s:306:2:306:Infinity":133,"s:307:2:307:Infinity":134,"f:310:15:310:26":32,"b:310:60:310:62":64,"b:310:50:310:55":65,"s:311:15:311:48":135,"s:312:2:322:Infinity":136,"f:313:12:313:13":33,"s:313:24:313:59":137,"b:313:24:313:39:313:43:313:59":66,"f:314:12:314:13":34,"b:315:6:315:Infinity:undefined:undefined:undefined:undefined":67,"s:315:6:315:Infinity":138,"s:315:17:315:Infinity":139,"s:316:6:319:Infinity":140,"f:321:10:321:11":35,"s:321:20:321:74":141,"f:325:15:325:28":36,"s:326:17:326:34":142,"s:327:2:327:Infinity":143,"s:328:2:328:Infinity":144,"s:329:2:329:Infinity":145,"s:330:2:330:Infinity":146,"f:333:15:333:27":37,"s:334:2:334:Infinity":147,"s:335:25:335:112":148,"f:335:44:335:45":38,"s:335:57:335:111":149,"b:335:57:335:80:335:84:335:111":68,"b:336:2:336:Infinity:undefined:undefined:undefined:undefined":69,"s:336:2:336:Infinity":150,"s:336:33:336:Infinity":151,"s:337:2:337:Infinity":152,"f:337:33:337:34":39,"s:337:45:337:61":153,"s:338:2:338:Infinity":154,"f:338:35:338:36":40,"s:338:48:338:71":155,"s:339:2:339:Infinity":156,"f:339:43:339:44":41,"s:339:51:339:109":157,"f:339:68:339:69":42,"s:339:81:339:108":158,"s:340:2:340:Infinity":159,"f:343:15:343:28":43,"s:344:19:344:48":160,"b:346:2:360:Infinity:348:9:360:Infinity":70,"s:346:2:360:Infinity":161,"s:347:4:347:Infinity":162,"s:349:4:358:Infinity":163,"b:350:17:350:34:350:38:350:55:350:59:350:67":71,"b:351:16:351:32:351:36:351:43":72,"s:359:4:359:Infinity":164,"b:362:2:362:Infinity:undefined:undefined:undefined:undefined":73,"s:362:2:362:Infinity":165,"s:362:23:362:Infinity":166,"s:364:27:364:107":167,"f:364:44:364:45":44,"s:364:53:364:106":168,"b:364:53:364:79:364:83:364:106":74,"b:365:2:367:Infinity:undefined:undefined:undefined:undefined":75,"s:365:2:367:Infinity":169,"s:366:4:366:Infinity":170,"s:369:15:369:73":171,"b:369:49:369:61:369:64:369:73":76,"s:370:30:370:164":172,"b:370:69:370:70:370:73:370:164":77,"s:371:14:371:38":173,"s:372:18:382:3":174,"s:383:2:383:Infinity":175,"b:385:2:393:Infinity:undefined:undefined:undefined:undefined":78,"s:385:2:393:Infinity":176,"s:386:4:392:Infinity":177,"s:395:2:395:Infinity":178,"s:396:2:396:Infinity":179,"f:399:15:399:27":45,"s:400:18:400:36":180,"b:401:2:401:Infinity:undefined:undefined:undefined:undefined":79,"s:401:2:401:Infinity":181,"s:401:35:401:Infinity":182,"b:402:2:402:Infinity:undefined:undefined:undefined:undefined":80,"s:402:2:402:Infinity":183,"s:402:34:402:Infinity":184,"s:403:2:403:Infinity":185,"s:404:2:404:Infinity":186,"s:405:2:405:Infinity":187,"s:406:2:406:Infinity":188,"f:409:15:409:28":46,"s:410:18:410:36":189,"b:411:2:411:Infinity:undefined:undefined:undefined:undefined":81,"s:411:2:411:Infinity":190,"s:411:34:411:Infinity":191,"s:412:2:412:Infinity":192,"f:412:35:412:36":47,"s:412:45:412:59":193,"s:413:2:413:Infinity":194,"f:413:43:413:44":48,"s:413:51:413:100":195,"b:413:51:413:70:413:74:413:100":82,"s:414:2:414:Infinity":196,"f:417:15:417:27":49,"b:417:66:417:68":83,"b:417:56:417:61":84,"b:418:2:418:Infinity:undefined:undefined:undefined:undefined":85,"s:418:2:418:Infinity":197,"s:418:16:418:Infinity":198,"s:419:2:423:Infinity":199,"f:420:12:420:13":50,"s:420:25:420:67":200,"b:420:25:420:34:420:38:420:67":86,"f:421:12:421:13":51,"s:421:25:421:69":201,"b:421:25:421:38:421:42:421:69":87,"f:422:10:422:11":52,"s:422:20:422:72":202,"f:426:15:426:31":53,"b:426:61:426:63":88,"b:426:53:426:56":89,"b:427:2:427:Infinity:undefined:undefined:undefined:undefined":90,"s:427:2:427:Infinity":203,"s:427:17:427:Infinity":204,"s:428:26:428:39":205,"s:429:20:429:126":206,"b:429:105:429:120:429:123:429:126":91,"b:429:20:429:53:429:57:429:76:429:80:429:102":92,"s:430:2:435:Infinity":207,"f:431:12:431:13":54,"s:431:20:431:97":208,"b:431:20:431:30:431:34:431:60:431:64:431:97":93,"f:433:10:433:11":55,"s:433:20:433:74":209,"f:438:15:438:25":56,"s:439:25:439:85":210,"f:439:44:439:45":57,"s:439:57:439:84":211,"s:440:28:440:111":212,"f:440:50:440:51":58,"s:440:68:440:107":213,"b:440:81:440:101:440:105:440:106":94,"s:441:2:448:Infinity":214,"f:442:35:442:36":59,"s:442:47:442:63":215,"f:443:43:443:44":60,"s:443:55:443:70":216,"f:451:15:451:22":61,"b:451:56:451:71":95,"s:452:22:452:72":217,"s:453:18:453:43":218,"s:454:2:454:Infinity":219,"s:455:2:455:Infinity":220,"s:456:22:462:4":221,"s:463:2:463:Infinity":222,"s:464:2:464:Infinity":223,"f:467:15:467:23":62,"b:467:57:467:74":96,"s:468:22:468:72":224,"s:469:18:469:43":225,"s:470:2:470:Infinity":226,"b:471:2:471:Infinity:undefined:undefined:undefined:undefined":97,"s:471:2:471:Infinity":227,"s:471:42:471:Infinity":228,"s:472:2:472:Infinity":229,"s:473:22:479:4":230,"s:480:2:480:Infinity":231,"s:481:2:481:Infinity":232,"f:484:15:484:23":63,"s:485:17:485:70":233,"s:486:23:486:99":234,"b:486:66:486:86:486:89:486:99":98,"s:487:22:487:80":235,"s:488:22:488:44":236,"s:489:2:489:Infinity":237,"b:490:2:490:Infinity:undefined:undefined:undefined:undefined":99,"s:490:2:490:Infinity":238,"s:490:46:490:Infinity":239,"s:492:22:492:73":240,"b:492:34:492:53:492:57:492:67":100,"s:493:2:493:Infinity":241,"b:495:2:526:Infinity:undefined:undefined:undefined:undefined":101,"s:495:2:526:Infinity":242,"s:496:17:496:66":243,"b:497:4:497:Infinity:undefined:undefined:undefined:undefined":102,"s:497:4:497:Infinity":244,"s:497:25:497:Infinity":245,"s:498:22:498:42":246,"s:499:4:499:Infinity":247,"s:500:4:500:Infinity":248,"s:501:23:509:6":249,"s:510:22:518:6":250,"s:519:4:519:Infinity":251,"s:520:4:525:Infinity":252,"s:528:22:539:4":253,"b:530:47:530:69:530:72:530:95":103,"s:540:2:540:Infinity":254,"s:541:2:545:Infinity":255,"f:548:9:548:34":64,"s:549:22:549:91":256,"f:549:43:549:44":65,"s:549:51:549:90":257,"b:549:51:549:63:549:67:549:90":104,"b:550:2:550:Infinity:undefined:undefined:undefined:undefined":105,"s:550:2:550:Infinity":258,"s:550:20:550:Infinity":259,"s:551:2:551:Infinity":260,"s:554:0:583:Infinity":261},"fnNames":{}}}
}
