{"/home/bayi-ryan/Bureau/bank-api/public/app.js": {"path":"/home/bayi-ryan/Bureau/bank-api/public/app.js","statementMap":{"0":{"start":{"line":1,"column":14},"end":{"line":8,"column":1}},"1":{"start":{"line":10,"column":23},"end":{"line":10,"column":119}},"2":{"start":{"line":11,"column":22},"end":{"line":11,"column":99}},"3":{"start":{"line":13,"column":18},"end":{"line":65,"column":1}},"4":{"start":{"line":67,"column":21},"end":{"line":72,"column":1}},"5":{"start":{"line":74,"column":18},"end":{"line":78,"column":1}},"6":{"start":{"line":81,"column":17},"end":{"line":81,"column":33}},"7":{"start":{"line":82,"column":2},"end":{"line":82,"column":null}},"8":{"start":{"line":83,"column":2},"end":{"line":83,"column":null}},"9":{"start":{"line":84,"column":2},"end":{"line":84,"column":null}},"10":{"start":{"line":85,"column":2},"end":{"line":85,"column":null}},"11":{"start":{"line":89,"column":21},"end":{"line":89,"column":54}},"12":{"start":{"line":90,"column":2},"end":{"line":90,"column":null}},"13":{"start":{"line":90,"column":55},"end":{"line":90,"column":null}},"14":{"start":{"line":91,"column":2},"end":{"line":95,"column":null}},"15":{"start":{"line":92,"column":4},"end":{"line":92,"column":null}},"16":{"start":{"line":94,"column":4},"end":{"line":94,"column":null}},"17":{"start":{"line":99,"column":2},"end":{"line":99,"column":null}},"18":{"start":{"line":103,"column":15},"end":{"line":103,"column":30}},"19":{"start":{"line":104,"column":2},"end":{"line":104,"column":null}},"20":{"start":{"line":108,"column":2},"end":{"line":108,"column":null}},"21":{"start":{"line":109,"column":2},"end":{"line":109,"column":null}},"22":{"start":{"line":110,"column":2},"end":{"line":110,"column":null}},"23":{"start":{"line":111,"column":2},"end":{"line":111,"column":null}},"24":{"start":{"line":112,"column":2},"end":{"line":112,"column":null}},"25":{"start":{"line":112,"column":44},"end":{"line":112,"column":87}},"26":{"start":{"line":116,"column":19},"end":{"line":119,"column":4}},"27":{"start":{"line":120,"column":2},"end":{"line":120,"column":null}},"28":{"start":{"line":120,"column":31},"end":{"line":120,"column":null}},"29":{"start":{"line":121,"column":18},"end":{"line":121,"column":57}},"30":{"start":{"line":121,"column":53},"end":{"line":121,"column":55}},"31":{"start":{"line":122,"column":2},"end":{"line":122,"column":null}},"32":{"start":{"line":122,"column":20},"end":{"line":122,"column":null}},"33":{"start":{"line":123,"column":2},"end":{"line":123,"column":null}},"34":{"start":{"line":127,"column":2},"end":{"line":127,"column":null}},"35":{"start":{"line":131,"column":17},"end":{"line":131,"column":60}},"36":{"start":{"line":132,"column":2},"end":{"line":135,"column":null}},"37":{"start":{"line":133,"column":4},"end":{"line":133,"column":null}},"38":{"start":{"line":134,"column":4},"end":{"line":134,"column":null}},"39":{"start":{"line":136,"column":2},"end":{"line":143,"column":null}},"40":{"start":{"line":137,"column":4},"end":{"line":137,"column":null}},"41":{"start":{"line":139,"column":4},"end":{"line":142,"column":null}},"42":{"start":{"line":140,"column":6},"end":{"line":140,"column":null}},"43":{"start":{"line":141,"column":6},"end":{"line":141,"column":null}},"44":{"start":{"line":147,"column":20},"end":{"line":147,"column":33}},"45":{"start":{"line":148,"column":2},"end":{"line":148,"column":null}},"46":{"start":{"line":148,"column":41},"end":{"line":148,"column":null}},"47":{"start":{"line":149,"column":2},"end":{"line":149,"column":null}},"48":{"start":{"line":150,"column":2},"end":{"line":150,"column":null}},"49":{"start":{"line":151,"column":2},"end":{"line":151,"column":null}},"50":{"start":{"line":152,"column":2},"end":{"line":152,"column":null}},"51":{"start":{"line":156,"column":2},"end":{"line":156,"column":null}},"52":{"start":{"line":156,"column":43},"end":{"line":156,"column":108}},"53":{"start":{"line":157,"column":2},"end":{"line":157,"column":null}},"54":{"start":{"line":157,"column":41},"end":{"line":157,"column":103}},"55":{"start":{"line":161,"column":2},"end":{"line":161,"column":null}},"56":{"start":{"line":162,"column":2},"end":{"line":162,"column":null}},"57":{"start":{"line":163,"column":2},"end":{"line":163,"column":null}},"58":{"start":{"line":164,"column":2},"end":{"line":164,"column":null}},"59":{"start":{"line":168,"column":2},"end":{"line":168,"column":null}},"60":{"start":{"line":169,"column":2},"end":{"line":175,"column":null}},"61":{"start":{"line":170,"column":19},"end":{"line":170,"column":51}},"62":{"start":{"line":171,"column":4},"end":{"line":171,"column":null}},"63":{"start":{"line":172,"column":4},"end":{"line":172,"column":null}},"64":{"start":{"line":173,"column":4},"end":{"line":173,"column":null}},"65":{"start":{"line":174,"column":4},"end":{"line":174,"column":null}},"66":{"start":{"line":176,"column":2},"end":{"line":181,"column":null}},"67":{"start":{"line":177,"column":19},"end":{"line":177,"column":51}},"68":{"start":{"line":178,"column":4},"end":{"line":178,"column":null}},"69":{"start":{"line":179,"column":4},"end":{"line":179,"column":null}},"70":{"start":{"line":180,"column":4},"end":{"line":180,"column":null}},"71":{"start":{"line":185,"column":2},"end":{"line":185,"column":null}},"72":{"start":{"line":186,"column":17},"end":{"line":186,"column":108}},"73":{"start":{"line":186,"column":52},"end":{"line":186,"column":107}},"74":{"start":{"line":188,"column":2},"end":{"line":194,"column":null}},"75":{"start":{"line":189,"column":17},"end":{"line":189,"column":41}},"76":{"start":{"line":190,"column":4},"end":{"line":193,"column":null}},"77":{"start":{"line":191,"column":6},"end":{"line":192,"column":null}},"78":{"start":{"line":196,"column":2},"end":{"line":202,"column":null}},"79":{"start":{"line":197,"column":19},"end":{"line":197,"column":51}},"80":{"start":{"line":198,"column":4},"end":{"line":198,"column":null}},"81":{"start":{"line":199,"column":4},"end":{"line":199,"column":null}},"82":{"start":{"line":200,"column":4},"end":{"line":200,"column":null}},"83":{"start":{"line":201,"column":4},"end":{"line":201,"column":null}},"84":{"start":{"line":203,"column":2},"end":{"line":208,"column":null}},"85":{"start":{"line":204,"column":19},"end":{"line":204,"column":51}},"86":{"start":{"line":205,"column":4},"end":{"line":205,"column":null}},"87":{"start":{"line":206,"column":4},"end":{"line":206,"column":null}},"88":{"start":{"line":207,"column":4},"end":{"line":207,"column":null}},"89":{"start":{"line":212,"column":2},"end":{"line":212,"column":null}},"90":{"start":{"line":213,"column":2},"end":{"line":215,"column":null}},"91":{"start":{"line":216,"column":2},"end":{"line":218,"column":null}},"92":{"start":{"line":219,"column":2},"end":{"line":222,"column":null}},"93":{"start":{"line":226,"column":2},"end":{"line":226,"column":null}},"94":{"start":{"line":227,"column":2},"end":{"line":230,"column":null}},"95":{"start":{"line":228,"column":4},"end":{"line":228,"column":null}},"96":{"start":{"line":229,"column":4},"end":{"line":229,"column":null}},"97":{"start":{"line":231,"column":2},"end":{"line":262,"column":null}},"98":{"start":{"line":232,"column":16},"end":{"line":232,"column":49}},"99":{"start":{"line":233,"column":4},"end":{"line":233,"column":null}},"100":{"start":{"line":234,"column":4},"end":{"line":234,"column":null}},"101":{"start":{"line":235,"column":4},"end":{"line":248,"column":null}},"102":{"start":{"line":249,"column":19},"end":{"line":249,"column":53}},"103":{"start":{"line":250,"column":4},"end":{"line":250,"column":null}},"104":{"start":{"line":250,"column":22},"end":{"line":250,"column":null}},"105":{"start":{"line":251,"column":4},"end":{"line":251,"column":null}},"106":{"start":{"line":252,"column":4},"end":{"line":252,"column":null}},"107":{"start":{"line":253,"column":4},"end":{"line":253,"column":null}},"108":{"start":{"line":254,"column":4},"end":{"line":254,"column":null}},"109":{"start":{"line":255,"column":4},"end":{"line":257,"column":null}},"110":{"start":{"line":256,"column":6},"end":{"line":256,"column":null}},"111":{"start":{"line":256,"column":76},"end":{"line":256,"column":99}},"112":{"start":{"line":258,"column":4},"end":{"line":258,"column":null}},"113":{"start":{"line":258,"column":72},"end":{"line":258,"column":94}},"114":{"start":{"line":259,"column":4},"end":{"line":259,"column":null}},"115":{"start":{"line":259,"column":75},"end":{"line":259,"column":99}},"116":{"start":{"line":260,"column":4},"end":{"line":260,"column":null}},"117":{"start":{"line":260,"column":74},"end":{"line":260,"column":97}},"118":{"start":{"line":261,"column":4},"end":{"line":261,"column":null}},"119":{"start":{"line":266,"column":2},"end":{"line":266,"column":null}},"120":{"start":{"line":267,"column":2},"end":{"line":270,"column":null}},"121":{"start":{"line":268,"column":4},"end":{"line":268,"column":null}},"122":{"start":{"line":269,"column":4},"end":{"line":269,"column":null}},"123":{"start":{"line":271,"column":2},"end":{"line":296,"column":null}},"124":{"start":{"line":272,"column":16},"end":{"line":272,"column":49}},"125":{"start":{"line":273,"column":4},"end":{"line":273,"column":null}},"126":{"start":{"line":274,"column":4},"end":{"line":274,"column":null}},"127":{"start":{"line":275,"column":4},"end":{"line":288,"column":null}},"128":{"start":{"line":289,"column":4},"end":{"line":289,"column":null}},"129":{"start":{"line":290,"column":4},"end":{"line":290,"column":null}},"130":{"start":{"line":291,"column":4},"end":{"line":291,"column":null}},"131":{"start":{"line":292,"column":4},"end":{"line":292,"column":null}},"132":{"start":{"line":293,"column":4},"end":{"line":293,"column":null}},"133":{"start":{"line":293,"column":74},"end":{"line":293,"column":98}},"134":{"start":{"line":294,"column":4},"end":{"line":294,"column":null}},"135":{"start":{"line":294,"column":75},"end":{"line":294,"column":100}},"136":{"start":{"line":295,"column":4},"end":{"line":295,"column":null}},"137":{"start":{"line":300,"column":2},"end":{"line":307,"column":null}},"138":{"start":{"line":311,"column":2},"end":{"line":311,"column":null}},"139":{"start":{"line":315,"column":2},"end":{"line":315,"column":null}},"140":{"start":{"line":316,"column":2},"end":{"line":319,"column":null}},"141":{"start":{"line":317,"column":4},"end":{"line":317,"column":null}},"142":{"start":{"line":318,"column":4},"end":{"line":318,"column":null}},"143":{"start":{"line":320,"column":2},"end":{"line":340,"column":null}},"144":{"start":{"line":321,"column":16},"end":{"line":321,"column":49}},"145":{"start":{"line":322,"column":21},"end":{"line":322,"column":60}},"146":{"start":{"line":323,"column":4},"end":{"line":323,"column":null}},"147":{"start":{"line":324,"column":4},"end":{"line":324,"column":null}},"148":{"start":{"line":325,"column":4},"end":{"line":334,"column":null}},"149":{"start":{"line":335,"column":4},"end":{"line":335,"column":null}},"150":{"start":{"line":336,"column":4},"end":{"line":336,"column":null}},"151":{"start":{"line":337,"column":4},"end":{"line":337,"column":null}},"152":{"start":{"line":338,"column":4},"end":{"line":338,"column":null}},"153":{"start":{"line":339,"column":4},"end":{"line":339,"column":null}},"154":{"start":{"line":344,"column":2},"end":{"line":344,"column":null}},"155":{"start":{"line":345,"column":2},"end":{"line":349,"column":null}},"156":{"start":{"line":346,"column":4},"end":{"line":346,"column":null}},"157":{"start":{"line":347,"column":4},"end":{"line":347,"column":null}},"158":{"start":{"line":348,"column":4},"end":{"line":348,"column":null}},"159":{"start":{"line":350,"column":13},"end":{"line":350,"column":32}},"160":{"start":{"line":351,"column":17},"end":{"line":351,"column":31}},"161":{"start":{"line":352,"column":18},"end":{"line":352,"column":33}},"162":{"start":{"line":354,"column":2},"end":{"line":354,"column":null}},"163":{"start":{"line":355,"column":2},"end":{"line":391,"column":null}},"164":{"start":{"line":395,"column":2},"end":{"line":395,"column":null}},"165":{"start":{"line":396,"column":2},"end":{"line":396,"column":null}},"166":{"start":{"line":397,"column":2},"end":{"line":397,"column":null}},"167":{"start":{"line":398,"column":2},"end":{"line":398,"column":null}},"168":{"start":{"line":399,"column":2},"end":{"line":399,"column":null}},"169":{"start":{"line":400,"column":2},"end":{"line":400,"column":null}},"170":{"start":{"line":404,"column":17},"end":{"line":404,"column":63}},"171":{"start":{"line":405,"column":53},"end":{"line":410,"column":4}},"172":{"start":{"line":411,"column":2},"end":{"line":411,"column":null}},"173":{"start":{"line":412,"column":2},"end":{"line":412,"column":null}},"174":{"start":{"line":413,"column":2},"end":{"line":413,"column":null}},"175":{"start":{"line":414,"column":2},"end":{"line":414,"column":null}},"176":{"start":{"line":415,"column":2},"end":{"line":415,"column":null}},"177":{"start":{"line":419,"column":2},"end":{"line":419,"column":null}},"178":{"start":{"line":420,"column":2},"end":{"line":420,"column":null}},"179":{"start":{"line":421,"column":2},"end":{"line":421,"column":null}},"180":{"start":{"line":422,"column":2},"end":{"line":422,"column":null}},"181":{"start":{"line":423,"column":2},"end":{"line":423,"column":null}},"182":{"start":{"line":424,"column":2},"end":{"line":424,"column":null}},"183":{"start":{"line":425,"column":2},"end":{"line":425,"column":null}},"184":{"start":{"line":426,"column":2},"end":{"line":426,"column":null}},"185":{"start":{"line":427,"column":2},"end":{"line":427,"column":null}},"186":{"start":{"line":428,"column":2},"end":{"line":428,"column":null}},"187":{"start":{"line":429,"column":2},"end":{"line":429,"column":null}},"188":{"start":{"line":433,"column":2},"end":{"line":433,"column":null}},"189":{"start":{"line":433,"column":53},"end":{"line":433,"column":null}},"190":{"start":{"line":434,"column":2},"end":{"line":443,"column":null}},"191":{"start":{"line":435,"column":4},"end":{"line":438,"column":null}},"192":{"start":{"line":439,"column":4},"end":{"line":439,"column":null}},"193":{"start":{"line":440,"column":4},"end":{"line":440,"column":null}},"194":{"start":{"line":442,"column":4},"end":{"line":442,"column":null}},"195":{"start":{"line":447,"column":2},"end":{"line":447,"column":null}},"196":{"start":{"line":448,"column":2},"end":{"line":448,"column":null}},"197":{"start":{"line":449,"column":2},"end":{"line":449,"column":null}},"198":{"start":{"line":453,"column":2},"end":{"line":453,"column":null}},"199":{"start":{"line":453,"column":40},"end":{"line":453,"column":null}},"200":{"start":{"line":454,"column":2},"end":{"line":460,"column":null}},"201":{"start":{"line":455,"column":4},"end":{"line":455,"column":null}},"202":{"start":{"line":456,"column":4},"end":{"line":456,"column":null}},"203":{"start":{"line":457,"column":4},"end":{"line":457,"column":null}},"204":{"start":{"line":459,"column":4},"end":{"line":459,"column":null}},"205":{"start":{"line":464,"column":2},"end":{"line":464,"column":null}},"206":{"start":{"line":464,"column":81},"end":{"line":464,"column":null}},"207":{"start":{"line":465,"column":2},"end":{"line":471,"column":null}},"208":{"start":{"line":466,"column":4},"end":{"line":466,"column":null}},"209":{"start":{"line":467,"column":4},"end":{"line":467,"column":null}},"210":{"start":{"line":468,"column":4},"end":{"line":468,"column":null}},"211":{"start":{"line":470,"column":4},"end":{"line":470,"column":null}},"212":{"start":{"line":475,"column":2},"end":{"line":475,"column":null}},"213":{"start":{"line":475,"column":62},"end":{"line":475,"column":null}},"214":{"start":{"line":476,"column":2},"end":{"line":482,"column":null}},"215":{"start":{"line":477,"column":4},"end":{"line":477,"column":null}},"216":{"start":{"line":478,"column":4},"end":{"line":478,"column":null}},"217":{"start":{"line":479,"column":4},"end":{"line":479,"column":null}},"218":{"start":{"line":481,"column":4},"end":{"line":481,"column":null}},"219":{"start":{"line":486,"column":2},"end":{"line":486,"column":null}},"220":{"start":{"line":486,"column":65},"end":{"line":486,"column":null}},"221":{"start":{"line":487,"column":2},"end":{"line":493,"column":null}},"222":{"start":{"line":488,"column":4},"end":{"line":488,"column":null}},"223":{"start":{"line":489,"column":4},"end":{"line":489,"column":null}},"224":{"start":{"line":490,"column":4},"end":{"line":490,"column":null}},"225":{"start":{"line":492,"column":4},"end":{"line":492,"column":null}},"226":{"start":{"line":497,"column":15},"end":{"line":497,"column":43}},"227":{"start":{"line":498,"column":2},"end":{"line":498,"column":null}},"228":{"start":{"line":498,"column":61},"end":{"line":498,"column":92}},"229":{"start":{"line":499,"column":2},"end":{"line":499,"column":null}},"230":{"start":{"line":499,"column":61},"end":{"line":499,"column":92}},"231":{"start":{"line":500,"column":2},"end":{"line":500,"column":null}},"232":{"start":{"line":500,"column":57},"end":{"line":500,"column":93}},"233":{"start":{"line":501,"column":2},"end":{"line":501,"column":null}},"234":{"start":{"line":501,"column":60},"end":{"line":501,"column":98}},"235":{"start":{"line":502,"column":2},"end":{"line":502,"column":null}},"236":{"start":{"line":505,"column":0},"end":{"line":505,"column":null}},"237":{"start":{"line":506,"column":0},"end":{"line":506,"column":null}},"238":{"start":{"line":507,"column":0},"end":{"line":507,"column":null}},"239":{"start":{"line":509,"column":0},"end":{"line":511,"column":null}},"240":{"start":{"line":510,"column":2},"end":{"line":510,"column":null}},"241":{"start":{"line":510,"column":41},"end":{"line":510,"column":67}},"242":{"start":{"line":513,"column":0},"end":{"line":533,"column":null}},"243":{"start":{"line":514,"column":2},"end":{"line":514,"column":null}},"244":{"start":{"line":515,"column":15},"end":{"line":515,"column":34}},"245":{"start":{"line":516,"column":18},"end":{"line":516,"column":38}},"246":{"start":{"line":517,"column":19},"end":{"line":517,"column":35}},"247":{"start":{"line":518,"column":2},"end":{"line":518,"column":null}},"248":{"start":{"line":519,"column":2},"end":{"line":532,"column":null}},"249":{"start":{"line":520,"column":4},"end":{"line":528,"column":null}},"250":{"start":{"line":521,"column":6},"end":{"line":525,"column":null}},"251":{"start":{"line":522,"column":8},"end":{"line":522,"column":null}},"252":{"start":{"line":524,"column":8},"end":{"line":524,"column":null}},"253":{"start":{"line":526,"column":6},"end":{"line":526,"column":null}},"254":{"start":{"line":527,"column":6},"end":{"line":527,"column":null}},"255":{"start":{"line":529,"column":4},"end":{"line":529,"column":null}},"256":{"start":{"line":531,"column":4},"end":{"line":531,"column":null}},"257":{"start":{"line":535,"column":0},"end":{"line":542,"column":null}},"258":{"start":{"line":536,"column":2},"end":{"line":536,"column":null}},"259":{"start":{"line":537,"column":2},"end":{"line":541,"column":null}},"260":{"start":{"line":538,"column":4},"end":{"line":538,"column":null}},"261":{"start":{"line":540,"column":4},"end":{"line":540,"column":null}},"262":{"start":{"line":544,"column":0},"end":{"line":544,"column":null}},"263":{"start":{"line":546,"column":0},"end":{"line":566,"column":null}},"264":{"start":{"line":547,"column":2},"end":{"line":547,"column":null}},"265":{"start":{"line":548,"column":15},"end":{"line":548,"column":34}},"266":{"start":{"line":549,"column":18},"end":{"line":549,"column":38}},"267":{"start":{"line":551,"column":2},"end":{"line":554,"column":null}},"268":{"start":{"line":552,"column":4},"end":{"line":552,"column":null}},"269":{"start":{"line":553,"column":4},"end":{"line":553,"column":null}},"270":{"start":{"line":556,"column":2},"end":{"line":565,"column":null}},"271":{"start":{"line":557,"column":4},"end":{"line":561,"column":null}},"272":{"start":{"line":558,"column":6},"end":{"line":558,"column":null}},"273":{"start":{"line":559,"column":6},"end":{"line":559,"column":null}},"274":{"start":{"line":560,"column":6},"end":{"line":560,"column":null}},"275":{"start":{"line":562,"column":4},"end":{"line":562,"column":null}},"276":{"start":{"line":564,"column":4},"end":{"line":564,"column":null}},"277":{"start":{"line":568,"column":0},"end":{"line":587,"column":null}},"278":{"start":{"line":569,"column":2},"end":{"line":569,"column":null}},"279":{"start":{"line":570,"column":15},"end":{"line":570,"column":34}},"280":{"start":{"line":571,"column":18},"end":{"line":571,"column":38}},"281":{"start":{"line":572,"column":2},"end":{"line":586,"column":null}},"282":{"start":{"line":573,"column":4},"end":{"line":582,"column":null}},"283":{"start":{"line":574,"column":21},"end":{"line":577,"column":8}},"284":{"start":{"line":578,"column":6},"end":{"line":578,"column":null}},"285":{"start":{"line":579,"column":6},"end":{"line":579,"column":null}},"286":{"start":{"line":580,"column":6},"end":{"line":580,"column":null}},"287":{"start":{"line":581,"column":6},"end":{"line":581,"column":null}},"288":{"start":{"line":583,"column":4},"end":{"line":583,"column":null}},"289":{"start":{"line":585,"column":4},"end":{"line":585,"column":null}},"290":{"start":{"line":589,"column":0},"end":{"line":611,"column":null}},"291":{"start":{"line":590,"column":2},"end":{"line":590,"column":null}},"292":{"start":{"line":591,"column":15},"end":{"line":591,"column":34}},"293":{"start":{"line":592,"column":18},"end":{"line":592,"column":38}},"294":{"start":{"line":593,"column":2},"end":{"line":598,"column":null}},"295":{"start":{"line":594,"column":4},"end":{"line":594,"column":null}},"296":{"start":{"line":595,"column":4},"end":{"line":595,"column":null}},"297":{"start":{"line":596,"column":4},"end":{"line":596,"column":null}},"298":{"start":{"line":597,"column":4},"end":{"line":597,"column":null}},"299":{"start":{"line":599,"column":2},"end":{"line":610,"column":null}},"300":{"start":{"line":600,"column":4},"end":{"line":606,"column":null}},"301":{"start":{"line":601,"column":21},"end":{"line":601,"column":107}},"302":{"start":{"line":602,"column":6},"end":{"line":602,"column":null}},"303":{"start":{"line":603,"column":6},"end":{"line":603,"column":null}},"304":{"start":{"line":604,"column":6},"end":{"line":604,"column":null}},"305":{"start":{"line":605,"column":6},"end":{"line":605,"column":null}},"306":{"start":{"line":607,"column":4},"end":{"line":607,"column":null}},"307":{"start":{"line":609,"column":4},"end":{"line":609,"column":null}},"308":{"start":{"line":613,"column":0},"end":{"line":613,"column":null}},"309":{"start":{"line":614,"column":0},"end":{"line":614,"column":null}},"310":{"start":{"line":616,"column":0},"end":{"line":622,"column":null}},"311":{"start":{"line":617,"column":2},"end":{"line":620,"column":null}},"312":{"start":{"line":618,"column":4},"end":{"line":618,"column":null}},"313":{"start":{"line":619,"column":4},"end":{"line":619,"column":null}},"314":{"start":{"line":621,"column":2},"end":{"line":621,"column":null}},"315":{"start":{"line":624,"column":0},"end":{"line":626,"column":null}},"316":{"start":{"line":625,"column":2},"end":{"line":625,"column":null}},"317":{"start":{"line":625,"column":29},"end":{"line":625,"column":62}},"318":{"start":{"line":625,"column":79},"end":{"line":625,"column":107}},"319":{"start":{"line":628,"column":0},"end":{"line":632,"column":null}},"320":{"start":{"line":629,"column":20},"end":{"line":629,"column":84}},"321":{"start":{"line":630,"column":2},"end":{"line":630,"column":null}},"322":{"start":{"line":631,"column":2},"end":{"line":631,"column":null}},"323":{"start":{"line":635,"column":2},"end":{"line":635,"column":null}},"324":{"start":{"line":636,"column":2},"end":{"line":636,"column":null}},"325":{"start":{"line":637,"column":2},"end":{"line":637,"column":null}},"326":{"start":{"line":637,"column":29},"end":{"line":637,"column":null}},"327":{"start":{"line":638,"column":2},"end":{"line":638,"column":null}},"328":{"start":{"line":638,"column":27},"end":{"line":638,"column":null}},"329":{"start":{"line":639,"column":2},"end":{"line":639,"column":null}},"330":{"start":{"line":639,"column":27},"end":{"line":639,"column":null}},"331":{"start":{"line":640,"column":2},"end":{"line":640,"column":null}},"332":{"start":{"line":640,"column":30},"end":{"line":640,"column":null}},"333":{"start":{"line":641,"column":2},"end":{"line":641,"column":null}},"334":{"start":{"line":641,"column":31},"end":{"line":641,"column":null}},"335":{"start":{"line":642,"column":2},"end":{"line":642,"column":null}},"336":{"start":{"line":642,"column":27},"end":{"line":642,"column":null}},"337":{"start":{"line":643,"column":2},"end":{"line":643,"column":null}},"338":{"start":{"line":643,"column":28},"end":{"line":643,"column":null}},"339":{"start":{"line":647,"column":2},"end":{"line":647,"column":null}},"340":{"start":{"line":648,"column":2},"end":{"line":648,"column":null}},"341":{"start":{"line":649,"column":2},"end":{"line":649,"column":null}},"342":{"start":{"line":650,"column":2},"end":{"line":654,"column":null}},"343":{"start":{"line":651,"column":4},"end":{"line":651,"column":null}},"344":{"start":{"line":652,"column":9},"end":{"line":654,"column":null}},"345":{"start":{"line":653,"column":4},"end":{"line":653,"column":null}},"346":{"start":{"line":658,"column":2},"end":{"line":658,"column":null}},"347":{"start":{"line":659,"column":2},"end":{"line":659,"column":null}},"348":{"start":{"line":660,"column":2},"end":{"line":660,"column":null}},"349":{"start":{"line":661,"column":2},"end":{"line":661,"column":null}},"350":{"start":{"line":665,"column":2},"end":{"line":665,"column":null}},"351":{"start":{"line":665,"column":29},"end":{"line":665,"column":null}},"352":{"start":{"line":666,"column":2},"end":{"line":666,"column":null}},"353":{"start":{"line":666,"column":27},"end":{"line":666,"column":null}},"354":{"start":{"line":667,"column":2},"end":{"line":667,"column":null}},"355":{"start":{"line":667,"column":27},"end":{"line":667,"column":null}},"356":{"start":{"line":668,"column":2},"end":{"line":668,"column":null}},"357":{"start":{"line":668,"column":27},"end":{"line":668,"column":null}},"358":{"start":{"line":669,"column":2},"end":{"line":669,"column":null}},"359":{"start":{"line":669,"column":28},"end":{"line":669,"column":null}},"360":{"start":{"line":670,"column":2},"end":{"line":670,"column":null}},"361":{"start":{"line":670,"column":30},"end":{"line":670,"column":null}},"362":{"start":{"line":671,"column":2},"end":{"line":674,"column":null}},"363":{"start":{"line":672,"column":4},"end":{"line":672,"column":null}},"364":{"start":{"line":673,"column":4},"end":{"line":673,"column":null}},"365":{"start":{"line":676,"column":2},"end":{"line":676,"column":null}},"366":{"start":{"line":676,"column":33},"end":{"line":676,"column":61}},"367":{"start":{"line":680,"column":2},"end":{"line":680,"column":null}},"368":{"start":{"line":680,"column":29},"end":{"line":680,"column":null}},"369":{"start":{"line":681,"column":2},"end":{"line":681,"column":null}},"370":{"start":{"line":681,"column":27},"end":{"line":681,"column":null}},"371":{"start":{"line":682,"column":2},"end":{"line":682,"column":null}},"372":{"start":{"line":682,"column":27},"end":{"line":682,"column":null}},"373":{"start":{"line":683,"column":2},"end":{"line":683,"column":null}},"374":{"start":{"line":683,"column":27},"end":{"line":683,"column":null}},"375":{"start":{"line":684,"column":2},"end":{"line":684,"column":null}},"376":{"start":{"line":684,"column":28},"end":{"line":684,"column":null}},"377":{"start":{"line":685,"column":2},"end":{"line":685,"column":null}},"378":{"start":{"line":685,"column":30},"end":{"line":685,"column":null}},"379":{"start":{"line":686,"column":2},"end":{"line":689,"column":null}},"380":{"start":{"line":687,"column":4},"end":{"line":687,"column":null}},"381":{"start":{"line":688,"column":4},"end":{"line":688,"column":null}},"382":{"start":{"line":691,"column":2},"end":{"line":691,"column":null}},"383":{"start":{"line":695,"column":2},"end":{"line":805,"column":null}},"384":{"start":{"line":696,"column":21},"end":{"line":696,"column":41}},"385":{"start":{"line":698,"column":19},"end":{"line":698,"column":64}},"386":{"start":{"line":699,"column":4},"end":{"line":699,"column":null}},"387":{"start":{"line":702,"column":4},"end":{"line":715,"column":null}},"388":{"start":{"line":703,"column":24},"end":{"line":703,"column":42}},"389":{"start":{"line":704,"column":6},"end":{"line":714,"column":null}},"390":{"start":{"line":718,"column":21},"end":{"line":718,"column":75}},"391":{"start":{"line":721,"column":4},"end":{"line":737,"column":null}},"392":{"start":{"line":722,"column":6},"end":{"line":722,"column":null}},"393":{"start":{"line":723,"column":29},"end":{"line":723,"column":72}},"394":{"start":{"line":723,"column":50},"end":{"line":723,"column":71}},"395":{"start":{"line":724,"column":6},"end":{"line":736,"column":null}},"396":{"start":{"line":725,"column":20},"end":{"line":725,"column":52}},"397":{"start":{"line":726,"column":8},"end":{"line":726,"column":null}},"398":{"start":{"line":727,"column":8},"end":{"line":727,"column":null}},"399":{"start":{"line":728,"column":8},"end":{"line":728,"column":null}},"400":{"start":{"line":730,"column":8},"end":{"line":735,"column":null}},"401":{"start":{"line":731,"column":22},"end":{"line":731,"column":54}},"402":{"start":{"line":732,"column":10},"end":{"line":732,"column":null}},"403":{"start":{"line":733,"column":10},"end":{"line":733,"column":null}},"404":{"start":{"line":734,"column":10},"end":{"line":734,"column":null}},"405":{"start":{"line":740,"column":4},"end":{"line":765,"column":null}},"406":{"start":{"line":741,"column":6},"end":{"line":741,"column":null}},"407":{"start":{"line":742,"column":6},"end":{"line":764,"column":null}},"408":{"start":{"line":743,"column":8},"end":{"line":743,"column":null}},"409":{"start":{"line":745,"column":8},"end":{"line":763,"column":null}},"410":{"start":{"line":746,"column":27},"end":{"line":746,"column":48}},"411":{"start":{"line":747,"column":23},"end":{"line":747,"column":52}},"412":{"start":{"line":748,"column":10},"end":{"line":748,"column":null}},"413":{"start":{"line":749,"column":10},"end":{"line":761,"column":null}},"414":{"start":{"line":762,"column":10},"end":{"line":762,"column":null}},"415":{"start":{"line":768,"column":4},"end":{"line":801,"column":null}},"416":{"start":{"line":769,"column":6},"end":{"line":769,"column":null}},"417":{"start":{"line":770,"column":28},"end":{"line":770,"column":30}},"418":{"start":{"line":771,"column":6},"end":{"line":774,"column":null}},"419":{"start":{"line":772,"column":20},"end":{"line":772,"column":90}},"420":{"start":{"line":773,"column":8},"end":{"line":773,"column":null}},"421":{"start":{"line":777,"column":6},"end":{"line":777,"column":null}},"422":{"start":{"line":777,"column":37},"end":{"line":777,"column":82}},"423":{"start":{"line":780,"column":24},"end":{"line":780,"column":52}},"424":{"start":{"line":782,"column":6},"end":{"line":800,"column":null}},"425":{"start":{"line":783,"column":8},"end":{"line":783,"column":null}},"426":{"start":{"line":785,"column":8},"end":{"line":799,"column":null}},"427":{"start":{"line":786,"column":28},"end":{"line":786,"column":115}},"428":{"start":{"line":787,"column":23},"end":{"line":787,"column":52}},"429":{"start":{"line":788,"column":10},"end":{"line":788,"column":null}},"430":{"start":{"line":789,"column":10},"end":{"line":797,"column":null}},"431":{"start":{"line":798,"column":10},"end":{"line":798,"column":null}},"432":{"start":{"line":804,"column":4},"end":{"line":804,"column":null}},"433":{"start":{"line":809,"column":2},"end":{"line":809,"column":null}},"434":{"start":{"line":812,"column":2},"end":{"line":826,"column":null}},"435":{"start":{"line":813,"column":4},"end":{"line":818,"column":null}},"436":{"start":{"line":814,"column":6},"end":{"line":814,"column":null}},"437":{"start":{"line":815,"column":6},"end":{"line":815,"column":null}},"438":{"start":{"line":816,"column":6},"end":{"line":816,"column":null}},"439":{"start":{"line":817,"column":6},"end":{"line":817,"column":null}},"440":{"start":{"line":820,"column":4},"end":{"line":825,"column":null}},"441":{"start":{"line":821,"column":6},"end":{"line":821,"column":null}},"442":{"start":{"line":822,"column":6},"end":{"line":822,"column":null}},"443":{"start":{"line":823,"column":6},"end":{"line":823,"column":null}},"444":{"start":{"line":824,"column":6},"end":{"line":824,"column":null}},"445":{"start":{"line":829,"column":2},"end":{"line":843,"column":null}},"446":{"start":{"line":830,"column":4},"end":{"line":842,"column":null}},"447":{"start":{"line":831,"column":6},"end":{"line":831,"column":null}},"448":{"start":{"line":832,"column":20},"end":{"line":832,"column":86}},"449":{"start":{"line":833,"column":6},"end":{"line":841,"column":null}},"450":{"start":{"line":834,"column":20},"end":{"line":837,"column":10}},"451":{"start":{"line":838,"column":8},"end":{"line":838,"column":null}},"452":{"start":{"line":840,"column":8},"end":{"line":840,"column":null}},"453":{"start":{"line":845,"column":2},"end":{"line":860,"column":null}},"454":{"start":{"line":846,"column":4},"end":{"line":859,"column":null}},"455":{"start":{"line":847,"column":6},"end":{"line":847,"column":null}},"456":{"start":{"line":848,"column":23},"end":{"line":848,"column":93}},"457":{"start":{"line":849,"column":23},"end":{"line":849,"column":93}},"458":{"start":{"line":850,"column":6},"end":{"line":858,"column":null}},"459":{"start":{"line":851,"column":20},"end":{"line":854,"column":10}},"460":{"start":{"line":855,"column":8},"end":{"line":855,"column":null}},"461":{"start":{"line":857,"column":8},"end":{"line":857,"column":null}},"462":{"start":{"line":863,"column":2},"end":{"line":865,"column":null}},"463":{"start":{"line":864,"column":4},"end":{"line":864,"column":null}},"464":{"start":{"line":868,"column":2},"end":{"line":902,"column":null}},"465":{"start":{"line":869,"column":4},"end":{"line":901,"column":null}},"466":{"start":{"line":870,"column":6},"end":{"line":870,"column":null}},"467":{"start":{"line":871,"column":24},"end":{"line":871,"column":96}},"468":{"start":{"line":872,"column":6},"end":{"line":875,"column":null}},"469":{"start":{"line":873,"column":8},"end":{"line":873,"column":null}},"470":{"start":{"line":874,"column":8},"end":{"line":874,"column":null}},"471":{"start":{"line":876,"column":22},"end":{"line":876,"column":67}},"472":{"start":{"line":877,"column":19},"end":{"line":877,"column":46}},"473":{"start":{"line":878,"column":21},"end":{"line":878,"column":35}},"474":{"start":{"line":879,"column":26},"end":{"line":879,"column":45}},"475":{"start":{"line":881,"column":6},"end":{"line":900,"column":null}},"476":{"start":{"line":882,"column":8},"end":{"line":894,"column":null}},"477":{"start":{"line":883,"column":10},"end":{"line":893,"column":null}},"478":{"start":{"line":884,"column":12},"end":{"line":887,"column":null}},"479":{"start":{"line":889,"column":12},"end":{"line":892,"column":null}},"480":{"start":{"line":895,"column":8},"end":{"line":895,"column":null}},"481":{"start":{"line":896,"column":8},"end":{"line":896,"column":null}},"482":{"start":{"line":897,"column":8},"end":{"line":897,"column":null}},"483":{"start":{"line":899,"column":8},"end":{"line":899,"column":null}},"484":{"start":{"line":905,"column":20},"end":{"line":905,"column":52}},"485":{"start":{"line":906,"column":2},"end":{"line":921,"column":null}},"486":{"start":{"line":907,"column":4},"end":{"line":918,"column":null}},"487":{"start":{"line":908,"column":6},"end":{"line":908,"column":null}},"488":{"start":{"line":909,"column":6},"end":{"line":915,"column":null}},"489":{"start":{"line":910,"column":8},"end":{"line":910,"column":null}},"490":{"start":{"line":911,"column":13},"end":{"line":915,"column":null}},"491":{"start":{"line":912,"column":8},"end":{"line":912,"column":null}},"492":{"start":{"line":914,"column":8},"end":{"line":914,"column":null}},"493":{"start":{"line":917,"column":6},"end":{"line":917,"column":null}},"494":{"start":{"line":920,"column":4},"end":{"line":920,"column":null}},"495":{"start":{"line":925,"column":0},"end":{"line":925,"column":null}},"496":{"start":{"line":926,"column":0},"end":{"line":926,"column":null}},"497":{"start":{"line":928,"column":0},"end":{"line":928,"column":null}}},"fnMap":{"0":{"name":"applyTheme","decl":{"start":{"line":80,"column":9},"end":{"line":80,"column":19}},"loc":{"start":{"line":80,"column":27},"end":{"line":86,"column":null}},"line":80},"1":{"name":"loadThemePreference","decl":{"start":{"line":88,"column":9},"end":{"line":88,"column":28}},"loc":{"start":{"line":88,"column":31},"end":{"line":96,"column":null}},"line":88},"2":{"name":"formatMoney","decl":{"start":{"line":98,"column":9},"end":{"line":98,"column":20}},"loc":{"start":{"line":98,"column":28},"end":{"line":100,"column":null}},"line":98},"3":{"name":"formatDate","decl":{"start":{"line":102,"column":9},"end":{"line":102,"column":19}},"loc":{"start":{"line":102,"column":27},"end":{"line":105,"column":null}},"line":102},"4":{"name":"showToast","decl":{"start":{"line":107,"column":9},"end":{"line":107,"column":18}},"loc":{"start":{"line":107,"column":45},"end":{"line":113,"column":null}},"line":107},"5":{"name":"(anonymous_5)","decl":{"start":{"line":112,"column":38},"end":{"line":112,"column":39}},"loc":{"start":{"line":112,"column":44},"end":{"line":112,"column":87}},"line":112},"6":{"name":"requestJson","decl":{"start":{"line":115,"column":15},"end":{"line":115,"column":26}},"loc":{"start":{"line":115,"column":46},"end":{"line":124,"column":null}},"line":115},"7":{"name":"(anonymous_7)","decl":{"start":{"line":121,"column":46},"end":{"line":121,"column":47}},"loc":{"start":{"line":121,"column":53},"end":{"line":121,"column":55}},"line":121},"8":{"name":"getFormPayload","decl":{"start":{"line":126,"column":9},"end":{"line":126,"column":23}},"loc":{"start":{"line":126,"column":30},"end":{"line":128,"column":null}},"line":126},"9":{"name":"withLoading","decl":{"start":{"line":130,"column":15},"end":{"line":130,"column":26}},"loc":{"start":{"line":130,"column":39},"end":{"line":144,"column":null}},"line":130},"10":{"name":"updateMetric","decl":{"start":{"line":146,"column":9},"end":{"line":146,"column":21}},"loc":{"start":{"line":146,"column":38},"end":{"line":153,"column":null}},"line":146},"11":{"name":"setTab","decl":{"start":{"line":155,"column":9},"end":{"line":155,"column":15}},"loc":{"start":{"line":155,"column":25},"end":{"line":158,"column":null}},"line":155},"12":{"name":"(anonymous_12)","decl":{"start":{"line":156,"column":31},"end":{"line":156,"column":32}},"loc":{"start":{"line":156,"column":43},"end":{"line":156,"column":108}},"line":156},"13":{"name":"(anonymous_13)","decl":{"start":{"line":157,"column":30},"end":{"line":157,"column":31}},"loc":{"start":{"line":157,"column":41},"end":{"line":157,"column":103}},"line":157},"14":{"name":"renderSummary","decl":{"start":{"line":160,"column":9},"end":{"line":160,"column":22}},"loc":{"start":{"line":160,"column":25},"end":{"line":165,"column":null}},"line":160},"15":{"name":"setClientSelectOptions","decl":{"start":{"line":167,"column":9},"end":{"line":167,"column":31}},"loc":{"start":{"line":167,"column":40},"end":{"line":182,"column":null}},"line":167},"16":{"name":"setAccountSelectOptions","decl":{"start":{"line":184,"column":9},"end":{"line":184,"column":32}},"loc":{"start":{"line":184,"column":73},"end":{"line":209,"column":null}},"line":184},"17":{"name":"(anonymous_17)","decl":{"start":{"line":186,"column":39},"end":{"line":186,"column":40}},"loc":{"start":{"line":186,"column":52},"end":{"line":186,"column":107}},"line":186},"18":{"name":"(anonymous_18)","decl":{"start":{"line":190,"column":31},"end":{"line":190,"column":32}},"loc":{"start":{"line":191,"column":6},"end":{"line":192,"column":null}},"line":191},"19":{"name":"syncSelects","decl":{"start":{"line":211,"column":9},"end":{"line":211,"column":20}},"loc":{"start":{"line":211,"column":23},"end":{"line":223,"column":null}},"line":211},"20":{"name":"renderClients","decl":{"start":{"line":225,"column":9},"end":{"line":225,"column":22}},"loc":{"start":{"line":225,"column":25},"end":{"line":263,"column":null}},"line":225},"21":{"name":"(anonymous_21)","decl":{"start":{"line":231,"column":24},"end":{"line":231,"column":25}},"loc":{"start":{"line":231,"column":43},"end":{"line":262,"column":3}},"line":231},"22":{"name":"(anonymous_22)","decl":{"start":{"line":256,"column":70},"end":{"line":256,"column":71}},"loc":{"start":{"line":256,"column":76},"end":{"line":256,"column":99}},"line":256},"23":{"name":"(anonymous_23)","decl":{"start":{"line":258,"column":66},"end":{"line":258,"column":67}},"loc":{"start":{"line":258,"column":72},"end":{"line":258,"column":94}},"line":258},"24":{"name":"(anonymous_24)","decl":{"start":{"line":259,"column":69},"end":{"line":259,"column":70}},"loc":{"start":{"line":259,"column":75},"end":{"line":259,"column":99}},"line":259},"25":{"name":"(anonymous_25)","decl":{"start":{"line":260,"column":68},"end":{"line":260,"column":69}},"loc":{"start":{"line":260,"column":74},"end":{"line":260,"column":97}},"line":260},"26":{"name":"renderAccounts","decl":{"start":{"line":265,"column":9},"end":{"line":265,"column":23}},"loc":{"start":{"line":265,"column":26},"end":{"line":297,"column":null}},"line":265},"27":{"name":"(anonymous_27)","decl":{"start":{"line":271,"column":25},"end":{"line":271,"column":26}},"loc":{"start":{"line":271,"column":45},"end":{"line":296,"column":3}},"line":271},"28":{"name":"(anonymous_28)","decl":{"start":{"line":293,"column":68},"end":{"line":293,"column":69}},"loc":{"start":{"line":293,"column":74},"end":{"line":293,"column":98}},"line":293},"29":{"name":"(anonymous_29)","decl":{"start":{"line":294,"column":69},"end":{"line":294,"column":70}},"loc":{"start":{"line":294,"column":75},"end":{"line":294,"column":100}},"line":294},"30":{"name":"transactionLabel","decl":{"start":{"line":299,"column":9},"end":{"line":299,"column":25}},"loc":{"start":{"line":299,"column":32},"end":{"line":308,"column":null}},"line":299},"31":{"name":"isPositiveTransaction","decl":{"start":{"line":310,"column":9},"end":{"line":310,"column":30}},"loc":{"start":{"line":310,"column":37},"end":{"line":312,"column":null}},"line":310},"32":{"name":"renderTransactions","decl":{"start":{"line":314,"column":9},"end":{"line":314,"column":27}},"loc":{"start":{"line":314,"column":30},"end":{"line":341,"column":null}},"line":314},"33":{"name":"(anonymous_33)","decl":{"start":{"line":320,"column":29},"end":{"line":320,"column":30}},"loc":{"start":{"line":320,"column":53},"end":{"line":340,"column":3}},"line":320},"34":{"name":"renderReceipt","decl":{"start":{"line":343,"column":9},"end":{"line":343,"column":22}},"loc":{"start":{"line":343,"column":32},"end":{"line":392,"column":null}},"line":343},"35":{"name":"render","decl":{"start":{"line":394,"column":9},"end":{"line":394,"column":15}},"loc":{"start":{"line":394,"column":18},"end":{"line":401,"column":null}},"line":394},"36":{"name":"loadDashboard","decl":{"start":{"line":403,"column":15},"end":{"line":403,"column":28}},"loc":{"start":{"line":403,"column":41},"end":{"line":416,"column":null}},"line":403},"37":{"name":"fillClientForm","decl":{"start":{"line":418,"column":9},"end":{"line":418,"column":23}},"loc":{"start":{"line":418,"column":32},"end":{"line":430,"column":null}},"line":418},"38":{"name":"verifyClient","decl":{"start":{"line":432,"column":15},"end":{"line":432,"column":27}},"loc":{"start":{"line":432,"column":32},"end":{"line":444,"column":null}},"line":432},"39":{"name":"resetClientForm","decl":{"start":{"line":446,"column":9},"end":{"line":446,"column":24}},"loc":{"start":{"line":446,"column":27},"end":{"line":450,"column":null}},"line":446},"40":{"name":"archiveClient","decl":{"start":{"line":452,"column":15},"end":{"line":452,"column":28}},"loc":{"start":{"line":452,"column":33},"end":{"line":461,"column":null}},"line":452},"41":{"name":"deleteClient","decl":{"start":{"line":463,"column":15},"end":{"line":463,"column":27}},"loc":{"start":{"line":463,"column":32},"end":{"line":472,"column":null}},"line":463},"42":{"name":"closeAccount","decl":{"start":{"line":474,"column":15},"end":{"line":474,"column":27}},"loc":{"start":{"line":474,"column":32},"end":{"line":483,"column":null}},"line":474},"43":{"name":"deleteAccount","decl":{"start":{"line":485,"column":15},"end":{"line":485,"column":28}},"loc":{"start":{"line":485,"column":33},"end":{"line":494,"column":null}},"line":485},"44":{"name":"updateTransferFields","decl":{"start":{"line":496,"column":9},"end":{"line":496,"column":29}},"loc":{"start":{"line":496,"column":32},"end":{"line":503,"column":null}},"line":496},"45":{"name":"(anonymous_45)","decl":{"start":{"line":498,"column":53},"end":{"line":498,"column":54}},"loc":{"start":{"line":498,"column":61},"end":{"line":498,"column":92}},"line":498},"46":{"name":"(anonymous_46)","decl":{"start":{"line":499,"column":53},"end":{"line":499,"column":54}},"loc":{"start":{"line":499,"column":61},"end":{"line":499,"column":92}},"line":499},"47":{"name":"(anonymous_47)","decl":{"start":{"line":500,"column":49},"end":{"line":500,"column":50}},"loc":{"start":{"line":500,"column":57},"end":{"line":500,"column":93}},"line":500},"48":{"name":"(anonymous_48)","decl":{"start":{"line":501,"column":52},"end":{"line":501,"column":53}},"loc":{"start":{"line":501,"column":60},"end":{"line":501,"column":98}},"line":501},"49":{"name":"(anonymous_49)","decl":{"start":{"line":509,"column":29},"end":{"line":509,"column":30}},"loc":{"start":{"line":509,"column":41},"end":{"line":511,"column":1}},"line":509},"50":{"name":"(anonymous_50)","decl":{"start":{"line":510,"column":35},"end":{"line":510,"column":36}},"loc":{"start":{"line":510,"column":41},"end":{"line":510,"column":67}},"line":510},"51":{"name":"(anonymous_51)","decl":{"start":{"line":513,"column":48},"end":{"line":513,"column":53}},"loc":{"start":{"line":513,"column":65},"end":{"line":533,"column":1}},"line":513},"52":{"name":"(anonymous_52)","decl":{"start":{"line":520,"column":28},"end":{"line":520,"column":33}},"loc":{"start":{"line":520,"column":40},"end":{"line":528,"column":5}},"line":520},"53":{"name":"(anonymous_53)","decl":{"start":{"line":535,"column":54},"end":{"line":535,"column":59}},"loc":{"start":{"line":535,"column":71},"end":{"line":542,"column":1}},"line":535},"54":{"name":"(anonymous_54)","decl":{"start":{"line":546,"column":49},"end":{"line":546,"column":54}},"loc":{"start":{"line":546,"column":66},"end":{"line":566,"column":1}},"line":546},"55":{"name":"(anonymous_55)","decl":{"start":{"line":557,"column":28},"end":{"line":557,"column":33}},"loc":{"start":{"line":557,"column":40},"end":{"line":561,"column":5}},"line":557},"56":{"name":"(anonymous_56)","decl":{"start":{"line":568,"column":51},"end":{"line":568,"column":56}},"loc":{"start":{"line":568,"column":68},"end":{"line":587,"column":1}},"line":568},"57":{"name":"(anonymous_57)","decl":{"start":{"line":573,"column":28},"end":{"line":573,"column":33}},"loc":{"start":{"line":573,"column":40},"end":{"line":582,"column":5}},"line":573},"58":{"name":"(anonymous_58)","decl":{"start":{"line":589,"column":50},"end":{"line":589,"column":55}},"loc":{"start":{"line":589,"column":67},"end":{"line":611,"column":1}},"line":589},"59":{"name":"(anonymous_59)","decl":{"start":{"line":600,"column":28},"end":{"line":600,"column":33}},"loc":{"start":{"line":600,"column":40},"end":{"line":606,"column":5}},"line":600},"60":{"name":"(anonymous_60)","decl":{"start":{"line":616,"column":55},"end":{"line":616,"column":56}},"loc":{"start":{"line":616,"column":61},"end":{"line":622,"column":1}},"line":616},"61":{"name":"(anonymous_61)","decl":{"start":{"line":624,"column":50},"end":{"line":624,"column":51}},"loc":{"start":{"line":624,"column":56},"end":{"line":626,"column":1}},"line":624},"62":{"name":"(anonymous_62)","decl":{"start":{"line":625,"column":23},"end":{"line":625,"column":24}},"loc":{"start":{"line":625,"column":29},"end":{"line":625,"column":62}},"line":625},"63":{"name":"(anonymous_63)","decl":{"start":{"line":625,"column":70},"end":{"line":625,"column":71}},"loc":{"start":{"line":625,"column":79},"end":{"line":625,"column":107}},"line":625},"64":{"name":"(anonymous_64)","decl":{"start":{"line":628,"column":48},"end":{"line":628,"column":49}},"loc":{"start":{"line":628,"column":54},"end":{"line":632,"column":1}},"line":628},"65":{"name":"showLoginView","decl":{"start":{"line":634,"column":9},"end":{"line":634,"column":22}},"loc":{"start":{"line":634,"column":25},"end":{"line":644,"column":null}},"line":634},"66":{"name":"login","decl":{"start":{"line":646,"column":9},"end":{"line":646,"column":14}},"loc":{"start":{"line":646,"column":24},"end":{"line":655,"column":null}},"line":646},"67":{"name":"logout","decl":{"start":{"line":657,"column":9},"end":{"line":657,"column":15}},"loc":{"start":{"line":657,"column":18},"end":{"line":662,"column":null}},"line":657},"68":{"name":"showAdminView","decl":{"start":{"line":664,"column":9},"end":{"line":664,"column":22}},"loc":{"start":{"line":664,"column":25},"end":{"line":677,"column":null}},"line":664},"69":{"name":"(anonymous_69)","decl":{"start":{"line":676,"column":24},"end":{"line":676,"column":25}},"loc":{"start":{"line":676,"column":33},"end":{"line":676,"column":61}},"line":676},"70":{"name":"showClientView","decl":{"start":{"line":679,"column":15},"end":{"line":679,"column":29}},"loc":{"start":{"line":679,"column":32},"end":{"line":692,"column":null}},"line":679},"71":{"name":"loadClientDashboard","decl":{"start":{"line":694,"column":15},"end":{"line":694,"column":34}},"loc":{"start":{"line":694,"column":37},"end":{"line":806,"column":null}},"line":694},"72":{"name":"(anonymous_72)","decl":{"start":{"line":723,"column":45},"end":{"line":723,"column":46}},"loc":{"start":{"line":723,"column":50},"end":{"line":723,"column":71}},"line":723},"73":{"name":"(anonymous_73)","decl":{"start":{"line":730,"column":31},"end":{"line":730,"column":32}},"loc":{"start":{"line":730,"column":36},"end":{"line":735,"column":9}},"line":730},"74":{"name":"(anonymous_74)","decl":{"start":{"line":745,"column":25},"end":{"line":745,"column":26}},"loc":{"start":{"line":745,"column":30},"end":{"line":763,"column":9}},"line":745},"75":{"name":"(anonymous_75)","decl":{"start":{"line":777,"column":27},"end":{"line":777,"column":28}},"loc":{"start":{"line":777,"column":37},"end":{"line":777,"column":82}},"line":777},"76":{"name":"(anonymous_76)","decl":{"start":{"line":785,"column":26},"end":{"line":785,"column":27}},"loc":{"start":{"line":785,"column":31},"end":{"line":799,"column":9}},"line":785},"77":{"name":"initApp","decl":{"start":{"line":808,"column":15},"end":{"line":808,"column":22}},"loc":{"start":{"line":808,"column":25},"end":{"line":922,"column":null}},"line":808},"78":{"name":"(anonymous_78)","decl":{"start":{"line":813,"column":58},"end":{"line":813,"column":59}},"loc":{"start":{"line":813,"column":64},"end":{"line":818,"column":5}},"line":813},"79":{"name":"(anonymous_79)","decl":{"start":{"line":820,"column":57},"end":{"line":820,"column":58}},"loc":{"start":{"line":820,"column":63},"end":{"line":825,"column":5}},"line":820},"80":{"name":"(anonymous_80)","decl":{"start":{"line":830,"column":57},"end":{"line":830,"column":62}},"loc":{"start":{"line":830,"column":70},"end":{"line":842,"column":5}},"line":830},"81":{"name":"(anonymous_81)","decl":{"start":{"line":846,"column":56},"end":{"line":846,"column":61}},"loc":{"start":{"line":846,"column":69},"end":{"line":859,"column":5}},"line":846},"82":{"name":"(anonymous_82)","decl":{"start":{"line":869,"column":61},"end":{"line":869,"column":66}},"loc":{"start":{"line":869,"column":74},"end":{"line":901,"column":5}},"line":869},"83":{"name":"(anonymous_83)","decl":{"start":{"line":882,"column":57},"end":{"line":882,"column":62}},"loc":{"start":{"line":882,"column":69},"end":{"line":894,"column":9}},"line":882}},"branchMap":{"0":{"loc":{"start":{"line":84,"column":66},"end":{"line":84,"column":84}},"type":"cond-expr","locations":[{"start":{"line":84,"column":75},"end":{"line":84,"column":78}},{"start":{"line":84,"column":81},"end":{"line":84,"column":84}}],"line":84},"1":{"loc":{"start":{"line":85,"column":43},"end":{"line":85,"column":77}},"type":"cond-expr","locations":[{"start":{"line":85,"column":52},"end":{"line":85,"column":63}},{"start":{"line":85,"column":66},"end":{"line":85,"column":77}}],"line":85},"2":{"loc":{"start":{"line":90,"column":2},"end":{"line":90,"column":null}},"type":"if","locations":[{"start":{"line":90,"column":2},"end":{"line":90,"column":null}},{"start":{},"end":{}}],"line":90},"3":{"loc":{"start":{"line":90,"column":6},"end":{"line":90,"column":53}},"type":"binary-expr","locations":[{"start":{"line":90,"column":6},"end":{"line":90,"column":27}},{"start":{"line":90,"column":31},"end":{"line":90,"column":53}}],"line":90},"4":{"loc":{"start":{"line":92,"column":11},"end":{"line":92,"column":87}},"type":"cond-expr","locations":[{"start":{"line":92,"column":71},"end":{"line":92,"column":77}},{"start":{"line":92,"column":80},"end":{"line":92,"column":87}}],"line":92},"5":{"loc":{"start":{"line":99,"column":38},"end":{"line":99,"column":48}},"type":"binary-expr","locations":[{"start":{"line":99,"column":38},"end":{"line":99,"column":43}},{"start":{"line":99,"column":47},"end":{"line":99,"column":48}}],"line":99},"6":{"loc":{"start":{"line":104,"column":9},"end":{"line":104,"column":71}},"type":"cond-expr","locations":[{"start":{"line":104,"column":40},"end":{"line":104,"column":42}},{"start":{"line":104,"column":45},"end":{"line":104,"column":71}}],"line":104},"7":{"loc":{"start":{"line":107,"column":28},"end":{"line":107,"column":43}},"type":"default-arg","locations":[{"start":{"line":107,"column":38},"end":{"line":107,"column":43}}],"line":107},"8":{"loc":{"start":{"line":109,"column":37},"end":{"line":109,"column":68}},"type":"cond-expr","locations":[{"start":{"line":109,"column":47},"end":{"line":109,"column":56}},{"start":{"line":109,"column":59},"end":{"line":109,"column":68}}],"line":109},"9":{"loc":{"start":{"line":115,"column":32},"end":{"line":115,"column":44}},"type":"default-arg","locations":[{"start":{"line":115,"column":42},"end":{"line":115,"column":44}}],"line":115},"10":{"loc":{"start":{"line":117,"column":55},"end":{"line":117,"column":76}},"type":"binary-expr","locations":[{"start":{"line":117,"column":55},"end":{"line":117,"column":70}},{"start":{"line":117,"column":74},"end":{"line":117,"column":76}}],"line":117},"11":{"loc":{"start":{"line":120,"column":2},"end":{"line":120,"column":null}},"type":"if","locations":[{"start":{"line":120,"column":2},"end":{"line":120,"column":null}},{"start":{},"end":{}}],"line":120},"12":{"loc":{"start":{"line":122,"column":2},"end":{"line":122,"column":null}},"type":"if","locations":[{"start":{"line":122,"column":2},"end":{"line":122,"column":null}},{"start":{},"end":{}}],"line":122},"13":{"loc":{"start":{"line":122,"column":36},"end":{"line":122,"column":75}},"type":"binary-expr","locations":[{"start":{"line":122,"column":36},"end":{"line":122,"column":51}},{"start":{"line":122,"column":55},"end":{"line":122,"column":75}}],"line":122},"14":{"loc":{"start":{"line":132,"column":2},"end":{"line":135,"column":null}},"type":"if","locations":[{"start":{"line":132,"column":2},"end":{"line":135,"column":null}},{"start":{},"end":{}}],"line":132},"15":{"loc":{"start":{"line":139,"column":4},"end":{"line":142,"column":null}},"type":"if","locations":[{"start":{"line":139,"column":4},"end":{"line":142,"column":null}},{"start":{},"end":{}}],"line":139},"16":{"loc":{"start":{"line":148,"column":2},"end":{"line":148,"column":null}},"type":"if","locations":[{"start":{"line":148,"column":2},"end":{"line":148,"column":null}},{"start":{},"end":{}}],"line":148},"17":{"loc":{"start":{"line":161,"column":38},"end":{"line":161,"column":68}},"type":"binary-expr","locations":[{"start":{"line":161,"column":38},"end":{"line":161,"column":63}},{"start":{"line":161,"column":67},"end":{"line":161,"column":68}}],"line":161},"18":{"loc":{"start":{"line":162,"column":39},"end":{"line":162,"column":70}},"type":"binary-expr","locations":[{"start":{"line":162,"column":39},"end":{"line":162,"column":65}},{"start":{"line":162,"column":69},"end":{"line":162,"column":70}}],"line":162},"19":{"loc":{"start":{"line":164,"column":43},"end":{"line":164,"column":78}},"type":"binary-expr","locations":[{"start":{"line":164,"column":43},"end":{"line":164,"column":73}},{"start":{"line":164,"column":77},"end":{"line":164,"column":78}}],"line":164},"20":{"loc":{"start":{"line":169,"column":2},"end":{"line":175,"column":null}},"type":"if","locations":[{"start":{"line":169,"column":2},"end":{"line":175,"column":null}},{"start":{},"end":{}}],"line":169},"21":{"loc":{"start":{"line":184,"column":41},"end":{"line":184,"column":71}},"type":"default-arg","locations":[{"start":{"line":184,"column":69},"end":{"line":184,"column":71}}],"line":184},"22":{"loc":{"start":{"line":186,"column":52},"end":{"line":186,"column":107}},"type":"binary-expr","locations":[{"start":{"line":186,"column":52},"end":{"line":186,"column":79}},{"start":{"line":186,"column":83},"end":{"line":186,"column":107}}],"line":186},"23":{"loc":{"start":{"line":188,"column":2},"end":{"line":194,"column":null}},"type":"if","locations":[{"start":{"line":188,"column":2},"end":{"line":194,"column":null}},{"start":{},"end":{}}],"line":188},"24":{"loc":{"start":{"line":191,"column":6},"end":{"line":192,"column":null}},"type":"binary-expr","locations":[{"start":{"line":191,"column":6},"end":{"line":191,"column":49}},{"start":{"line":192,"column":6},"end":{"line":192,"column":null}}],"line":191},"25":{"loc":{"start":{"line":196,"column":2},"end":{"line":202,"column":null}},"type":"if","locations":[{"start":{"line":196,"column":2},"end":{"line":202,"column":null}},{"start":{},"end":{}}],"line":196},"26":{"loc":{"start":{"line":227,"column":2},"end":{"line":230,"column":null}},"type":"if","locations":[{"start":{"line":227,"column":2},"end":{"line":230,"column":null}},{"start":{},"end":{}}],"line":227},"27":{"loc":{"start":{"line":243,"column":10},"end":{"line":243,"column":125}},"type":"cond-expr","locations":[{"start":{"line":243,"column":43},"end":{"line":243,"column":120}},{"start":{"line":243,"column":123},"end":{"line":243,"column":125}}],"line":243},"28":{"loc":{"start":{"line":250,"column":4},"end":{"line":250,"column":null}},"type":"if","locations":[{"start":{"line":250,"column":4},"end":{"line":250,"column":null}},{"start":{},"end":{}}],"line":250},"29":{"loc":{"start":{"line":251,"column":25},"end":{"line":251,"column":102}},"type":"cond-expr","locations":[{"start":{"line":251,"column":40},"end":{"line":251,"column":42}},{"start":{"line":251,"column":45},"end":{"line":251,"column":102}}],"line":251},"30":{"loc":{"start":{"line":251,"column":48},"end":{"line":251,"column":73}},"type":"binary-expr","locations":[{"start":{"line":251,"column":48},"end":{"line":251,"column":67}},{"start":{"line":251,"column":71},"end":{"line":251,"column":73}}],"line":251},"31":{"loc":{"start":{"line":251,"column":76},"end":{"line":251,"column":100}},"type":"binary-expr","locations":[{"start":{"line":251,"column":76},"end":{"line":251,"column":94}},{"start":{"line":251,"column":98},"end":{"line":251,"column":100}}],"line":251},"32":{"loc":{"start":{"line":253,"column":53},"end":{"line":253,"column":90}},"type":"binary-expr","locations":[{"start":{"line":253,"column":53},"end":{"line":253,"column":65}},{"start":{"line":253,"column":69},"end":{"line":253,"column":90}}],"line":253},"33":{"loc":{"start":{"line":253,"column":96},"end":{"line":253,"column":137}},"type":"binary-expr","locations":[{"start":{"line":253,"column":96},"end":{"line":253,"column":108}},{"start":{"line":253,"column":112},"end":{"line":253,"column":137}}],"line":253},"34":{"loc":{"start":{"line":254,"column":128},"end":{"line":254,"column":169}},"type":"binary-expr","locations":[{"start":{"line":254,"column":128},"end":{"line":254,"column":149}},{"start":{"line":254,"column":153},"end":{"line":254,"column":169}}],"line":254},"35":{"loc":{"start":{"line":255,"column":4},"end":{"line":257,"column":null}},"type":"if","locations":[{"start":{"line":255,"column":4},"end":{"line":257,"column":null}},{"start":{},"end":{}}],"line":255},"36":{"loc":{"start":{"line":267,"column":2},"end":{"line":270,"column":null}},"type":"if","locations":[{"start":{"line":267,"column":2},"end":{"line":270,"column":null}},{"start":{},"end":{}}],"line":267},"37":{"loc":{"start":{"line":300,"column":9},"end":{"line":307,"column":17}},"type":"binary-expr","locations":[{"start":{"line":300,"column":9},"end":{"line":307,"column":9}},{"start":{"line":307,"column":13},"end":{"line":307,"column":17}}],"line":300},"38":{"loc":{"start":{"line":311,"column":9},"end":{"line":311,"column":53}},"type":"binary-expr","locations":[{"start":{"line":311,"column":9},"end":{"line":311,"column":27}},{"start":{"line":311,"column":31},"end":{"line":311,"column":53}}],"line":311},"39":{"loc":{"start":{"line":316,"column":2},"end":{"line":319,"column":null}},"type":"if","locations":[{"start":{"line":316,"column":2},"end":{"line":319,"column":null}},{"start":{},"end":{}}],"line":316},"40":{"loc":{"start":{"line":331,"column":29},"end":{"line":331,"column":63}},"type":"cond-expr","locations":[{"start":{"line":331,"column":40},"end":{"line":331,"column":50}},{"start":{"line":331,"column":53},"end":{"line":331,"column":63}}],"line":331},"41":{"loc":{"start":{"line":336,"column":56},"end":{"line":336,"column":108}},"type":"binary-expr","locations":[{"start":{"line":336,"column":56},"end":{"line":336,"column":79}},{"start":{"line":336,"column":83},"end":{"line":336,"column":108}}],"line":336},"42":{"loc":{"start":{"line":337,"column":50},"end":{"line":337,"column":70}},"type":"cond-expr","locations":[{"start":{"line":337,"column":61},"end":{"line":337,"column":64}},{"start":{"line":337,"column":67},"end":{"line":337,"column":70}}],"line":337},"43":{"loc":{"start":{"line":345,"column":2},"end":{"line":349,"column":null}},"type":"if","locations":[{"start":{"line":345,"column":2},"end":{"line":349,"column":null}},{"start":{},"end":{}}],"line":345},"44":{"loc":{"start":{"line":403,"column":29},"end":{"line":403,"column":39}},"type":"default-arg","locations":[{"start":{"line":403,"column":37},"end":{"line":403,"column":39}}],"line":403},"45":{"loc":{"start":{"line":404,"column":17},"end":{"line":404,"column":63}},"type":"cond-expr","locations":[{"start":{"line":404,"column":25},"end":{"line":404,"column":58}},{"start":{"line":404,"column":61},"end":{"line":404,"column":63}}],"line":404},"46":{"loc":{"start":{"line":423,"column":48},"end":{"line":423,"column":68}},"type":"binary-expr","locations":[{"start":{"line":423,"column":48},"end":{"line":423,"column":62}},{"start":{"line":423,"column":66},"end":{"line":423,"column":68}}],"line":423},"47":{"loc":{"start":{"line":424,"column":46},"end":{"line":424,"column":64}},"type":"binary-expr","locations":[{"start":{"line":424,"column":46},"end":{"line":424,"column":58}},{"start":{"line":424,"column":62},"end":{"line":424,"column":64}}],"line":424},"48":{"loc":{"start":{"line":425,"column":46},"end":{"line":425,"column":64}},"type":"binary-expr","locations":[{"start":{"line":425,"column":46},"end":{"line":425,"column":58}},{"start":{"line":425,"column":62},"end":{"line":425,"column":64}}],"line":425},"49":{"loc":{"start":{"line":426,"column":55},"end":{"line":426,"column":82}},"type":"binary-expr","locations":[{"start":{"line":426,"column":55},"end":{"line":426,"column":76}},{"start":{"line":426,"column":80},"end":{"line":426,"column":82}}],"line":426},"50":{"loc":{"start":{"line":427,"column":46},"end":{"line":427,"column":64}},"type":"binary-expr","locations":[{"start":{"line":427,"column":46},"end":{"line":427,"column":58}},{"start":{"line":427,"column":62},"end":{"line":427,"column":64}}],"line":427},"51":{"loc":{"start":{"line":433,"column":2},"end":{"line":433,"column":null}},"type":"if","locations":[{"start":{"line":433,"column":2},"end":{"line":433,"column":null}},{"start":{},"end":{}}],"line":433},"52":{"loc":{"start":{"line":453,"column":2},"end":{"line":453,"column":null}},"type":"if","locations":[{"start":{"line":453,"column":2},"end":{"line":453,"column":null}},{"start":{},"end":{}}],"line":453},"53":{"loc":{"start":{"line":464,"column":2},"end":{"line":464,"column":null}},"type":"if","locations":[{"start":{"line":464,"column":2},"end":{"line":464,"column":null}},{"start":{},"end":{}}],"line":464},"54":{"loc":{"start":{"line":475,"column":2},"end":{"line":475,"column":null}},"type":"if","locations":[{"start":{"line":475,"column":2},"end":{"line":475,"column":null}},{"start":{},"end":{}}],"line":475},"55":{"loc":{"start":{"line":486,"column":2},"end":{"line":486,"column":null}},"type":"if","locations":[{"start":{"line":486,"column":2},"end":{"line":486,"column":null}},{"start":{},"end":{}}],"line":486},"56":{"loc":{"start":{"line":521,"column":6},"end":{"line":525,"column":null}},"type":"if","locations":[{"start":{"line":521,"column":6},"end":{"line":525,"column":null}},{"start":{"line":523,"column":13},"end":{"line":525,"column":null}}],"line":521},"57":{"loc":{"start":{"line":529,"column":14},"end":{"line":529,"column":59}},"type":"cond-expr","locations":[{"start":{"line":529,"column":25},"end":{"line":529,"column":42}},{"start":{"line":529,"column":45},"end":{"line":529,"column":59}}],"line":529},"58":{"loc":{"start":{"line":551,"column":2},"end":{"line":554,"column":null}},"type":"if","locations":[{"start":{"line":551,"column":2},"end":{"line":554,"column":null}},{"start":{},"end":{}}],"line":551},"59":{"loc":{"start":{"line":593,"column":2},"end":{"line":598,"column":null}},"type":"if","locations":[{"start":{"line":593,"column":2},"end":{"line":598,"column":null}},{"start":{},"end":{}}],"line":593},"60":{"loc":{"start":{"line":617,"column":2},"end":{"line":620,"column":null}},"type":"if","locations":[{"start":{"line":617,"column":2},"end":{"line":620,"column":null}},{"start":{},"end":{}}],"line":617},"61":{"loc":{"start":{"line":629,"column":20},"end":{"line":629,"column":84}},"type":"cond-expr","locations":[{"start":{"line":629,"column":68},"end":{"line":629,"column":75}},{"start":{"line":629,"column":78},"end":{"line":629,"column":84}}],"line":629},"62":{"loc":{"start":{"line":637,"column":2},"end":{"line":637,"column":null}},"type":"if","locations":[{"start":{"line":637,"column":2},"end":{"line":637,"column":null}},{"start":{},"end":{}}],"line":637},"63":{"loc":{"start":{"line":638,"column":2},"end":{"line":638,"column":null}},"type":"if","locations":[{"start":{"line":638,"column":2},"end":{"line":638,"column":null}},{"start":{},"end":{}}],"line":638},"64":{"loc":{"start":{"line":639,"column":2},"end":{"line":639,"column":null}},"type":"if","locations":[{"start":{"line":639,"column":2},"end":{"line":639,"column":null}},{"start":{},"end":{}}],"line":639},"65":{"loc":{"start":{"line":640,"column":2},"end":{"line":640,"column":null}},"type":"if","locations":[{"start":{"line":640,"column":2},"end":{"line":640,"column":null}},{"start":{},"end":{}}],"line":640},"66":{"loc":{"start":{"line":641,"column":2},"end":{"line":641,"column":null}},"type":"if","locations":[{"start":{"line":641,"column":2},"end":{"line":641,"column":null}},{"start":{},"end":{}}],"line":641},"67":{"loc":{"start":{"line":642,"column":2},"end":{"line":642,"column":null}},"type":"if","locations":[{"start":{"line":642,"column":2},"end":{"line":642,"column":null}},{"start":{},"end":{}}],"line":642},"68":{"loc":{"start":{"line":643,"column":2},"end":{"line":643,"column":null}},"type":"if","locations":[{"start":{"line":643,"column":2},"end":{"line":643,"column":null}},{"start":{},"end":{}}],"line":643},"69":{"loc":{"start":{"line":650,"column":2},"end":{"line":654,"column":null}},"type":"if","locations":[{"start":{"line":650,"column":2},"end":{"line":654,"column":null}},{"start":{"line":652,"column":9},"end":{"line":654,"column":null}}],"line":650},"70":{"loc":{"start":{"line":652,"column":9},"end":{"line":654,"column":null}},"type":"if","locations":[{"start":{"line":652,"column":9},"end":{"line":654,"column":null}},{"start":{},"end":{}}],"line":652},"71":{"loc":{"start":{"line":665,"column":2},"end":{"line":665,"column":null}},"type":"if","locations":[{"start":{"line":665,"column":2},"end":{"line":665,"column":null}},{"start":{},"end":{}}],"line":665},"72":{"loc":{"start":{"line":666,"column":2},"end":{"line":666,"column":null}},"type":"if","locations":[{"start":{"line":666,"column":2},"end":{"line":666,"column":null}},{"start":{},"end":{}}],"line":666},"73":{"loc":{"start":{"line":667,"column":2},"end":{"line":667,"column":null}},"type":"if","locations":[{"start":{"line":667,"column":2},"end":{"line":667,"column":null}},{"start":{},"end":{}}],"line":667},"74":{"loc":{"start":{"line":668,"column":2},"end":{"line":668,"column":null}},"type":"if","locations":[{"start":{"line":668,"column":2},"end":{"line":668,"column":null}},{"start":{},"end":{}}],"line":668},"75":{"loc":{"start":{"line":669,"column":2},"end":{"line":669,"column":null}},"type":"if","locations":[{"start":{"line":669,"column":2},"end":{"line":669,"column":null}},{"start":{},"end":{}}],"line":669},"76":{"loc":{"start":{"line":670,"column":2},"end":{"line":670,"column":null}},"type":"if","locations":[{"start":{"line":670,"column":2},"end":{"line":670,"column":null}},{"start":{},"end":{}}],"line":670},"77":{"loc":{"start":{"line":671,"column":2},"end":{"line":674,"column":null}},"type":"if","locations":[{"start":{"line":671,"column":2},"end":{"line":674,"column":null}},{"start":{},"end":{}}],"line":671},"78":{"loc":{"start":{"line":680,"column":2},"end":{"line":680,"column":null}},"type":"if","locations":[{"start":{"line":680,"column":2},"end":{"line":680,"column":null}},{"start":{},"end":{}}],"line":680},"79":{"loc":{"start":{"line":681,"column":2},"end":{"line":681,"column":null}},"type":"if","locations":[{"start":{"line":681,"column":2},"end":{"line":681,"column":null}},{"start":{},"end":{}}],"line":681},"80":{"loc":{"start":{"line":682,"column":2},"end":{"line":682,"column":null}},"type":"if","locations":[{"start":{"line":682,"column":2},"end":{"line":682,"column":null}},{"start":{},"end":{}}],"line":682},"81":{"loc":{"start":{"line":683,"column":2},"end":{"line":683,"column":null}},"type":"if","locations":[{"start":{"line":683,"column":2},"end":{"line":683,"column":null}},{"start":{},"end":{}}],"line":683},"82":{"loc":{"start":{"line":684,"column":2},"end":{"line":684,"column":null}},"type":"if","locations":[{"start":{"line":684,"column":2},"end":{"line":684,"column":null}},{"start":{},"end":{}}],"line":684},"83":{"loc":{"start":{"line":685,"column":2},"end":{"line":685,"column":null}},"type":"if","locations":[{"start":{"line":685,"column":2},"end":{"line":685,"column":null}},{"start":{},"end":{}}],"line":685},"84":{"loc":{"start":{"line":686,"column":2},"end":{"line":689,"column":null}},"type":"if","locations":[{"start":{"line":686,"column":2},"end":{"line":689,"column":null}},{"start":{},"end":{}}],"line":686},"85":{"loc":{"start":{"line":702,"column":4},"end":{"line":715,"column":null}},"type":"if","locations":[{"start":{"line":702,"column":4},"end":{"line":715,"column":null}},{"start":{},"end":{}}],"line":702},"86":{"loc":{"start":{"line":703,"column":24},"end":{"line":703,"column":42}},"type":"binary-expr","locations":[{"start":{"line":703,"column":24},"end":{"line":703,"column":36}},{"start":{"line":703,"column":40},"end":{"line":703,"column":42}}],"line":703},"87":{"loc":{"start":{"line":705,"column":10},"end":{"line":705,"column":138}},"type":"cond-expr","locations":[{"start":{"line":705,"column":25},"end":{"line":705,"column":88}},{"start":{"line":705,"column":91},"end":{"line":705,"column":138}}],"line":705},"88":{"loc":{"start":{"line":708,"column":39},"end":{"line":708,"column":70}},"type":"binary-expr","locations":[{"start":{"line":708,"column":39},"end":{"line":708,"column":51}},{"start":{"line":708,"column":55},"end":{"line":708,"column":70}}],"line":708},"89":{"loc":{"start":{"line":709,"column":43},"end":{"line":709,"column":74}},"type":"binary-expr","locations":[{"start":{"line":709,"column":43},"end":{"line":709,"column":55}},{"start":{"line":709,"column":59},"end":{"line":709,"column":74}}],"line":709},"90":{"loc":{"start":{"line":710,"column":41},"end":{"line":710,"column":74}},"type":"binary-expr","locations":[{"start":{"line":710,"column":41},"end":{"line":710,"column":55}},{"start":{"line":710,"column":59},"end":{"line":710,"column":74}}],"line":710},"91":{"loc":{"start":{"line":711,"column":42},"end":{"line":711,"column":82}},"type":"binary-expr","locations":[{"start":{"line":711,"column":42},"end":{"line":711,"column":63}},{"start":{"line":711,"column":67},"end":{"line":711,"column":82}}],"line":711},"92":{"loc":{"start":{"line":712,"column":65},"end":{"line":712,"column":112}},"type":"binary-expr","locations":[{"start":{"line":712,"column":65},"end":{"line":712,"column":92}},{"start":{"line":712,"column":96},"end":{"line":712,"column":112}}],"line":712},"93":{"loc":{"start":{"line":721,"column":4},"end":{"line":737,"column":null}},"type":"if","locations":[{"start":{"line":721,"column":4},"end":{"line":737,"column":null}},{"start":{},"end":{}}],"line":721},"94":{"loc":{"start":{"line":724,"column":6},"end":{"line":736,"column":null}},"type":"if","locations":[{"start":{"line":724,"column":6},"end":{"line":736,"column":null}},{"start":{"line":729,"column":13},"end":{"line":736,"column":null}}],"line":724},"95":{"loc":{"start":{"line":733,"column":31},"end":{"line":733,"column":61}},"type":"binary-expr","locations":[{"start":{"line":733,"column":31},"end":{"line":733,"column":51}},{"start":{"line":733,"column":55},"end":{"line":733,"column":61}}],"line":733},"96":{"loc":{"start":{"line":740,"column":4},"end":{"line":765,"column":null}},"type":"if","locations":[{"start":{"line":740,"column":4},"end":{"line":765,"column":null}},{"start":{},"end":{}}],"line":740},"97":{"loc":{"start":{"line":742,"column":6},"end":{"line":764,"column":null}},"type":"if","locations":[{"start":{"line":742,"column":6},"end":{"line":764,"column":null}},{"start":{"line":744,"column":13},"end":{"line":764,"column":null}}],"line":742},"98":{"loc":{"start":{"line":748,"column":42},"end":{"line":748,"column":68}},"type":"cond-expr","locations":[{"start":{"line":748,"column":53},"end":{"line":748,"column":63}},{"start":{"line":748,"column":66},"end":{"line":748,"column":68}}],"line":748},"99":{"loc":{"start":{"line":752,"column":22},"end":{"line":752,"column":52}},"type":"binary-expr","locations":[{"start":{"line":752,"column":22},"end":{"line":752,"column":42}},{"start":{"line":752,"column":46},"end":{"line":752,"column":52}}],"line":752},"100":{"loc":{"start":{"line":755,"column":35},"end":{"line":755,"column":77}},"type":"cond-expr","locations":[{"start":{"line":755,"column":46},"end":{"line":755,"column":60}},{"start":{"line":755,"column":63},"end":{"line":755,"column":77}}],"line":755},"101":{"loc":{"start":{"line":755,"column":82},"end":{"line":755,"column":110}},"type":"cond-expr","locations":[{"start":{"line":755,"column":93},"end":{"line":755,"column":100}},{"start":{"line":755,"column":103},"end":{"line":755,"column":110}}],"line":755},"102":{"loc":{"start":{"line":768,"column":4},"end":{"line":801,"column":null}},"type":"if","locations":[{"start":{"line":768,"column":4},"end":{"line":801,"column":null}},{"start":{},"end":{}}],"line":768},"103":{"loc":{"start":{"line":782,"column":6},"end":{"line":800,"column":null}},"type":"if","locations":[{"start":{"line":782,"column":6},"end":{"line":800,"column":null}},{"start":{"line":784,"column":13},"end":{"line":800,"column":null}}],"line":782},"104":{"loc":{"start":{"line":786,"column":28},"end":{"line":786,"column":115}},"type":"binary-expr","locations":[{"start":{"line":786,"column":28},"end":{"line":786,"column":48}},{"start":{"line":786,"column":53},"end":{"line":786,"column":77}},{"start":{"line":786,"column":81},"end":{"line":786,"column":114}}],"line":786},"105":{"loc":{"start":{"line":791,"column":20},"end":{"line":791,"column":70}},"type":"binary-expr","locations":[{"start":{"line":791,"column":20},"end":{"line":791,"column":33}},{"start":{"line":791,"column":38},"end":{"line":791,"column":69}}],"line":791},"106":{"loc":{"start":{"line":791,"column":38},"end":{"line":791,"column":69}},"type":"cond-expr","locations":[{"start":{"line":791,"column":50},"end":{"line":791,"column":57}},{"start":{"line":791,"column":60},"end":{"line":791,"column":69}}],"line":791},"107":{"loc":{"start":{"line":794,"column":47},"end":{"line":794,"column":86}},"type":"cond-expr","locations":[{"start":{"line":794,"column":59},"end":{"line":794,"column":71}},{"start":{"line":794,"column":74},"end":{"line":794,"column":86}}],"line":794},"108":{"loc":{"start":{"line":795,"column":16},"end":{"line":795,"column":37}},"type":"cond-expr","locations":[{"start":{"line":795,"column":28},"end":{"line":795,"column":31}},{"start":{"line":795,"column":34},"end":{"line":795,"column":37}}],"line":795},"109":{"loc":{"start":{"line":812,"column":2},"end":{"line":826,"column":null}},"type":"if","locations":[{"start":{"line":812,"column":2},"end":{"line":826,"column":null}},{"start":{},"end":{}}],"line":812},"110":{"loc":{"start":{"line":812,"column":6},"end":{"line":812,"column":63}},"type":"binary-expr","locations":[{"start":{"line":812,"column":6},"end":{"line":812,"column":33}},{"start":{"line":812,"column":37},"end":{"line":812,"column":63}}],"line":812},"111":{"loc":{"start":{"line":829,"column":2},"end":{"line":843,"column":null}},"type":"if","locations":[{"start":{"line":829,"column":2},"end":{"line":843,"column":null}},{"start":{},"end":{}}],"line":829},"112":{"loc":{"start":{"line":832,"column":20},"end":{"line":832,"column":86}},"type":"cond-expr","locations":[{"start":{"line":832,"column":49},"end":{"line":832,"column":81}},{"start":{"line":832,"column":84},"end":{"line":832,"column":86}}],"line":832},"113":{"loc":{"start":{"line":845,"column":2},"end":{"line":860,"column":null}},"type":"if","locations":[{"start":{"line":845,"column":2},"end":{"line":860,"column":null}},{"start":{},"end":{}}],"line":845},"114":{"loc":{"start":{"line":848,"column":23},"end":{"line":848,"column":93}},"type":"cond-expr","locations":[{"start":{"line":848,"column":54},"end":{"line":848,"column":88}},{"start":{"line":848,"column":91},"end":{"line":848,"column":93}}],"line":848},"115":{"loc":{"start":{"line":849,"column":23},"end":{"line":849,"column":93}},"type":"cond-expr","locations":[{"start":{"line":849,"column":54},"end":{"line":849,"column":88}},{"start":{"line":849,"column":91},"end":{"line":849,"column":93}}],"line":849},"116":{"loc":{"start":{"line":863,"column":2},"end":{"line":865,"column":null}},"type":"if","locations":[{"start":{"line":863,"column":2},"end":{"line":865,"column":null}},{"start":{},"end":{}}],"line":863},"117":{"loc":{"start":{"line":868,"column":2},"end":{"line":902,"column":null}},"type":"if","locations":[{"start":{"line":868,"column":2},"end":{"line":902,"column":null}},{"start":{},"end":{}}],"line":868},"118":{"loc":{"start":{"line":871,"column":24},"end":{"line":871,"column":96}},"type":"cond-expr","locations":[{"start":{"line":871,"column":56},"end":{"line":871,"column":91}},{"start":{"line":871,"column":94},"end":{"line":871,"column":96}}],"line":871},"119":{"loc":{"start":{"line":872,"column":6},"end":{"line":875,"column":null}},"type":"if","locations":[{"start":{"line":872,"column":6},"end":{"line":875,"column":null}},{"start":{},"end":{}}],"line":872},"120":{"loc":{"start":{"line":883,"column":10},"end":{"line":893,"column":null}},"type":"if","locations":[{"start":{"line":883,"column":10},"end":{"line":893,"column":null}},{"start":{"line":888,"column":17},"end":{"line":893,"column":null}}],"line":883},"1
[...]
d":{"line":360,"column":43}}],"line":360},"62":{"loc":{"start":{"line":371,"column":2},"end":{"line":371,"column":null}},"type":"if","locations":[{"start":{"line":371,"column":2},"end":{"line":371,"column":null}},{"start":{},"end":{}}],"line":371},"63":{"loc":{"start":{"line":374,"column":2},"end":{"line":376,"column":null}},"type":"if","locations":[{"start":{"line":374,"column":2},"end":{"line":376,"column":null}},{"start":{},"end":{}}],"line":374},"64":{"loc":{"start":{"line":378,"column":15},"end":{"line":378,"column":73}},"type":"cond-expr","locations":[{"start":{"line":378,"column":49},"end":{"line":378,"column":61}},{"start":{"line":378,"column":64},"end":{"line":378,"column":73}}],"line":378},"65":{"loc":{"start":{"line":379,"column":30},"end":{"line":379,"column":164}},"type":"cond-expr","locations":[{"start":{"line":379,"column":69},"end":{"line":379,"column":70}},{"start":{"line":379,"column":73},"end":{"line":379,"column":164}}],"line":379},"66":{"loc":{"start":{"line":398,"column":2},"end":{"line":406,"column":null}},"type":"if","locations":[{"start":{"line":398,"column":2},"end":{"line":406,"column":null}},{"start":{},"end":{}}],"line":398},"67":{"loc":{"start":{"line":413,"column":2},"end":{"line":413,"column":null}},"type":"if","locations":[{"start":{"line":413,"column":2},"end":{"line":413,"column":null}},{"start":{},"end":{}}],"line":413},"68":{"loc":{"start":{"line":414,"column":2},"end":{"line":414,"column":null}},"type":"if","locations":[{"start":{"line":414,"column":2},"end":{"line":414,"column":null}},{"start":{},"end":{}}],"line":414},"69":{"loc":{"start":{"line":423,"column":2},"end":{"line":423,"column":null}},"type":"if","locations":[{"start":{"line":423,"column":2},"end":{"line":423,"column":null}},{"start":{},"end":{}}],"line":423},"70":{"loc":{"start":{"line":429,"column":28},"end":{"line":429,"column":68}},"type":"default-arg","locations":[{"start":{"line":429,"column":66},"end":{"line":429,"column":68}}],"line":429},"71":{"loc":{"start":{"line":429,"column":40},"end":{"line":429,"column":61}},"type":"default-arg","locations":[{"start":{"line":429,"column":56},"end":{"line":429,"column":61}}],"line":429},"72":{"loc":{"start":{"line":433,"column":2},"end":{"line":437,"column":null}},"type":"if","locations":[{"start":{"line":433,"column":2},"end":{"line":437,"column":null}},{"start":{},"end":{}}],"line":433},"73":{"loc":{"start":{"line":438,"column":2},"end":{"line":438,"column":null}},"type":"if","locations":[{"start":{"line":438,"column":2},"end":{"line":438,"column":null}},{"start":{},"end":{}}],"line":438},"74":{"loc":{"start":{"line":445,"column":32},"end":{"line":445,"column":63}},"type":"default-arg","locations":[{"start":{"line":445,"column":61},"end":{"line":445,"column":63}}],"line":445},"75":{"loc":{"start":{"line":445,"column":45},"end":{"line":445,"column":56}},"type":"default-arg","locations":[{"start":{"line":445,"column":53},"end":{"line":445,"column":56}}],"line":445},"76":{"loc":{"start":{"line":447,"column":20},"end":{"line":447,"column":126}},"type":"cond-expr","locations":[{"start":{"line":447,"column":105},"end":{"line":447,"column":120}},{"start":{"line":447,"column":123},"end":{"line":447,"column":126}}],"line":447},"77":{"loc":{"start":{"line":447,"column":20},"end":{"line":447,"column":102}},"type":"binary-expr","locations":[{"start":{"line":447,"column":20},"end":{"line":447,"column":53}},{"start":{"line":447,"column":57},"end":{"line":447,"column":76}},{"start":{"line":447,"column":80},"end":{"line":447,"column":102}}],"line":447},"78":{"loc":{"start":{"line":452,"column":2},"end":{"line":456,"column":null}},"type":"if","locations":[{"start":{"line":452,"column":2},"end":{"line":456,"column":null}},{"start":{},"end":{}}],"line":452},"79":{"loc":{"start":{"line":471,"column":23},"end":{"line":471,"column":124}},"type":"binary-expr","locations":[{"start":{"line":471,"column":23},"end":{"line":471,"column":119}},{"start":{"line":471,"column":123},"end":{"line":471,"column":124}}],"line":471},"80":{"loc":{"start":{"line":483,"column":42},"end":{"line":483,"column":71}},"type":"default-arg","locations":[{"start":{"line":483,"column":56},"end":{"line":483,"column":71}}],"line":483},"81":{"loc":{"start":{"line":506,"column":43},"end":{"line":506,"column":74}},"type":"default-arg","locations":[{"start":{"line":506,"column":57},"end":{"line":506,"column":74}}],"line":506},"82":{"loc":{"start":{"line":510,"column":2},"end":{"line":510,"column":null}},"type":"if","locations":[{"start":{"line":510,"column":2},"end":{"line":510,"column":null}},{"start":{},"end":{}}],"line":510},"83":{"loc":{"start":{"line":532,"column":23},"end":{"line":532,"column":99}},"type":"cond-expr","locations":[{"start":{"line":532,"column":66},"end":{"line":532,"column":86}},{"start":{"line":532,"column":89},"end":{"line":532,"column":99}}],"line":532},"84":{"loc":{"start":{"line":536,"column":2},"end":{"line":536,"column":null}},"type":"if","locations":[{"start":{"line":536,"column":2},"end":{"line":536,"column":null}},{"start":{},"end":{}}],"line":536},"85":{"loc":{"start":{"line":538,"column":34},"end":{"line":538,"column":67}},"type":"binary-expr","locations":[{"start":{"line":538,"column":34},"end":{"line":538,"column":53}},{"start":{"line":538,"column":57},"end":{"line":538,"column":67}}],"line":538},"86":{"loc":{"start":{"line":541,"column":2},"end":{"line":576,"column":null}},"type":"if","locations":[{"start":{"line":541,"column":2},"end":{"line":576,"column":null}},{"start":{},"end":{}}],"line":541},"87":{"loc":{"start":{"line":543,"column":4},"end":{"line":543,"column":null}},"type":"if","locations":[{"start":{"line":543,"column":4},"end":{"line":543,"column":null}},{"start":{},"end":{}}],"line":543},"88":{"loc":{"start":{"line":582,"column":10},"end":{"line":582,"column":95}},"type":"cond-expr","locations":[{"start":{"line":582,"column":47},"end":{"line":582,"column":69}},{"start":{"line":582,"column":72},"end":{"line":582,"column":95}}],"line":582},"89":{"loc":{"start":{"line":602,"column":2},"end":{"line":602,"column":null}},"type":"if","locations":[{"start":{"line":602,"column":2},"end":{"line":602,"column":null}},{"start":{},"end":{}}],"line":602}},"s":{"0":17,"1":17,"2":17,"3":17,"4":17,"5":17,"6":17,"7":17,"8":17,"9":17,"10":4,"11":4,"12":4,"13":9,"14":9,"15":9,"16":9,"17":2,"18":2,"19":2,"20":17,"21":17,"22":33,"23":0,"24":33,"25":33,"26":1,"27":32,"28":32,"29":32,"30":0,"31":32,"32":0,"33":32,"34":184,"35":229,"36":70,"37":70,"38":1,"39":69,"40":30,"41":30,"42":1,"43":29,"44":19,"45":30,"46":30,"47":51,"48":51,"49":68,"50":68,"51":57,"52":12,"53":12,"54":12,"55":47,"56":47,"57":2,"58":45,"59":2,"60":2,"61":2,"62":1,"63":1,"64":41,"65":41,"66":1,"67":40,"68":16,"69":1,"70":28,"71":28,"72":28,"73":30,"74":30,"75":28,"76":3,"77":3,"78":3,"79":3,"80":0,"81":0,"82":0,"83":3,"84":1,"85":3,"86":0,"87":3,"88":0,"89":3,"90":1,"91":3,"92":1,"93":3,"94":0,"95":3,"96":0,"97":3,"98":1,"99":1,"100":0,"101":2,"102":2,"103":2,"104":3,"105":3,"106":3,"107":3,"108":3,"109":3,"110":2,"111":2,"112":3,"113":3,"114":3,"115":3,"116":3,"117":3,"118":2,"119":2,"120":2,"121":0,"122":2,"123":2,"124":2,"125":22,"126":22,"127":8,"128":22,"129":14,"130":14,"131":22,"132":1,"133":21,"134":21,"135":1,"136":20,"137":22,"138":22,"139":22,"140":22,"141":19,"142":16,"143":19,"144":3,"145":3,"146":0,"147":3,"148":0,"149":3,"150":3,"151":3,"152":3,"153":3,"154":1,"155":2,"156":2,"157":5,"158":5,"159":5,"160":2,"161":2,"162":2,"163":5,"164":5,"165":5,"166":5,"167":5,"168":5,"169":5,"170":5,"171":5,"172":5,"173":2,"174":2,"175":2,"176":5,"177":5,"178":5,"179":5,"180":2,"181":2,"182":2,"183":2,"184":2,"185":2,"186":2,"187":2,"188":2,"189":2,"190":2,"191":2,"192":1,"193":1,"194":7,"195":7,"196":7,"197":7,"198":2,"199":5,"200":5,"201":5,"202":5,"203":5,"204":5,"205":5,"206":5,"207":5,"208":5,"209":0,"210":5,"211":5,"212":5,"213":3,"214":3,"215":1,"216":2,"217":2,"218":2,"219":2,"220":2,"221":2,"222":2,"223":2,"224":2,"225":2,"226":2,"227":2,"228":2,"229":0,"230":2,"231":17},"f":{"0":4,"1":9,"2":2,"3":17,"4":33,"5":184,"6":229,"7":70,"8":30,"9":19,"10":30,"11":51,"12":68,"13":57,"14":12,"15":47,"16":2,"17":41,"18":16,"19":28,"20":30,"21":3,"22":0,"23":3,"24":3,"25":2,"26":22,"27":3,"28":3,"29":5,"30":5,"31":2,"32":2,"33":7,"34":5,"35":2},"b":{"0":[17,17],"1":[0,17],"2":[16,1],"3":[17,0],"4":[33],"5":[33],"6":[33],"7":[0,33],"8":[33,33],"9":[1,32],"10":[32],"11":[0,32],"12":[0,32],"13":[18,14],"14":[0,0],"15":[184,18],"16":[229],"17":[229,126],"18":[70],"19":[1,69],"20":[1,29],"21":[30,9],"22":[0,28],"23":[30,0],"24":[0,28],"25":[68,0],"26":[0,0],"27":[68,0],"28":[0,0],"29":[68,68],"30":[68,0],"31":[57,43],"32":[57,39],"33":[57,0],"34":[57,55],"35":[57,53],"36":[57,55],"37":[57,55],"38":[2,45],"39":[2,0],"40":[1,1],"41":[1,40],"42":[1,15],"43":[0,28],"44":[1,2],"45":[0,3],"46":[0,3],"47":[1,2],"48":[1,2],"49":[0,3],"50":[0,3],"51":[1,2],"52":[1,0],"53":[3],"54":[3],"55":[3,0],"56":[2,1],"57":[0,2],"58":[8,14],"59":[14,8],"60":[14,14,0],"61":[14,14],"62":[1,21],"63":[1,20],"64":[0,20],"65":[19,19],"66":[16,3],"67":[0,3],"68":[0,3],"69":[1,2],"70":[5],"71":[5],"72":[2,3],"73":[5,0],"74":[5],"75":[5],"76":[4,5],"77":[5,5,4],"78":[2,3],"79":[2,2],"80":[2],"81":[7],"82":[2,5],"83":[2,3],"84":[0,5],"85":[5,2],"86":[3,2],"87":[1,2],"88":[1,1],"89":[0,2]},"meta":{"lastBranch":90,"lastFunction":36,"lastStatement":232,"seen":{"s:1:13:1:28":0,"s:2:16:2:34":1,"s:3:17:3:34":2,"s:4:23:4:40":3,"s:6:25:6:57":4,"s:7:26:7:94":5,"b:7:36:7:54:7:58:7:64":0,"s:8:22:8:74":6,"s:9:23:9:80":7,"s:11:14:11:90":8,"b:11:37:11:71:11:74:11:90":1,"s:12:13:12:100":9,"b:12:35:12:68:12:71:12:100":2,"f:15:2:15:13":0,"s:16:4:16:Infinity":10,"s:17:4:17:Infinity":11,"s:18:4:18:Infinity":12,"f:23:2:23:13":1,"s:24:4:24:Infinity":13,"s:25:4:25:Infinity":14,"s:26:4:26:Infinity":15,"s:27:4:27:Infinity":16,"f:32:2:32:13":2,"s:33:4:33:Infinity":17,"s:34:4:34:Infinity":18,"s:35:4:35:Infinity":19,"f:41:15:41:21":3,"s:42:2:45:Infinity":20,"b:43:41:43:71:43:74:43:80":3,"s:47:2:93:Infinity":21,"f:96:9:96:26":4,"b:96:80:96:82":4,"b:96:48:96:53":5,"b:96:67:96:75":6,"b:97:2:97:Infinity:undefined:undefined:undefined:undefined":7,"s:97:2:97:Infinity":22,"b:97:6:97:25:97:29:97:43":8,"s:97:45:97:Infinity":23,"s:98:14:98:52":24,"b:99:2:99:Infinity:undefined:undefined:undefined:undefined":9,"s:99:2:99:Infinity":25,"s:99:39:99:Infinity":26,"s:101:34:101:48":27,"b:101:28:101:30":10,"s:102:16:102:76":28,"b:103:2:103:Infinity:undefined:undefined:undefined:undefined":11,"s:103:2:103:Infinity":29,"s:103:36:103:Infinity":30,"b:104:2:104:Infinity:undefined:undefined:undefined:undefined":12,"s:104:2:104:Infinity":31,"b:104:18:104:27:104:30:104:40":13,"s:104:42:104:Infinity":32,"b:104:106:104:112:104:115:104:120":14,"s:105:2:105:Infinity":33,"f:108:9:108:21":5,"s:109:2:109:Infinity":34,"b:109:27:109:32:109:36:109:37":15,"f:112:9:112:20":6,"b:112:34:112:37":16,"s:113:2:113:Infinity":35,"b:113:16:113:21:113:25:113:27":17,"f:116:9:116:22":7,"b:116:47:116:50":18,"s:117:18:117:41":36,"b:118:2:118:Infinity:undefined:undefined:undefined:undefined":19,"s:118:2:118:Infinity":37,"s:118:16:118:Infinity":38,"s:119:2:119:Infinity":39,"f:122:9:122:22":8,"s:123:18:123:41":40,"b:124:2:124:Infinity:undefined:undefined:undefined:undefined":20,"s:124:2:124:Infinity":41,"b:124:6:124:13:124:17:124:61":21,"s:124:63:124:Infinity":42,"s:125:2:125:Infinity":43,"f:128:9:128:30":9,"s:129:2:129:Infinity":44,"f:132:9:132:27":10,"s:133:14:133:38":45,"s:134:2:147:Infinity":46,"b:142:58:142:90:142:93:142:95":22,"b:142:11:142:24:142:28:142:55":23,"b:143:81:143:98:143:101:143:110":24,"f:150:15:150:31":11,"s:151:23:151:140":47,"s:152:2:167:Infinity":48,"f:170:15:170:32":12,"s:171:17:171:87":49,"s:172:2:184:Infinity":50,"b:175:25:175:72:175:75:175:112":25,"b:175:75:175:92:175:96:175:112":26,"b:176:24:176:71:176:74:176:111":27,"b:176:74:176:91:176:95:176:111":28,"b:182:14:182:30:182:34:182:38":29,"b:183:15:183:32:183:36:183:Infinity":30,"f:187:9:187:30":13,"s:188:2:203:Infinity":51,"b:192:22:192:50:192:54:192:58":31,"b:194:18:194:42:194:46:194:50":32,"b:198:17:198:40:198:44:198:46":33,"b:199:21:199:48:199:52:199:54":34,"b:200:21:200:48:200:52:200:54":35,"b:201:17:201:40:201:44:201:46":36,"b:202:22:202:50:202:54:202:Infinity":37,"f:206:15:206:32":14,"s:207:18:207:61":52,"s:208:17:208:54":53,"s:209:2:215:Infinity":54,"f:218:15:218:28":15,"s:219:17:219:73":55,"b:220:2:220:Infinity:undefined:undefined:undefined:undefined":38,"s:220:2:220:Infinity":56,"s:220:15:220:Infinity":57,"s:221:2:221:Infinity":58,"f:224:15:224:31":16,"s:225:21:225:61":59,"b:225:28:225:33:225:37:225:39":39,"s:226:17:226:108":60,"b:227:2:227:Infinity:undefined:undefined:undefined:undefined":40,"s:227:2:227:Infinity":61,"s:227:15:227:Infinity":62,"s:228:2:228:Infinity":63,"f:231:15:231:29":17,"s:232:18:232:75":64,"b:233:2:233:Infinity:undefined:undefined:undefined:undefined":41,"s:233:2:233:Infinity":65,"s:233:16:233:Infinity":66,"s:234:2:234:Infinity":67,"f:237:9:237:28":18,"b:238:2:238:Infinity:undefined:undefined:undefined:undefined":42,"s:238:2:238:Infinity":68,"s:238:35:238:Infinity":69,"f:241:15:241:32":19,"s:242:13:257:3":70,"s:259:2:262:Infinity":71,"s:264:2:264:Infinity":72,"f:267:15:267:27":20,"s:268:17:268:44":73,"s:269:2:276:Infinity":74,"b:275:40:275:41:275:44:275:45":43,"s:277:2:277:Infinity":75,"f:280:15:280:27":21,"s:281:17:281:40":76,"s:282:18:282:20":77,"s:283:17:283:19":78,"s:285:20:289:3":79,"f:285:20:285:21":22,"s:286:4:286:Infinity":80,"s:287:4:287:Infinity":81,"s:288:4:288:Infinity":82,"b:291:2:291:Infinity:undefined:undefined:undefined:undefined":44,"s:291:2:291:Infinity":83,"s:291:39:291:Infinity":84,"b:292:2:292:Infinity:undefined:undefined:undefined:undefined":45,"s:292:2:292:Infinity":85,"s:292:38:292:Infinity":86,"b:293:2:293:Infinity:undefined:undefined:undefined:undefined":46,"s:293:2:293:Infinity":87,"s:293:37:293:Infinity":88,"b:294:2:294:Infinity:undefined:undefined:undefined:undefined":47,"s:294:2:294:Infinity":89,"s:294:35:294:Infinity":90,"b:295:2:295:Infinity:undefined:undefined:undefined:undefined":48,"s:295:2:295:Infinity":91,"s:295:35:295:Infinity":92,"b:296:2:296:Infinity:undefined:undefined:undefined:undefined":49,"s:296:2:296:Infinity":93,"s:296:44:296:Infinity":94,"b:297:2:297:Infinity:undefined:undefined:undefined:undefined":50,"s:297:2:297:Infinity":95,"s:297:35:297:Infinity":96,"b:298:2:301:Infinity:undefined:undefined:undefined:undefined":51,"s:298:2:301:Infinity":97,"b:299:4:299:Infinity:undefined:undefined:undefined:undefined":52,"s:299:4:299:Infinity":98,"s:299:74:299:Infinity":99,"s:300:4:300:Infinity":100,"s:303:2:303:Infinity":101,"s:305:2:313:Infinity":102,"s:315:2:315:Infinity":103,"f:318:15:318:26":23,"b:318:60:318:62":53,"b:318:50:318:55":54,"s:319:15:319:48":104,"s:320:14:320:47":105,"s:321:17:321:19":106,"b:323:2:323:Infinity:undefined:undefined:undefined:undefined":55,"s:323:2:323:Infinity":107,"s:323:24:323:Infinity":108,"b:324:2:327:Infinity:undefined:undefined:undefined:undefined":56,"s:324:2:327:Infinity":109,"s:325:4:325:Infinity":110,"s:326:4:326:Infinity":111,"s:329:2:329:Infinity":112,"s:330:18:330:45":113,"s:331:2:331:Infinity":114,"f:334:15:334:28":24,"s:335:14:335:38":115,"s:336:2:336:Infinity":116,"s:337:2:337:Infinity":117,"f:340:15:340:27":25,"s:341:2:341:Infinity":118,"s:342:17:342:104":119,"b:343:2:343:Infinity:undefined:undefined:undefined:undefined":57,"s:343:2:343:Infinity":120,"s:343:14:343:Infinity":121,"s:345:2:345:Infinity":122,"s:346:2:346:Infinity":123,"s:347:2:347:Infinity":124,"f:350:15:350:28":26,"s:351:19:351:48":125,"b:353:2:355:3:undefined:undefined:undefined:undefined":58,"s:353:2:355:3":126,"s:354:4:354:Infinity":127,"b:357:2:369:Infinity:undefined:undefined:undefined:undefined":59,"s:357:2:369:Infinity":128,"s:358:4:367:Infinity":129,"b:359:17:359:34:359:38:359:55:359:59:359:67":60,"b:360:16:360:32:360:36:360:43":61,"s:368:4:368:Infinity":130,"b:371:2:371:Infinity:undefined:undefined:undefined:undefined":62,"s:371:2:371:Infinity":131,"s:371:23:371:Infinity":132,"s:373:27:373:121":133,"b:374:2:376:Infinity:undefined:undefined:undefined:undefined":63,"s:374:2:376:Infinity":134,"s:375:4:375:Infinity":135,"s:378:15:378:73":136,"b:378:49:378:61:378:64:378:73":64,"s:379:30:379:164":137,"b:379:69:379:70:379:73:379:164":65,"s:380:14:380:38":138,"s:381:18:391:3":139,"s:393:2:396:Infinity":140,"b:398:2:406:Infinity:undefined:undefined:undefined:undefined":66,"s:398:2:406:Infinity":141,"s:399:4:405:Infinity":142,"s:408:2:408:Infinity":143,"f:411:15:411:27":27,"s:412:18:412:42":144,"b:413:2:413:Infinity:undefined:undefined:undefined:undefined":67,"s:413:2:413:Infinity":145,"s:413:35:413:Infinity":146,"b:414:2:414:Infinity:undefined:undefined:undefined:undefined":68,"s:414:2:414:Infinity":147,"s:414:34:414:Infinity":148,"s:416:14:416:38":149,"s:417:2:417:Infinity":150,"s:418:2:418:Infinity":151,"f:421:15:421:28":28,"s:422:18:422:42":152,"b:423:2:423:Infinity:undefined:undefined:undefined:undefined":69,"s:423:2:423:Infinity":153,"s:423:34:423:Infinity":154,"s:425:2:425:Infinity":155,"s:426:2:426:Infinity":156,"f:429:15:429:27":29,"b:429:66:429:68":70,"b:429:56:429:61":71,"s:430:14:430:48":157,"s:431:17:431:19":158,"b:433:2:437:Infinity:undefined:undefined:undefined:undefined":72,"s:433:2:437:Infinity":159,"s:434:4:434:Infinity":160,"s:435:4:435:Infinity":161,"s:436:4:436:Infinity":162,"b:438:2:438:Infinity:undefined:undefined:undefined:undefined":73,"s:438:2:438:Infinity":163,"s:438:22:438:Infinity":164,"s:440:2:440:Infinity":165,"s:441:19:441:46":166,"s:442:2:442:Infinity":167,"f:445:15:445:31":30,"b:445:61:445:63":74,"b:445:53:445:56":75,"s:446:26:446:39":168,"s:447:20:447:126":169,"b:447:105:447:120:447:123:447:126":76,"b:447:20:447:53:447:57:447:76:447:80:447:102":77,"s:449:14:449:52":170,"s:450:17:450:19":171,"b:452:2:456:Infinity:undefined:undefined:undefined:undefined":78,"s:452:2:456:Infinity":172,"s:453:4:453:Infinity":173,"s:454:4:454:Infinity":174,"s:455:4:455:Infinity":175,"s:458:2:458:Infinity":176,"s:459:2:459:Infinity":177,"s:461:14:461:41":178,"s:462:2:462:Infinity":179,"f:465:15:465:25":31,"s:466:22:466:102":180,"s:467:24:467:104":181,"s:468:23:468:110":182,"s:469:22:469:108":183,"s:470:18:470:84":184,"s:471:23:471:124":185,"b:471:23:471:119:471:123:471:124":79,"s:473:2:480:Infinity":186,"f:483:15:483:22":32,"b:483:56:483:71":80,"s:484:22:484:72":187,"s:485:18:485:49":188,"s:486:2:486:Infinity":189,"s:487:2:487:Infinity":190,"s:489:2:489:Infinity":191,"s:491:22:497:4":192,"s:499:2:503:Infinity":193,"f:506:15:506:23":33,"b:506:57:506:74":81,"s:507:22:507:72":194,"s:508:18:508:49":195,"s:509:2:509:Infinity":196,"b:510:2:510:Infinity:undefined:undefined:undefined:undefined":82,"s:510:2:510:Infinity":197,"s:510:42:510:Infinity":198,"s:511:2:511:Infinity":199,"s:513:2:513:Infinity":200,"s:515:22:521:4":201,"s:523:2:527:Infinity":202,"f:530:15:530:23":34,"s:531:17:531:70":203,"s:532:23:532:99":204,"b:532:66:532:86:532:89:532:99":83,"s:533:22:533:80":205,"s:534:22:534:50":206,"s:535:2:535:Infinity":207,"b:536:2:536:Infinity:undefined:undefined:undefined:undefined":84,"s:536:2:536:Infinity":208,"s:536:46:536:Infinity":209,"s:538:22:538:73":210,"b:538:34:538:53:538:57:538:67":85,"s:539:2:539:Infinity":211,"b:541:2:576:Infinity:undefined:undefined:undefined:undefined":86,"s:541:2:576:Infinity":212,"s:542:17:542:66":213,"b:543:4:543:Infinity:undefined:undefined:undefined:undefined":87,"s:543:4:543:Infinity":214,"s:543:25:543:Infinity":215,"s:544:22:544:48":216,"s:545:4:545:Infinity":217,"s:546:4:546:Infinity":218,"s:548:4:548:Infinity":219,"s:549:4:549:Infinity":220,"s:551:23:559:6":221,"s:560:22:568:6":222,"s:570:4:575:Infinity":223,"s:578:2:578:Infinity":224,"s:580:22:591:4":225,"b:582:47:582:69:582:72:582:95":88,"s:593:2:597:Infinity":226,"f:600:15:600:40":35,"s:601:22:601:108":227,"b:602:2:602:Infinity:undefined:undefined:undefined:undefined":89,"s:602:2:602:Infinity":228,"s:602:20:602:Infinity":229,"s:603:2:603:Infinity":230,"s:606:0:636:Infinity":231},"fnNames":{}}}
}
